#
# A fatal error has been detected by the Java Runtime Environment:
#
#  SIGSEGV (0xb) at pc=0x00007f3ca1957a3a, pid=26334, tid=0x00007f3cfb6ca700
#
# JRE version: Java(TM) SE Runtime Environment (8.0_121-b13) (build 1.8.0_121-b13)
# Java VM: Java HotSpot(TM) 64-Bit Server VM (25.121-b13 mixed mode linux-amd64 compressed oops)
# Problematic frame:
# C  [libEasyJNI.so+0x11a3a]  JavaVM_::DetachCurrentThread()+0x10
#
# Failed to write core dump. Core dumps have been disabled. To enable core dumping, try "ulimit -c unlimited" before starting Java again
#
# If you would like to submit a bug report, please visit:
#   http://bugreport.java.com/bugreport/crash.jsp
#

---------------  T H R E A D  ---------------

Current thread is native thread

siginfo: si_signo: 11 (SIGSEGV), si_code: 1 (SEGV_MAPERR), si_addr: 0x0000000000000000

Registers:
RAX=0x0000000000000000, RBX=0x00007f3cfb6caa38, RCX=0x00007f3cfb6ca700, RDX=0x00007f3ca195670c
RSP=0x00007f3cfb6c9ea0, RBP=0x00007f3cfb6c9eb0, RSI=0x0000000000000001, RDI=0x0000000000000000
R8 =0x0000000001f14100, R9 =0x00007f3cf4000940, R10=0x0000000000000008, R11=0x0000000000000202
R12=0x0000000000000000, R13=0x00007f3cfb4d6328, R14=0x0000000000000004, R15=0x000000000000001e
RIP=0x00007f3ca1957a3a, EFLAGS=0x0000000000010206, CSGSFS=0x0000000000000033, ERR=0x0000000000000004
  TRAPNO=0x000000000000000e

Top of Stack: (sp=0x00007f3cfb6c9ea0)
0x00007f3cfb6c9ea0:   0000000000000000 0000000000000000
0x00007f3cfb6c9eb0:   00007f3cfb6c9ed0 00007f3ca195672a
0x00007f3cfb6c9ec0:   0000000000000000 00007f3cf40099f8
0x00007f3cfb6c9ed0:   00007f3cfb4d6348 00007f3cfb2c4f82
0x00007f3cfb6c9ee0:   00007f3cfb6ca700 0000000000000000
0x00007f3cfb6c9ef0:   0000000000000000 0000000000000000
0x00007f3cfb6c9f00:   0000000000000000 00007f3cfb6ca9c0
0x00007f3cfb6c9f10:   00007f3cfb6ca700 00007f3cfb2c5197
0x00007f3cfb6c9f20:   0000000000000000 00007f3cfb6ca700
0x00007f3cfb6c9f30:   00007f3cfb6ca700 c4cdb6fb53155f71
0x00007f3cfb6c9f40:   0000000000000000 0000000000000000
0x00007f3cfb6c9f50:   00007f3cfb6ca9c0 00007f3cfb6ca700
0x00007f3cfb6c9f60:   3ab440226d555f71 3ab440a3f18f5f71
0x00007f3cfb6c9f70:   0000000000000000 0000000000000000
0x00007f3cfb6c9f80:   0000000000000000 0000000000000000
0x00007f3cfb6c9f90:   0000000000000000 0000000000000000
0x00007f3cfb6c9fa0:   0000000000000000 0000000000000000
0x00007f3cfb6c9fb0:   00007f3cfb6ca700 00007f3cfabd8bed
0x00007f3cfb6c9fc0:   0000000000000000 0000000000000000
0x00007f3cfb6c9fd0:   0000000000000000 0000000000000000
0x00007f3cfb6c9fe0:   0000000000000000 0000000000000000
0x00007f3cfb6c9ff0:   0000000000000000 0000000000000000
0x00007f3cfb6ca000:   0000000000000000 0000000000000000
0x00007f3cfb6ca010:   0000000000000000 0000000000000000
0x00007f3cfb6ca020:   0000000000000000 0000000000000000
0x00007f3cfb6ca030:   0000000000000000 0000000000000000
0x00007f3cfb6ca040:   0000000000000000 0000000000000000
0x00007f3cfb6ca050:   0000000000000000 0000000000000000
0x00007f3cfb6ca060:   0000000000000000 0000000000000000
0x00007f3cfb6ca070:   0000000000000000 0000000000000000
0x00007f3cfb6ca080:   0000000000000000 0000000000000000
0x00007f3cfb6ca090:   0000000000000000 0000000000000000 

Instructions: (pc=0x00007f3ca1957a3a)
0x00007f3ca1957a1a:   e8 48 8b 75 f0 48 8b 4d f8 48 89 cf ff d0 c9 c3
0x00007f3ca1957a2a:   55 48 89 e5 48 83 ec 10 48 89 7d f8 48 8b 45 f8
0x00007f3ca1957a3a:   48 8b 00 48 8b 40 28 48 8b 55 f8 48 89 d7 ff d0
0x00007f3ca1957a4a:   c9 c3 55 48 89 e5 48 83 ec 20 48 89 7d f8 48 89 

Register to memory mapping:

RAX=0x0000000000000000 is an unknown value
RBX=0x00007f3cfb6caa38 is an unknown value
RCX=0x00007f3cfb6ca700 is an unknown value
RDX=0x00007f3ca195670c: _ZN7EasyJNI5Utils22KeyDetachCurrentThreadEPv+0 in /home/wolverindev/.CLion2016.2/system/cmake/generated/EasyJNI-edd72901/edd72901/Debug/libEasyJNI.so at 0x00007f3ca1946000
RSP=0x00007f3cfb6c9ea0 is an unknown value
RBP=0x00007f3cfb6c9eb0 is an unknown value
RSI=0x0000000000000001 is an unknown value
RDI=0x0000000000000000 is an unknown value
R8 =0x0000000001f14100 is an unknown value
R9 =0x00007f3cf4000940 is an unknown value
R10=0x0000000000000008 is an unknown value
R11=0x0000000000000202 is an unknown value
R12=0x0000000000000000 is an unknown value
R13=0x00007f3cfb4d6328: <offset 0x219328> in /lib/x86_64-linux-gnu/libpthread.so.0 at 0x00007f3cfb2bd000
R14=0x0000000000000004 is an unknown value
R15=0x000000000000001e is an unknown value


Stack: [0x00007f3cfb5ca000,0x00007f3cfb6cb000],  sp=0x00007f3cfb6c9ea0,  free space=1023k
Native frames: (J=compiled Java code, j=interpreted, Vv=VM code, C=native code)
C  [libEasyJNI.so+0x11a3a]  JavaVM_::DetachCurrentThread()+0x10
C  [libEasyJNI.so+0x1072a]  EasyJNI::Utils::KeyDetachCurrentThread(void*)+0x1e


---------------  P R O C E S S  ---------------

VM state:at safepoint (shutting down)

VM Mutex/Monitor currently owned by a thread:  ([mutex/lock_event])
[0x00007f3cf4005f10] Threads_lock - owner thread: 0x00007f3cf4084000

Heap:
 PSYoungGen      total 187392K, used 16077K [0x00000006eec00000, 0x00000006fbd00000, 0x00000007c0000000)
  eden space 160768K, 10% used [0x00000006eec00000,0x00000006efbb3660,0x00000006f8900000)
  from space 26624K, 0% used [0x00000006fa300000,0x00000006fa300000,0x00000006fbd00000)
  to   space 26624K, 0% used [0x00000006f8900000,0x00000006f8900000,0x00000006fa300000)
 ParOldGen       total 429056K, used 0K [0x000000054c400000, 0x0000000566700000, 0x00000006eec00000)
  object space 429056K, 0% used [0x000000054c400000,0x000000054c400000,0x0000000566700000)
 Metaspace       used 3427K, capacity 4638K, committed 4864K, reserved 1056768K
  class space    used 382K, capacity 459K, committed 512K, reserved 1048576K

Card table byte_map: [0x00007f3ce3c61000,0x00007f3ce5000000] byte_map_base: 0x00007f3ce11ff000

Marking Bits: (ParMarkBitMap*) 0x00007f3cfaaadc80
 Begin Bits: [0x00007f3ca4620000, 0x00007f3cae310000)
 End Bits:   [0x00007f3cae310000, 0x00007f3cb8000000)

Polling page: 0x00007f3cfb6fa000

CodeCache: size=245760Kb used=1399Kb max_used=1404Kb free=244360Kb
 bounds [0x00007f3ce5000000, 0x00007f3ce5270000, 0x00007f3cf4000000]
 total_blobs=439 nmethods=188 adapters=165
 compilation: enabled

Compilation events (10 events):
Event: 0,111 Thread 0x00007f3cf40cc800  175       3       java.lang.invoke.MethodTypeForm::parameterSlotCount (9 bytes)
Event: 0,111 Thread 0x00007f3cf40cc800 nmethod 175 0x00007f3ce515a350 code [0x00007f3ce515a4c0, 0x00007f3ce515a690]
Event: 0,111 Thread 0x00007f3cf40cc800  176       3       java.util.Arrays::copyOfRange (95 bytes)
Event: 0,112 Thread 0x00007f3cf40cc800 nmethod 176 0x00007f3ce515a750 code [0x00007f3ce515a9a0, 0x00007f3ce515b858]
Event: 0,112 Thread 0x00007f3cf40cc800  184       3       java.lang.invoke.MethodType$ConcurrentWeakInternSet::get (54 bytes)
Event: 0,112 Thread 0x00007f3cf40c8800 nmethod 185 0x00007f3ce515ed50 code [0x00007f3ce515eea0, 0x00007f3ce515f138]
Event: 0,113 Thread 0x00007f3cf40cc800 nmethod 184 0x00007f3ce515d8d0 code [0x00007f3ce515db00, 0x00007f3ce515e7b8]
Event: 0,113 Thread 0x00007f3cf40cc800  190       3       jdk.internal.org.objectweb.asm.ByteVector::putInt (74 bytes)
Event: 0,113 Thread 0x00007f3cf40cc800 nmethod 190 0x00007f3ce515d350 code [0x00007f3ce515d4c0, 0x00007f3ce515d748]
Event: 0,113 Thread 0x00007f3cf40cc800  188       3       jdk.internal.org.objectweb.asm.ByteVector::<init> (13 bytes)

GC Heap History (0 events):
No events

Deoptimization events (0 events):
No events

Internal exceptions (4 events):
Event: 0,022 Thread 0x00007f3cf4009800 Exception <a 'java/lang/NoSuchMethodError': Method sun.misc.Unsafe.defineClass(Ljava/lang/String;[BII)Ljava/lang/Class; name or signature does not match> (0x00000006eec07ca8) thrown at [/HUDSON3/workspace/8-2-build-linux-amd64/jdk8u121/8372/hotspot/src/sh
Event: 0,022 Thread 0x00007f3cf4009800 Exception <a 'java/lang/NoSuchMethodError': Method sun.misc.Unsafe.prefetchRead(Ljava/lang/Object;J)V name or signature does not match> (0x00000006eec07f90) thrown at [/HUDSON3/workspace/8-2-build-linux-amd64/jdk8u121/8372/hotspot/src/share/vm/prims/jni.c
Event: 0,092 Thread 0x00007f3cf410c000 Exception <a 'java/lang/NoSuchFieldError': method resolution failed> (0x00000006ef635cf0) thrown at [/HUDSON3/workspace/8-2-build-linux-amd64/jdk8u121/8372/hotspot/src/share/vm/prims/methodHandles.cpp, line 1146]
Event: 0,094 Thread 0x00007f3cf410c000 Exception <a 'java/lang/NoSuchFieldError': method resolution failed> (0x00000006ef6430f0) thrown at [/HUDSON3/workspace/8-2-build-linux-amd64/jdk8u121/8372/hotspot/src/share/vm/prims/methodHandles.cpp, line 1146]

Events (10 events):
Event: 0,111 loading class java/lang/invoke/MethodHandleInfo done
Event: 0,111 loading class java/lang/invoke/InfoFromMemberName done
Event: 0,111 loading class java/lang/invoke/InnerClassLambdaMetafactory$ForwardingMethodGenerator
Event: 0,111 loading class java/lang/invoke/TypeConvertingMethodAdapter
Event: 0,111 loading class java/lang/invoke/TypeConvertingMethodAdapter done
Event: 0,111 loading class java/lang/invoke/InnerClassLambdaMetafactory$ForwardingMethodGenerator done
Event: 0,112 loading class java/lang/invoke/InnerClassLambdaMetafactory$1
Event: 0,112 loading class java/lang/invoke/InnerClassLambdaMetafactory$1 done
Event: 0,113 Thread 0x00007f3cf410c000 Thread exited: 0x00007f3cf410c000
Event: 0,113 Thread 0x00007f3cf4009800 Thread exited: 0x00007f3cf4009800


Dynamic libraries:
00400000-00401000 r-xp 00000000 08:22 3020400                            /usr/lib/jvm/java-8-oracle/bin/java
00600000-00601000 rw-p 00000000 08:22 3020400                            /usr/lib/jvm/java-8-oracle/bin/java
01f12000-01f33000 rw-p 00000000 00:00 0                                  [heap]
54c400000-566700000 rw-p 00000000 00:00 0 
566700000-6eec00000 ---p 00000000 00:00 0 
6eec00000-6fbd00000 rw-p 00000000 00:00 0 
6fbd00000-7c0000000 ---p 00000000 00:00 0 
7c0000000-7c0080000 rw-p 00000000 00:00 0 
7c0080000-800000000 ---p 00000000 00:00 0 
7f3c74000000-7f3c74021000 rw-p 00000000 00:00 0 
7f3c74021000-7f3c78000000 ---p 00000000 00:00 0 
7f3c78000000-7f3c780a5000 rw-p 00000000 00:00 0 
7f3c780a5000-7f3c7c000000 ---p 00000000 00:00 0 
7f3c7c000000-7f3c7c1b4000 rw-p 00000000 00:00 0 
7f3c7c1b4000-7f3c80000000 ---p 00000000 00:00 0 
7f3c80000000-7f3c80021000 rw-p 00000000 00:00 0 
7f3c80021000-7f3c84000000 ---p 00000000 00:00 0 
7f3c84000000-7f3c84027000 rw-p 00000000 00:00 0 
7f3c84027000-7f3c88000000 ---p 00000000 00:00 0 
7f3c88000000-7f3c880ca000 rw-p 00000000 00:00 0 
7f3c880ca000-7f3c8c000000 ---p 00000000 00:00 0 
7f3c8c000000-7f3c8c021000 rw-p 00000000 00:00 0 
7f3c8c021000-7f3c90000000 ---p 00000000 00:00 0 
7f3c90000000-7f3c9003f000 rw-p 00000000 00:00 0 
7f3c9003f000-7f3c94000000 ---p 00000000 00:00 0 
7f3c94000000-7f3c94021000 rw-p 00000000 00:00 0 
7f3c94021000-7f3c98000000 ---p 00000000 00:00 0 
7f3c98000000-7f3c98021000 rw-p 00000000 00:00 0 
7f3c98021000-7f3c9c000000 ---p 00000000 00:00 0 
7f3c9c000000-7f3c9c021000 rw-p 00000000 00:00 0 
7f3c9c021000-7f3ca0000000 ---p 00000000 00:00 0 
7f3ca08d0000-7f3ca08d3000 ---p 00000000 00:00 0 
7f3ca08d3000-7f3ca09d1000 rw-p 00000000 00:00 0 
7f3ca09d1000-7f3ca09d4000 ---p 00000000 00:00 0 
7f3ca09d4000-7f3ca11d2000 rw-p 00000000 00:00 0 
7f3ca11d2000-7f3ca11ef000 r-xp 00000000 08:15 26349791                   /home/wolverindev/.CLion2016.2/system/cmake/generated/EasyJNI-edd72901/edd72901/Debug/libEasyJNITest.so
7f3ca11ef000-7f3ca13ef000 ---p 0001d000 08:15 26349791                   /home/wolverindev/.CLion2016.2/system/cmake/generated/EasyJNI-edd72901/edd72901/Debug/libEasyJNITest.so
7f3ca13ef000-7f3ca13f0000 r--p 0001d000 08:15 26349791                   /home/wolverindev/.CLion2016.2/system/cmake/generated/EasyJNI-edd72901/edd72901/Debug/libEasyJNITest.so
7f3ca13f0000-7f3ca13f1000 rw-p 0001e000 08:15 26349791                   /home/wolverindev/.CLion2016.2/system/cmake/generated/EasyJNI-edd72901/edd72901/Debug/libEasyJNITest.so
7f3ca13f1000-7f3ca1407000 r-xp 00000000 08:22 1966176                    /lib/x86_64-linux-gnu/libgcc_s.so.1
7f3ca1407000-7f3ca1606000 ---p 00016000 08:22 1966176                    /lib/x86_64-linux-gnu/libgcc_s.so.1
7f3ca1606000-7f3ca1607000 r--p 00015000 08:22 1966176                    /lib/x86_64-linux-gnu/libgcc_s.so.1
7f3ca1607000-7f3ca1608000 rw-p 00016000 08:22 1966176                    /lib/x86_64-linux-gnu/libgcc_s.so.1
7f3ca1608000-7f3ca170e000 r-xp 00000000 08:22 3027382                    /usr/lib/x86_64-linux-gnu/libstdc++.so.6.0.22
7f3ca170e000-7f3ca190d000 ---p 00106000 08:22 3027382                    /usr/lib/x86_64-linux-gnu/libstdc++.so.6.0.22
7f3ca190d000-7f3ca1915000 r--p 00105000 08:22 3027382                    /usr/lib/x86_64-linux-gnu/libstdc++.so.6.0.22
7f3ca1915000-7f3ca1917000 rw-p 0010d000 08:22 3027382                    /usr/lib/x86_64-linux-gnu/libstdc++.so.6.0.22
7f3ca1917000-7f3ca191a000 rw-p 00000000 00:00 0 
7f3ca1946000-7f3ca1962000 r-xp 00000000 08:15 26349787                   /home/wolverindev/.CLion2016.2/system/cmake/generated/EasyJNI-edd72901/edd72901/Debug/libEasyJNI.so
7f3ca1962000-7f3ca1b61000 ---p 0001c000 08:15 26349787                   /home/wolverindev/.CLion2016.2/system/cmake/generated/EasyJNI-edd72901/edd72901/Debug/libEasyJNI.so
7f3ca1b61000-7f3ca1b62000 r--p 0001b000 08:15 26349787                   /home/wolverindev/.CLion2016.2/system/cmake/generated/EasyJNI-edd72901/edd72901/Debug/libEasyJNI.so
7f3ca1b62000-7f3ca1b63000 rw-p 0001c000 08:15 26349787                   /home/wolverindev/.CLion2016.2/system/cmake/generated/EasyJNI-edd72901/edd72901/Debug/libEasyJNI.so
7f3ca1b63000-7f3ca1b64000 ---p 00000000 00:00 0 
7f3ca1b64000-7f3ca1c64000 rw-p 00000000 00:00 0 
7f3ca1c64000-7f3ca1c67000 ---p 00000000 00:00 0 
7f3ca1c67000-7f3ca1d65000 rw-p 00000000 00:00 0 
7f3ca1d65000-7f3ca1d68000 ---p 00000000 00:00 0 
7f3ca1d68000-7f3ca1e66000 rw-p 00000000 00:00 0 
7f3ca1e66000-7f3ca1e69000 ---p 00000000 00:00 0 
7f3ca1e69000-7f3ca1f67000 rw-p 00000000 00:00 0 
7f3ca1f67000-7f3ca1f6a000 ---p 00000000 00:00 0 
7f3ca1f6a000-7f3ca2068000 rw-p 00000000 00:00 0 
7f3ca2068000-7f3ca206b000 ---p 00000000 00:00 0 
7f3ca206b000-7f3ca2169000 rw-p 00000000 00:00 0 
7f3ca2169000-7f3ca216c000 ---p 00000000 00:00 0 
7f3ca216c000-7f3ca226a000 rw-p 00000000 00:00 0 
7f3ca226a000-7f3ca2abc000 r--p 00000000 08:22 3022318                    /usr/lib/locale/locale-archive
7f3ca2abc000-7f3ca2abf000 ---p 00000000 00:00 0 
7f3ca2abf000-7f3ca2bbd000 rw-p 00000000 00:00 0 
7f3ca2bbd000-7f3ca2bc0000 ---p 00000000 00:00 0 
7f3ca2bc0000-7f3ca2cbe000 rw-p 00000000 00:00 0 
7f3ca2cbe000-7f3ca2cbf000 ---p 00000000 00:00 0 
7f3ca2cbf000-7f3cb8000000 rw-p 00000000 00:00 0 
7f3cb8000000-7f3cb8021000 rw-p 00000000 00:00 0 
7f3cb8021000-7f3cbc000000 ---p 00000000 00:00 0 
7f3cbc000000-7f3cbc021000 rw-p 00000000 00:00 0 
7f3cbc021000-7f3cc0000000 ---p 00000000 00:00 0 
7f3cc0000000-7f3cc0021000 rw-p 00000000 00:00 0 
7f3cc0021000-7f3cc4000000 ---p 00000000 00:00 0 
7f3cc4000000-7f3cc4021000 rw-p 00000000 00:00 0 
7f3cc4021000-7f3cc8000000 ---p 00000000 00:00 0 
7f3cc8000000-7f3cc8021000 rw-p 00000000 00:00 0 
7f3cc8021000-7f3ccc000000 ---p 00000000 00:00 0 
7f3ccc000000-7f3ccc021000 rw-p 00000000 00:00 0 
7f3ccc021000-7f3cd0000000 ---p 00000000 00:00 0 
7f3cd0000000-7f3cd0021000 rw-p 00000000 00:00 0 
7f3cd0021000-7f3cd4000000 ---p 00000000 00:00 0 
7f3cd4000000-7f3cd4021000 rw-p 00000000 00:00 0 
7f3cd4021000-7f3cd8000000 ---p 00000000 00:00 0 
7f3cd8000000-7f3cd8021000 rw-p 00000000 00:00 0 
7f3cd8021000-7f3cdc000000 ---p 00000000 00:00 0 
7f3cdc000000-7f3cdc021000 rw-p 00000000 00:00 0 
7f3cdc021000-7f3ce0000000 ---p 00000000 00:00 0 
7f3ce0000000-7f3ce0a59000 rw-p 00000000 00:00 0 
7f3ce0a59000-7f3ce0c32000 r--s 03d3e000 08:22 3027865                    /usr/lib/jvm/java-8-oracle/jre/lib/rt.jar
7f3ce0c32000-7f3ce10e8000 rw-p 00000000 00:00 0 
7f3ce10e8000-7f3ce14a8000 ---p 00000000 00:00 0 
7f3ce14a8000-7f3ce2846000 rw-p 00000000 00:00 0 
7f3ce2846000-7f3ce2847000 ---p 00000000 00:00 0 
7f3ce2847000-7f3ce2947000 rw-p 00000000 00:00 0 
7f3ce2947000-7f3ce2948000 ---p 00000000 00:00 0 
7f3ce2948000-7f3ce2a48000 rw-p 00000000 00:00 0 
7f3ce2a48000-7f3ce2a49000 ---p 00000000 00:00 0 
7f3ce2a49000-7f3ce2b49000 rw-p 00000000 00:00 0 
7f3ce2b49000-7f3ce2b4a000 ---p 00000000 00:00 0 
7f3ce2b4a000-7f3ce2c4a000 rw-p 00000000 00:00 0 
7f3ce2c4a000-7f3ce2c4b000 ---p 00000000 00:00 0 
7f3ce2c4b000-7f3ce2d4b000 rw-p 00000000 00:00 0 
7f3ce2d4b000-7f3ce2d4c000 ---p 00000000 00:00 0 
7f3ce2d4c000-7f3ce2e4c000 rw-p 00000000 00:00 0 
7f3ce2e4c000-7f3ce2e4d000 ---p 00000000 00:00 0 
7f3ce2e4d000-7f3ce301f000 rw-p 00000000 00:00 0 
7f3ce301f000-7f3ce3c61000 ---p 00000000 00:00 0 
7f3ce3c61000-7f3ce3d33000 rw-p 00000000 00:00 0 
7f3ce3d33000-7f3ce4975000 ---p 00000000 00:00 0 
7f3ce4975000-7f3ce49de000 rw-p 00000000 00:00 0 
7f3ce49de000-7f3ce4fff000 ---p 00000000 00:00 0 
7f3ce4fff000-7f3ce5000000 rw-p 00000000 00:00 0 
7f3ce5000000-7f3ce5270000 rwxp 00000000 00:00 0 
7f3ce5270000-7f3cf4000000 ---p 00000000 00:00 0 
7f3cf4000000-7f3cf4120000 rw-p 00000000 00:00 0 
7f3cf4120000-7f3cf8000000 ---p 00000000 00:00 0 
7f3cf8005000-7f3cf8088000 rw-p 00000000 00:00 0 
7f3cf8088000-7f3cf8089000 ---p 00000000 00:00 0 
7f3cf8089000-7f3cf8189000 rw-p 00000000 00:00 0 
7f3cf8189000-7f3cf818a000 ---p 00000000 00:00 0 
7f3cf818a000-7f3cf828a000 rw-p 00000000 00:00 0 
7f3cf828a000-7f3cf828b000 ---p 00000000 00:00 0 
7f3cf828b000-7f3cf8395000 rw-p 00000000 00:00 0 
7f3cf8395000-7f3cf874b000 ---p 00000000 00:00 0 
7f3cf874b000-7f3cf8765000 r-xp 00000000 08:22 3027599                    /usr/lib/jvm/java-8-oracle/jre/lib/amd64/libzip.so
7f3cf8765000-7f3cf8965000 ---p 0001a000 08:22 3027599                    /usr/lib/jvm/java-8-oracle/jre/lib/amd64/libzip.so
7f3cf8965000-7f3cf8966000 rw-p 0001a000 08:22 3027599                    /usr/lib/jvm/java-8-oracle/jre/lib/amd64/libzip.so
7f3cf8966000-7f3cf8970000 r-xp 00000000 08:22 1979625                    /lib/x86_64-linux-gnu/libnss_files-2.19.so
7f3cf8970000-7f3cf8b6f000 ---p 0000a000 08:22 1979625                    /lib/x86_64-linux-gnu/libnss_files-2.19.so
7f3cf8b6f000-7f3cf8b70000 r--p 00009000 08:22 1979625                    /lib/x86_64-linux-gnu/libnss_files-2.19.so
7f3cf8b70000-7f3cf8b71000 rw-p 0000a000 08:22 1979625                    /lib/x86_64-linux-gnu/libnss_files-2.19.so
7f3cf8b71000-7f3cf8b7c000 r-xp 00000000 08:22 1979602                    /lib/x86_64-linux-gnu/libnss_nis-2.19.so
7f3cf8b7c000-7f3cf8d7b000 ---p 0000b000 08:22 1979602                    /lib/x86_64-linux-gnu/libnss_nis-2.19.so
7f3cf8d7b000-7f3cf8d7c000 r--p 0000a000 08:22 1979602                    /lib/x86_64-linux-gnu/libnss_nis-2.19.so
7f3cf8d7c000-7f3cf8d7d000 rw-p 0000b000 08:22 1979602                    /lib/x86_64-linux-gnu/libnss_nis-2.19.so
7f3cf8d7d000-7f3cf8d94000 r-xp 00000000 08:22 1979619                    /lib/x86_64-linux-gnu/libnsl-2.19.so
7f3cf8d94000-7f3cf8f93000 ---p 00017000 08:22 1979619                    /lib/x86_64-linux-gnu/libnsl-2.19.so
7f3cf8f93000-7f3cf8f94000 r--p 00016000 08:22 1979619                    /lib/x86_64-linux-gnu/libnsl-2.19.so
7f3cf8f94000-7f3cf8f95000 rw-p 00017000 08:22 1979619                    /lib/x86_64-linux-gnu/libnsl-2.19.so
7f3cf8f95000-7f3cf8f97000 rw-p 00000000 00:00 0 
7f3cf8f97000-7f3cf8fa0000 r-xp 00000000 08:22 1979617                    /lib/x86_64-linux-gnu/libnss_compat-2.19.so
7f3cf8fa0000-7f3cf919f000 ---p 00009000 08:22 1979617                    /lib/x86_64-linux-gnu/libnss_compat-2.19.so
7f3cf919f000-7f3cf91a0000 r--p 00008000 08:22 1979617                    /lib/x86_64-linux-gnu/libnss_compat-2.19.so
7f3cf91a0000-7f3cf91a1000 rw-p 00009000 08:22 1979617                    /lib/x86_64-linux-gnu/libnss_compat-2.19.so
7f3cf91a1000-7f3cf91cc000 r-xp 00000000 08:22 3027604                    /usr/lib/jvm/java-8-oracle/jre/lib/amd64/libjava.so
7f3cf91cc000-7f3cf93cb000 ---p 0002b000 08:22 3027604                    /usr/lib/jvm/java-8-oracle/jre/lib/amd64/libjava.so
7f3cf93cb000-7f3cf93cd000 rw-p 0002a000 08:22 3027604                    /usr/lib/jvm/java-8-oracle/jre/lib/amd64/libjava.so
7f3cf93cd000-7f3cf93da000 r-xp 00000000 08:22 3027589                    /usr/lib/jvm/java-8-oracle/jre/lib/amd64/libverify.so
7f3cf93da000-7f3cf95d9000 ---p 0000d000 08:22 3027589                    /usr/lib/jvm/java-8-oracle/jre/lib/amd64/libverify.so
7f3cf95d9000-7f3cf95db000 rw-p 0000c000 08:22 3027589                    /usr/lib/jvm/java-8-oracle/jre/lib/amd64/libverify.so
7f3cf95db000-7f3cf95e2000 r-xp 00000000 08:22 1966119                    /lib/x86_64-linux-gnu/librt-2.19.so
7f3cf95e2000-7f3cf97e1000 ---p 00007000 08:22 1966119                    /lib/x86_64-linux-gnu/librt-2.19.so
7f3cf97e1000-7f3cf97e2000 r--p 00006000 08:22 1966119                    /lib/x86_64-linux-gnu/librt-2.19.so
7f3cf97e2000-7f3cf97e3000 rw-p 00007000 08:22 1966119                    /lib/x86_64-linux-gnu/librt-2.19.so
7f3cf97e3000-7f3cf98e8000 r-xp 00000000 08:22 1979620                    /lib/x86_64-linux-gnu/libm-2.19.so
7f3cf98e8000-7f3cf9ae7000 ---p 00105000 08:22 1979620                    /lib/x86_64-linux-gnu/libm-2.19.so
7f3cf9ae7000-7f3cf9ae8000 r--p 00104000 08:22 1979620                    /lib/x86_64-linux-gnu/libm-2.19.so
7f3cf9ae8000-7f3cf9ae9000 rw-p 00105000 08:22 1979620                    /lib/x86_64-linux-gnu/libm-2.19.so
7f3cf9ae9000-7f3cfa7b7000 r-xp 00000000 08:22 3027548                    /usr/lib/jvm/java-8-oracle/jre/lib/amd64/server/libjvm.so
7f3cfa7b7000-7f3cfa9b7000 ---p 00cce000 08:22 3027548                    /usr/lib/jvm/java-8-oracle/jre/lib/amd64/server/libjvm.so
7f3cfa9b7000-7f3cfaa90000 rw-p 00cce000 08:22 3027548                    /usr/lib/jvm/java-8-oracle/jre/lib/amd64/server/libjvm.so
7f3cfaa90000-7f3cfaadb000 rw-p 00000000 00:00 0 
7f3cfaadb000-7f3cfac99000 r-xp 00000000 08:22 1979616                    /lib/x86_64-linux-gnu/libc-2.19.so
7f3cfac99000-7f3cfae98000 ---p 001be000 08:22 1979616                    /lib/x86_64-linux-gnu/libc-2.19.so
7f3cfae98000-7f3cfae9c000 r--p 001bd000 08:22 1979616                    /lib/x86_64-linux-gnu/libc-2.19.so
7f3cfae9c000-7f3cfae9e000 rw-p 001c1000 08:22 1979616                    /lib/x86_64-linux-gnu/libc-2.19.so
7f3cfae9e000-7f3cfaea3000 rw-p 00000000 00:00 0 
7f3cfaea3000-7f3cfaea6000 r-xp 00000000 08:22 1979626                    /lib/x86_64-linux-gnu/libdl-2.19.so
7f3cfaea6000-7f3cfb0a5000 ---p 00003000 08:22 1979626                    /lib/x86_64-linux-gnu/libdl-2.19.so
7f3cfb0a5000-7f3cfb0a6000 r--p 00002000 08:22 1979626                    /lib/x86_64-linux-gnu/libdl-2.19.so
7f3cfb0a6000-7f3cfb0a7000 rw-p 00003000 08:22 1979626                    /lib/x86_64-linux-gnu/libdl-2.19.so
7f3cfb0a7000-7f3cfb0bc000 r-xp 00000000 08:22 3020629                    /usr/lib/jvm/java-8-oracle/lib/amd64/jli/libjli.so
7f3cfb0bc000-7f3cfb2bc000 ---p 00015000 08:22 3020629                    /usr/lib/jvm/java-8-oracle/lib/amd64/jli/libjli.so
7f3cfb2bc000-7f3cfb2bd000 rw-p 00015000 08:22 3020629                    /usr/lib/jvm/java-8-oracle/lib/amd64/jli/libjli.so
7f3cfb2bd000-7f3cfb2d6000 r-xp 00000000 08:22 1979627                    /lib/x86_64-linux-gnu/libpthread-2.19.so
7f3cfb2d6000-7f3cfb4d5000 ---p 00019000 08:22 1979627                    /lib/x86_64-linux-gnu/libpthread-2.19.so
7f3cfb4d5000-7f3cfb4d6000 r--p 00018000 08:22 1979627                    /lib/x86_64-linux-gnu/libpthread-2.19.so
7f3cfb4d6000-7f3cfb4d7000 rw-p 00019000 08:22 1979627                    /lib/x86_64-linux-gnu/libpthread-2.19.so
7f3cfb4d7000-7f3cfb4db000 rw-p 00000000 00:00 0 
7f3cfb4db000-7f3cfb4fe000 r-xp 00000000 08:22 1979624                    /lib/x86_64-linux-gnu/ld-2.19.so
7f3cfb505000-7f3cfb5ca000 rw-p 00000000 00:00 0 
7f3cfb5ca000-7f3cfb5cd000 ---p 00000000 00:00 0 
7f3cfb5cd000-7f3cfb6d0000 rw-p 00000000 00:00 0 
7f3cfb6d0000-7f3cfb6f1000 rw-p 00000000 00:00 0 
7f3cfb6f1000-7f3cfb6f9000 rw-s 00000000 08:22 405316                     /tmp/hsperfdata_wolverindev/26334 (deleted)
7f3cfb6f9000-7f3cfb6fa000 rw-p 00000000 00:00 0 
7f3cfb6fa000-7f3cfb6fb000 ---p 00000000 00:00 0 
7f3cfb6fb000-7f3cfb6fd000 rw-p 00000000 00:00 0 
7f3cfb6fd000-7f3cfb6fe000 r--p 00022000 08:22 1979624                    /lib/x86_64-linux-gnu/ld-2.19.so
7f3cfb6fe000-7f3cfb6ff000 rw-p 00023000 08:22 1979624                    /lib/x86_64-linux-gnu/ld-2.19.so
7f3cfb6ff000-7f3cfb700000 rw-p 00000000 00:00 0 
7fffe45f1000-7fffe4613000 rw-p 00000000 00:00 0                          [stack]
7fffe4661000-7fffe4663000 r--p 00000000 00:00 0                          [vvar]
7fffe4663000-7fffe4665000 r-xp 00000000 00:00 0                          [vdso]
ffffffffff600000-ffffffffff601000 r-xp 00000000 00:00 0                  [vsyscall]

VM Arguments:
jvm_args: -Dfile.encoding=UTF-8 
java_command: dev.wolveringer.EasyJNI.Main
java_class_path (initial): /home/wolverindev/git/EasyJNI/EasyJNI-Java/target/classes
Launcher Type: SUN_STANDARD

Environment Variables:
JAVA_HOME=/usr/lib/jvm/java-8-oracle
PATH=/home/wolverindev/bin:/home/wolverindev/bin:/usr/local/sbin:/usr/local/bin:/usr/sbin:/usr/bin:/sbin:/bin:/usr/games:/usr/local/games:/usr/lib/jvm/java-8-oracle/bin:/usr/lib/jvm/java-8-oracle/db/bin:/usr/lib/jvm/java-8-oracle/jre/bin:/home/wolverindev/.rvm/bin:/home/wolverindev/.rvm/bin:/home/wolverindev/.rvm/bin
SHELL=/bin/bash
DISPLAY=:0

Signal Handlers:
SIGSEGV: [libjvm.so+0xac78c0], sa_mask[0]=11111111011111111101111111111110, sa_flags=SA_RESTART|SA_SIGINFO
SIGBUS: [libjvm.so+0xac78c0], sa_mask[0]=11111111011111111101111111111110, sa_flags=SA_RESTART|SA_SIGINFO
SIGFPE: [libjvm.so+0x920ac0], sa_mask[0]=11111111011111111101111111111110, sa_flags=SA_RESTART|SA_SIGINFO
SIGPIPE: [libjvm.so+0x920ac0], sa_mask[0]=11111111011111111101111111111110, sa_flags=SA_RESTART|SA_SIGINFO
SIGXFSZ: [libjvm.so+0x920ac0], sa_mask[0]=11111111011111111101111111111110, sa_flags=SA_RESTART|SA_SIGINFO
SIGILL: [libjvm.so+0x920ac0], sa_mask[0]=11111111011111111101111111111110, sa_flags=SA_RESTART|SA_SIGINFO
SIGUSR1: SIG_DFL, sa_mask[0]=00000000000000000000000000000000, sa_flags=none
SIGUSR2: [libjvm.so+0x922300], sa_mask[0]=00100000000000000000000000000000, sa_flags=SA_RESTART|SA_SIGINFO
SIGHUP: [libjvm.so+0x923700], sa_mask[0]=11111111011111111101111111111110, sa_flags=SA_RESTART|SA_SIGINFO
SIGINT: [libjvm.so+0x923700], sa_mask[0]=11111111011111111101111111111110, sa_flags=SA_RESTART|SA_SIGINFO
SIGTERM: [libjvm.so+0x923700], sa_mask[0]=11111111011111111101111111111110, sa_flags=SA_RESTART|SA_SIGINFO
SIGQUIT: [libjvm.so+0x923700], sa_mask[0]=11111111011111111101111111111110, sa_flags=SA_RESTART|SA_SIGINFO


---------------  S Y S T E M  ---------------

OS:DISTRIB_ID=Ubuntu
DISTRIB_RELEASE=14.04
DISTRIB_CODENAME=trusty
DISTRIB_DESCRIPTION="Ubuntu 14.04.5 LTS"

uname:Linux 4.4.0-66-generic #87~14.04.1-Ubuntu SMP Fri Mar 3 17:32:36 UTC 2017 x86_64
libc:glibc 2.19 NPTL 2.19 
rlimit: STACK 8192k, CORE 0k, NPROC 159720, NOFILE 4096, AS infinity
load average:1,81 1,70 1,61

/proc/meminfo:
MemTotal:       41138200 kB
MemFree:         5540432 kB
MemAvailable:   18844252 kB
Buffers:          939936 kB
Cached:         13605976 kB
SwapCached:            0 kB
Active:         26578908 kB
Inactive:        7291048 kB
Active(anon):   19343132 kB
Inactive(anon):  1594872 kB
Active(file):    7235776 kB
Inactive(file):  5696176 kB
Unevictable:         840 kB
Mlocked:             840 kB
SwapTotal:      41875452 kB
SwapFree:       41875452 kB
Dirty:             11272 kB
Writeback:             0 kB
AnonPages:      19324912 kB
Mapped:          2648804 kB
Shmem:           1613968 kB
Slab:             954912 kB
SReclaimable:     807020 kB
SUnreclaim:       147892 kB
KernelStack:       37408 kB
PageTables:       210372 kB
NFS_Unstable:          0 kB
Bounce:                0 kB
WritebackTmp:          0 kB
CommitLimit:    62444552 kB
Committed_AS:   48367916 kB
VmallocTotal:   34359738367 kB
VmallocUsed:           0 kB
VmallocChunk:          0 kB
HardwareCorrupted:     0 kB
AnonHugePages:   6588416 kB
CmaTotal:              0 kB
CmaFree:               0 kB
HugePages_Total:       0
HugePages_Free:        0
HugePages_Rsvd:        0
HugePages_Surp:        0
Hugepagesize:       2048 kB
DirectMap4k:     2358948 kB
DirectMap2M:    19595264 kB
DirectMap1G:    22020096 kB


CPU:total 12 (6 cores per cpu, 2 threads per core) family 6 model 62 stepping 4, cmov, cx8, fxsr, mmx, sse, sse2, sse3, ssse3, sse4.1, sse4.2, popcnt, avx, aes, clmul, erms, ht, tsc, tscinvbit

/proc/cpuinfo:
processor	: 0
vendor_id	: GenuineIntel
cpu family	: 6
model		: 62
model name	: Intel(R) Core(TM) i7-4960X CPU @ 3.60GHz
stepping	: 4
microcode	: 0x416
cpu MHz		: 3599.859
cache size	: 15360 KB
physical id	: 0
siblings	: 12
core id		: 0
cpu cores	: 6
apicid		: 0
initial apicid	: 0
fpu		: yes
fpu_exception	: yes
cpuid level	: 13
wp		: yes
flags		: fpu vme de pse tsc msr pae mce cx8 apic sep mtrr pge mca cmov pat pse36 clflush dts acpi mmx fxsr sse sse2 ss ht tm pbe syscall nx pdpe1gb rdtscp lm constant_tsc arch_perfmon pebs bts rep_good nopl xtopology nonstop_tsc aperfmperf eagerfpu pni pclmulqdq dtes64 monitor ds_cpl vmx est tm2 ssse3 cx16 xtpr pdcm pcid dca sse4_1 sse4_2 x2apic popcnt tsc_deadline_timer aes xsave avx f16c rdrand lahf_lm epb tpr_shadow vnmi flexpriority ept vpid fsgsbase smep erms xsaveopt dtherm ida arat pln pts
bugs		:
bogomips	: 7204.52
clflush size	: 64
cache_alignment	: 64
address sizes	: 46 bits physical, 48 bits virtual
power management:

processor	: 1
vendor_id	: GenuineIntel
cpu family	: 6
model		: 62
model name	: Intel(R) Core(TM) i7-4960X CPU @ 3.60GHz
stepping	: 4
microcode	: 0x416
cpu MHz		: 3600.000
cache size	: 15360 KB
physical id	: 0
siblings	: 12
core id		: 1
cpu cores	: 6
apicid		: 2
initial apicid	: 2
fpu		: yes
fpu_exception	: yes
cpuid level	: 13
wp		: yes
flags		: fpu vme de pse tsc msr pae mce cx8 apic sep mtrr pge mca cmov pat pse36 clflush dts acpi mmx fxsr sse sse2 ss ht tm pbe syscall nx pdpe1gb rdtscp lm constant_tsc arch_perfmon pebs bts rep_good nopl xtopology nonstop_tsc aperfmperf eagerfpu pni pclmulqdq dtes64 monitor ds_cpl vmx est tm2 ssse3 cx16 xtpr pdcm pcid dca sse4_1 sse4_2 x2apic popcnt tsc_deadline_timer aes xsave avx f16c rdrand lahf_lm epb tpr_shadow vnmi flexpriority ept vpid fsgsbase smep erms xsaveopt dtherm ida arat pln pts
bugs		:
bogomips	: 7204.52
clflush size	: 64
cache_alignment	: 64
address sizes	: 46 bits physical, 48 bits virtual
power management:

processor	: 2
vendor_id	: GenuineIntel
cpu family	: 6
model		: 62
model name	: Intel(R) Core(TM) i7-4960X CPU @ 3.60GHz
stepping	: 4
microcode	: 0x416
cpu MHz		: 3599.859
cache size	: 15360 KB
physical id	: 0
siblings	: 12
core id		: 2
cpu cores	: 6
apicid		: 4
initial apicid	: 4
fpu		: yes
fpu_exception	: yes
cpuid level	: 13
wp		: yes
flags		: fpu vme de pse tsc msr pae mce cx8 apic sep mtrr pge mca cmov pat pse36 clflush dts acpi mmx fxsr sse sse2 ss ht tm pbe syscall nx pdpe1gb rdtscp lm constant_tsc arch_perfmon pebs bts rep_good nopl xtopology nonstop_tsc aperfmperf eagerfpu pni pclmulqdq dtes64 monitor ds_cpl vmx est tm2 ssse3 cx16 xtpr pdcm pcid dca sse4_1 sse4_2 x2apic popcnt tsc_deadline_timer aes xsave avx f16c rdrand lahf_lm epb tpr_shadow vnmi flexpriority ept vpid fsgsbase smep erms xsaveopt dtherm ida arat pln pts
bugs		:
bogomips	: 7204.52
clflush size	: 64
cache_alignment	: 64
address sizes	: 46 bits physical, 48 bits virtual
power management:

processor	: 3
vendor_id	: GenuineIntel
cpu family	: 6
model		: 62
model name	: Intel(R) Core(TM) i7-4960X CPU @ 3.60GHz
stepping	: 4
microcode	: 0x416
cpu MHz		: 3599.859
cache size	: 15360 KB
physical id	: 0
siblings	: 12
core id		: 3
cpu cores	: 6
apicid		: 6
initial apicid	: 6
fpu		: yes
fpu_exception	: yes
cpuid level	: 13
wp		: yes
flags		: fpu vme de pse tsc msr pae mce cx8 apic sep mtrr pge mca cmov pat pse36 clflush dts acpi mmx fxsr sse sse2 ss ht tm pbe syscall nx pdpe1gb rdtscp lm constant_tsc arch_perfmon pebs bts rep_good nopl xtopology nonstop_tsc aperfmperf eagerfpu pni pclmulqdq dtes64 monitor ds_cpl vmx est tm2 ssse3 cx16 xtpr pdcm pcid dca sse4_1 sse4_2 x2apic popcnt tsc_deadline_timer aes xsave avx f16c rdrand lahf_lm epb tpr_shadow vnmi flexpriority ept vpid fsgsbase smep erms xsaveopt dtherm ida arat pln pts
bugs		:
bogomips	: 7204.52
clflush size	: 64
cache_alignment	: 64
address sizes	: 46 bits physical, 48 bits virtual
power management:

processor	: 4
vendor_id	: GenuineIntel
cpu family	: 6
model		: 62
model name	: Intel(R) Core(TM) i7-4960X CPU @ 3.60GHz
stepping	: 4
microcode	: 0x416
cpu MHz		: 3600.000
cache size	: 15360 KB
physical id	: 0
siblings	: 12
core id		: 4
cpu cores	: 6
apicid		: 8
initial apicid	: 8
fpu		: yes
fpu_exception	: yes
cpuid level	: 13
wp		: yes
flags		: fpu vme de pse tsc msr pae mce cx8 apic sep mtrr pge mca cmov pat pse36 clflush dts acpi mmx fxsr sse sse2 ss ht tm pbe syscall nx pdpe1gb rdtscp lm constant_tsc arch_perfmon pebs bts rep_good nopl xtopology nonstop_tsc aperfmperf eagerfpu pni pclmulqdq dtes64 monitor ds_cpl vmx est tm2 ssse3 cx16 xtpr pdcm pcid dca sse4_1 sse4_2 x2apic popcnt tsc_deadline_timer aes xsave avx f16c rdrand lahf_lm epb tpr_shadow vnmi flexpriority ept vpid fsgsbase smep erms xsaveopt dtherm ida arat pln pts
bugs		:
bogomips	: 7204.52
clflush size	: 64
cache_alignment	: 64
address sizes	: 46 bits physical, 48 bits virtual
power management:

processor	: 5
vendor_id	: GenuineIntel
cpu family	: 6
model		: 62
model name	: Intel(R) Core(TM) i7-4960X CPU @ 3.60GHz
stepping	: 4
microcode	: 0x416
cpu MHz		: 3600.000
cache size	: 15360 KB
physical id	: 0
siblings	: 12
core id		: 5
cpu cores	: 6
apicid		: 10
initial apicid	: 10
fpu		: yes
fpu_exception	: yes
cpuid level	: 13
wp		: yes
flags		: fpu vme de pse tsc msr pae mce cx8 apic sep mtrr pge mca cmov pat pse36 clflush dts acpi mmx fxsr sse sse2 ss ht tm pbe syscall nx pdpe1gb rdtscp lm constant_tsc arch_perfmon pebs bts rep_good nopl xtopology nonstop_tsc aperfmperf eagerfpu pni pclmulqdq dtes64 monitor ds_cpl vmx est tm2 ssse3 cx16 xtpr pdcm pcid dca sse4_1 sse4_2 x2apic popcnt tsc_deadline_timer aes xsave avx f16c rdrand lahf_lm epb tpr_shadow vnmi flexpriority ept vpid fsgsbase smep erms xsaveopt dtherm ida arat pln pts
bugs		:
bogomips	: 7204.52
clflush size	: 64
cache_alignment	: 64
address sizes	: 46 bits physical, 48 bits virtual
power management:

processor	: 6
vendor_id	: GenuineIntel
cpu family	: 6
model		: 62
model name	: Intel(R) Core(TM) i7-4960X CPU @ 3.60GHz
stepping	: 4
microcode	: 0x416
cpu MHz		: 3600.000
cache size	: 15360 KB
physical id	: 0
siblings	: 12
core id		: 0
cpu cores	: 6
apicid		: 1
initial apicid	: 1
fpu		: yes
fpu_exception	: yes
cpuid level	: 13
wp		: yes
flags		: fpu vme de pse tsc msr pae mce cx8 apic sep mtrr pge mca cmov pat pse36 clflush dts acpi mmx fxsr sse sse2 ss ht tm pbe syscall nx pdpe1gb rdtscp lm constant_tsc arch_perfmon pebs bts rep_good nopl xtopology nonstop_tsc aperfmperf eagerfpu pni pclmulqdq dtes64 monitor ds_cpl vmx est tm2 ssse3 cx16 xtpr pdcm pcid dca sse4_1 sse4_2 x2apic popcnt tsc_deadline_timer aes xsave avx f16c rdrand lahf_lm epb tpr_shadow vnmi flexpriority ept vpid fsgsbase smep erms xsaveopt dtherm ida arat pln pts
bugs		:
bogomips	: 7204.52
clflush size	: 64
cache_alignment	: 64
address sizes	: 46 bits physical, 48 bits virtual
power management:

processor	: 7
vendor_id	: GenuineIntel
cpu family	: 6
model		: 62
model name	: Intel(R) Core(TM) i7-4960X CPU @ 3.60GHz
stepping	: 4
microcode	: 0x416
cpu MHz		: 3600.000
cache size	: 15360 KB
physical id	: 0
siblings	: 12
core id		: 1
cpu cores	: 6
apicid		: 3
initial apicid	: 3
fpu		: yes
fpu_exception	: yes
cpuid level	: 13
wp		: yes
flags		: fpu vme de pse tsc msr pae mce cx8 apic sep mtrr pge mca cmov pat pse36 clflush dts acpi mmx fxsr sse sse2 ss ht tm pbe syscall nx pdpe1gb rdtscp lm constant_tsc arch_perfmon pebs bts rep_good nopl xtopology nonstop_tsc aperfmperf eagerfpu pni pclmulqdq dtes64 monitor ds_cpl vmx est tm2 ssse3 cx16 xtpr pdcm pcid dca sse4_1 sse4_2 x2apic popcnt tsc_deadline_timer aes xsave avx f16c rdrand lahf_lm epb tpr_shadow vnmi flexpriority ept vpid fsgsbase smep erms xsaveopt dtherm ida arat pln pts
bugs		:
bogomips	: 7204.52
clflush size	: 64
cache_alignment	: 64
address sizes	: 46 bits physical, 48 bits virtual
power management:

processor	: 8
vendor_id	: GenuineIntel
cpu family	: 6
model		: 62
model name	: Intel(R) Core(TM) i7-4960X CPU @ 3.60GHz
stepping	: 4
microcode	: 0x416
cpu MHz		: 3600.000
cache size	: 15360 KB
physical id	: 0
siblings	: 12
core id		: 2
cpu cores	: 6
apicid		: 5
initial apicid	: 5
fpu		: yes
fpu_exception	: yes
cpuid level	: 13
wp		: yes
flags		: fpu vme de pse tsc msr pae mce cx8 apic sep mtrr pge mca cmov pat pse36 clflush dts acpi mmx fxsr sse sse2 ss ht tm pbe syscall nx pdpe1gb rdtscp lm constant_tsc arch_perfmon pebs bts rep_good nopl xtopology nonstop_tsc aperfmperf eagerfpu pni pclmulqdq dtes64 monitor ds_cpl vmx est tm2 ssse3 cx16 xtpr pdcm pcid dca sse4_1 sse4_2 x2apic popcnt tsc_deadline_timer aes xsave avx f16c rdrand lahf_lm epb tpr_shadow vnmi flexpriority ept vpid fsgsbase smep erms xsaveopt dtherm ida arat pln pts
bugs		:
bogomips	: 7204.52
clflush size	: 64
cache_alignment	: 64
address sizes	: 46 bits physical, 48 bits virtual
power management:

processor	: 9
vendor_id	: GenuineIntel
cpu family	: 6
model		: 62
model name	: Intel(R) Core(TM) i7-4960X CPU @ 3.60GHz
stepping	: 4
microcode	: 0x416
cpu MHz		: 3599.859
cache size	: 15360 KB
physical id	: 0
siblings	: 12
core id		: 3
cpu cores	: 6
apicid		: 7
initial apicid	: 7
fpu		: yes
fpu_exception	: yes
cpuid level	: 13
wp		: yes
flags		: fpu vme de pse tsc msr pae mce cx8 apic sep mtrr pge mca cmov pat pse36 clflush dts acpi mmx fxsr sse sse2 ss ht tm pbe syscall nx pdpe1gb rdtscp lm constant_tsc arch_perfmon pebs bts rep_good nopl xtopology nonstop_tsc aperfmperf eagerfpu pni pclmulqdq dtes64 monitor ds_cpl vmx est tm2 ssse3 cx16 xtpr pdcm pcid dca sse4_1 sse4_2 x2apic popcnt tsc_deadline_timer aes xsave avx f16c rdrand lahf_lm epb tpr_shadow vnmi flexpriority ept vpid fsgsbase smep erms xsaveopt dtherm ida arat pln pts
bugs		:
bogomips	: 7204.52
clflush size	: 64
cache_alignment	: 64
address sizes	: 46 bits physical, 48 bits virtual
power management:

processor	: 10
vendor_id	: GenuineIntel
cpu family	: 6
model		: 62
model name	: Intel(R) Core(TM) i7-4960X CPU @ 3.60GHz
stepping	: 4
microcode	: 0x416
cpu MHz		: 3600.000
cache size	: 15360 KB
physical id	: 0
siblings	: 12
core id		: 4
cpu cores	: 6
apicid		: 9
initial apicid	: 9
fpu		: yes
fpu_exception	: yes
cpuid level	: 13
wp		: yes
flags		: fpu vme de pse tsc msr pae mce cx8 apic sep mtrr pge mca cmov pat pse36 clflush dts acpi mmx fxsr sse sse2 ss ht tm pbe syscall nx pdpe1gb rdtscp lm constant_tsc arch_perfmon pebs bts rep_good nopl xtopology nonstop_tsc aperfmperf eagerfpu pni pclmulqdq dtes64 monitor ds_cpl vmx est tm2 ssse3 cx16 xtpr pdcm pcid dca sse4_1 sse4_2 x2apic popcnt tsc_deadline_timer aes xsave avx f16c rdrand lahf_lm epb tpr_shadow vnmi flexpriority ept vpid fsgsbase smep erms xsaveopt dtherm ida arat pln pts
bugs		:
bogomips	: 7204.52
clflush size	: 64
cache_alignment	: 64
address sizes	: 46 bits physical, 48 bits virtual
power management:

processor	: 11
vendor_id	: GenuineIntel
cpu family	: 6
model		: 62
model name	: Intel(R) Core(TM) i7-4960X CPU @ 3.60GHz
stepping	: 4
microcode	: 0x416
cpu MHz		: 3599.859
cache size	: 15360 KB
physical id	: 0
siblings	: 12
core id		: 5
cpu cores	: 6
apicid		: 11
initial apicid	: 11
fpu		: yes
fpu_exception	: yes
cpuid level	: 13
wp		: yes
flags		: fpu vme de pse tsc msr pae mce cx8 apic sep mtrr pge mca cmov pat pse36 clflush dts acpi mmx fxsr sse sse2 ss ht tm pbe syscall nx pdpe1gb rdtscp lm constant_tsc arch_perfmon pebs bts rep_good nopl xtopology nonstop_tsc aperfmperf eagerfpu pni pclmulqdq dtes64 monitor ds_cpl vmx est tm2 ssse3 cx16 xtpr pdcm pcid dca sse4_1 sse4_2 x2apic popcnt tsc_deadline_timer aes xsave avx f16c rdrand lahf_lm epb tpr_shadow vnmi flexpriority ept vpid fsgsbase smep erms xsaveopt dtherm ida arat pln pts
bugs		:
bogomips	: 7204.52
clflush size	: 64
cache_alignment	: 64
address sizes	: 46 bits physical, 48 bits virtual
power management:



Memory: 4k page, physical 41138200k(5540432k free), swap 41875452k(41875452k free)

vm_info: Java HotSpot(TM) 64-Bit Server VM (25.121-b13) for linux-amd64 JRE (1.8.0_121-b13), built on Dec 12 2016 16:36:53 by "java_re" with gcc 4.3.0 20080428 (Red Hat 4.3.0-8)

time: Sat Apr 22 13:11:12 2017
elapsed time: 0 seconds (0d 0h 0m 0s)

