#
# A fatal error has been detected by the Java Runtime Environment:
#
#  SIGSEGV (0xb) at pc=0x00007fd75a663d77, pid=24852, tid=0x00007fd75bd31700
#
# JRE version: OpenJDK Runtime Environment (8.0_131-b11) (build 1.8.0_131-8u131-b11-0ubuntu1.16.04.2-b11)
# Java VM: OpenJDK 64-Bit Server VM (25.131-b11 mixed mode linux-amd64 compressed oops)
# Problematic frame:
# V  [libjvm.so+0x67bd77]
#
# Failed to write core dump. Core dumps have been disabled. To enable core dumping, try "ulimit -c unlimited" before starting Java again
#
# If you would like to submit a bug report, please visit:
#   http://bugreport.java.com/bugreport/crash.jsp
#

---------------  T H R E A D  ---------------

Current thread (0x00007fd75400a000):  JavaThread "main" [_thread_in_vm, id=24857, stack(0x00007fd75bc31000,0x00007fd75bd32000)]

siginfo: si_signo: 11 (SIGSEGV), si_code: 1 (SEGV_MAPERR), si_addr: 0x0000000000000008

Registers:
RAX=0x0000000000000000, RBX=0x00007fd75bd30500, RCX=0x00007fd75bd30548, RDX=0x00007fd7540076c8
RSP=0x00007fd75bd30470, RBP=0x00007fd75bd305f0, RSI=0x00007fd75bd304b0, RDI=0x00007fd75bd30500
R8 =0x0000000000000001, R9 =0x00007fd75400a000, R10=0x0000000000000003, R11=0x00007fd740fa8b78
R12=0x00007fd75bd30640, R13=0x00007fd75400a000, R14=0x00007fd75bd30540, R15=0x00007fd75bd304c0
RIP=0x00007fd75a663d77, EFLAGS=0x0000000000010206, CSGSFS=0x002b000000000033, ERR=0x0000000000000004
  TRAPNO=0x000000000000000e

Top of Stack: (sp=0x00007fd75bd30470)
0x00007fd75bd30470:   0000000000000000 0000000000000000
0x00007fd75bd30480:   00007fd75806e2a0 00000007c00605c8
0x00007fd75bd30490:   00007fd75a6726f0 00007fd75400a1e0
0x00007fd75bd304a0:   00007fd75bd304b0 00007fd75bd30610
0x00007fd75bd304b0:   0000000000000000 00007fd75400a000
0x00007fd75bd304c0:   0000000000000000 0000000000000000
0x00007fd75bd304d0:   00007fd7540088f0 00007fd7540072e0
0x00007fd75bd304e0:   00007fd7540072f0 00007fd7540076c8
0x00007fd75bd304f0:   00000000000003d8 00007fd75412a3c8
0x00007fd75bd30500:   00007fd740fa8cc8 00007fd75400a000
0x00007fd75bd30510:   00007fd740fa8cc8 00007fd75400a000
0x00007fd75bd30520:   0000000400000000 895f98732b859300
0x00007fd75bd30530:   00007fd701c5cf81 00007fd75400a000
0x00007fd75bd30540:   00007fd75400a1e0 00007fd75400a4e0
0x00007fd75bd30550:   00007fd75400a000 00007fd75400a000
0x00007fd75bd30560:   00007fd75bd305d0 00007fd75a663792
0x00007fd75bd30570:   00007fd75400a000 0000000000000000
0x00007fd75bd30580:   000000015400a000 0000000000000100
0x00007fd75bd30590:   00007fd7541373b8 00007fd75bd30548
0x00007fd75bd305a0:   00007fd75bd30589 0000000800000001
0x00007fd75bd305b0:   00007fd75bd30700 895f98732b859300
0x00007fd75bd305c0:   00007fd75bd309c0 00007fd75400a000
0x00007fd75bd305d0:   00007fd75400a1e0 00007fd75412a3c8
0x00007fd75bd305e0:   00007fd75bd30640 00007fd75bd306f0
0x00007fd75bd305f0:   00007fd75bd306c0 00007fd75a6677c2
0x00007fd75bd30600:   00007fd75bd307c0 00007fd75407ac88
0x00007fd75bd30610:   000000000000000e 00007fd754138300
0x00007fd75bd30620:   00007fd75400a000 0000000000000000
0x00007fd75bd30630:   00007fd75bd309c0 00007fd701c3f430
0x00007fd75bd30640:   00007fd75ae45750 00007fd75806e2a0
0x00007fd75bd30650:   000000005bd309c0 00007fd700000063
0x00007fd75bd30660:   00007fd75bd30540 0000003000000018 

Instructions: (pc=0x00007fd75a663d77)
0x00007fd75a663d57:   48 8d 85 c0 fe ff ff 48 89 c6 48 89 85 b0 fe ff
0x00007fd75a663d67:   ff e8 a3 f5 d2 ff 48 8b 85 d0 fe ff ff 48 89 df
0x00007fd75a663d77:   48 8b 40 08 0f b7 48 24 48 8b 40 08 48 8b 74 c8
0x00007fd75a663d87:   50 e8 33 22 30 00 48 8d 05 44 18 7e 00 48 8d 7b 

Register to memory mapping:

RAX=0x0000000000000000 is an unknown value
RBX=0x00007fd75bd30500 is pointing into the stack for thread: 0x00007fd75400a000
RCX=0x00007fd75bd30548 is pointing into the stack for thread: 0x00007fd75400a000
RDX=0x00007fd7540076c8 is an unknown value
RSP=0x00007fd75bd30470 is pointing into the stack for thread: 0x00007fd75400a000
RBP=0x00007fd75bd305f0 is pointing into the stack for thread: 0x00007fd75400a000
RSI=0x00007fd75bd304b0 is pointing into the stack for thread: 0x00007fd75400a000
RDI=0x00007fd75bd30500 is pointing into the stack for thread: 0x00007fd75400a000
R8 =0x0000000000000001 is an unknown value
R9 =0x00007fd75400a000 is a thread
R10=0x0000000000000003 is an unknown value
R11=0x00007fd740fa8b78 is pointing into metadata
R12=0x00007fd75bd30640 is pointing into the stack for thread: 0x00007fd75400a000
R13=0x00007fd75400a000 is a thread
R14=0x00007fd75bd30540 is pointing into the stack for thread: 0x00007fd75400a000
R15=0x00007fd75bd304c0 is pointing into the stack for thread: 0x00007fd75400a000


Stack: [0x00007fd75bc31000,0x00007fd75bd32000],  sp=0x00007fd75bd30470,  free space=1021k
Native frames: (J=compiled Java code, j=interpreted, Vv=VM code, C=native code)
V  [libjvm.so+0x67bd77]
V  [libjvm.so+0x67f7c2]
C  [libEasyJNITest.so+0x19bf5]  JNIEnv_::CallVoidMethod(_jobject*, _jmethodID*, ...)+0xc7
C  [libEasyJNITest.so+0x227aa]  JNIMethodeInvoker<void>::callInstance(JavaMethode*)+0x67
C  [libEasyJNITest.so+0x20fcb]  JavaMethodeImpl<void>::call()+0x3f
C  [libEasyJNITest.so+0x1953d]  testMethode(JNIEnv_*, _jclass*)+0x22c
j  dev.wolveringer.EasyJNI.Main.runNativeTests()V+0
j  dev.wolveringer.EasyJNI.Main.main([Ljava/lang/String;)V+19
v  ~StubRoutines::call_stub
V  [libjvm.so+0x66211b]
V  [libjvm.so+0x683e5e]
V  [libjvm.so+0x68678f]
C  [libjli.so+0x3552]
C  [libjli.so+0x73dd]
C  [libpthread.so.0+0x76ba]  start_thread+0xca

Java frames: (J=compiled Java code, j=interpreted, Vv=VM code)
j  dev.wolveringer.EasyJNI.Main.runNativeTests()V+0
j  dev.wolveringer.EasyJNI.Main.main([Ljava/lang/String;)V+19
v  ~StubRoutines::call_stub

---------------  P R O C E S S  ---------------

Java Threads: ( => current thread )
  0x00007fd7540d0800 JavaThread "Service Thread" daemon [_thread_blocked, id=24876, stack(0x00007fd701f80000,0x00007fd702081000)]
  0x00007fd7540c3800 JavaThread "C1 CompilerThread3" daemon [_thread_blocked, id=24875, stack(0x00007fd702081000,0x00007fd702182000)]
  0x00007fd7540bf000 JavaThread "C2 CompilerThread2" daemon [_thread_blocked, id=24874, stack(0x00007fd702182000,0x00007fd702283000)]
  0x00007fd7540bd000 JavaThread "C2 CompilerThread1" daemon [_thread_blocked, id=24873, stack(0x00007fd702283000,0x00007fd702384000)]
  0x00007fd7540ba000 JavaThread "C2 CompilerThread0" daemon [_thread_blocked, id=24872, stack(0x00007fd702384000,0x00007fd702485000)]
  0x00007fd7540b8000 JavaThread "Signal Dispatcher" daemon [_thread_blocked, id=24871, stack(0x00007fd702485000,0x00007fd702586000)]
  0x00007fd75408f800 JavaThread "Finalizer" daemon [_thread_blocked, id=24870, stack(0x00007fd7029dc000,0x00007fd702add000)]
  0x00007fd75408b000 JavaThread "Reference Handler" daemon [_thread_blocked, id=24869, stack(0x00007fd702add000,0x00007fd702bde000)]
=>0x00007fd75400a000 JavaThread "main" [_thread_in_vm, id=24857, stack(0x00007fd75bc31000,0x00007fd75bd32000)]

Other Threads:
  0x00007fd754083800 VMThread [stack: 0x00007fd702bde000,0x00007fd702cdf000] [id=24868]
  0x00007fd7540d3000 WatcherThread [stack: 0x00007fd701e7f000,0x00007fd701f80000] [id=24877]

VM state:not at safepoint (normal execution)

VM Mutex/Monitor currently owned by a thread: None

Heap:
 PSYoungGen      total 187392K, used 6430K [0x00000006eec00000, 0x00000006fbd00000, 0x00000007c0000000)
  eden space 160768K, 4% used [0x00000006eec00000,0x00000006ef247b08,0x00000006f8900000)
  from space 26624K, 0% used [0x00000006fa300000,0x00000006fa300000,0x00000006fbd00000)
  to   space 26624K, 0% used [0x00000006f8900000,0x00000006f8900000,0x00000006fa300000)
 ParOldGen       total 429056K, used 0K [0x000000054c400000, 0x0000000566700000, 0x00000006eec00000)
  object space 429056K, 0% used [0x000000054c400000,0x000000054c400000,0x0000000566700000)
 Metaspace       used 2568K, capacity 4496K, committed 4864K, reserved 1056768K
  class space    used 271K, capacity 388K, committed 512K, reserved 1048576K

Card table byte_map: [0x00007fd743c61000,0x00007fd745000000] byte_map_base: 0x00007fd7411ff000

Marking Bits: (ParMarkBitMap*) 0x00007fd75af08260
 Begin Bits: [0x00007fd704620000, 0x00007fd70e310000)
 End Bits:   [0x00007fd70e310000, 0x00007fd718000000)

Polling page: 0x00007fd75bd5a000

CodeCache: size=245760Kb used=1089Kb max_used=1089Kb free=244670Kb
 bounds [0x00007fd745000000, 0x00007fd745270000, 0x00007fd754000000]
 total_blobs=246 nmethods=17 adapters=145
 compilation: enabled

Compilation events (10 events):
Event: 0,054 Thread 0x00007fd7540c3800   13       3       java.lang.AbstractStringBuilder::append (50 bytes)
Event: 0,054 Thread 0x00007fd7540c3800 nmethod 13 0x00007fd74510d290 code [0x00007fd74510d460, 0x00007fd74510dbb8]
Event: 0,054 Thread 0x00007fd7540c3800   14       3       java.lang.String::getChars (62 bytes)
Event: 0,054 Thread 0x00007fd7540c3800 nmethod 14 0x00007fd74510ded0 code [0x00007fd74510e080, 0x00007fd74510e4b8]
Event: 0,055 Thread 0x00007fd7540c3800   15       3       java.lang.System::getSecurityManager (4 bytes)
Event: 0,055 Thread 0x00007fd7540c3800 nmethod 15 0x00007fd74510bf90 code [0x00007fd74510c0e0, 0x00007fd74510c230]
Event: 0,055 Thread 0x00007fd7540c3800   16       3       sun.nio.cs.UTF_8$Encoder::encode (359 bytes)
Event: 0,056 Thread 0x00007fd7540c3800 nmethod 16 0x00007fd74510e6d0 code [0x00007fd74510e8c0, 0x00007fd74510f3f8]
Event: 0,057 Thread 0x00007fd7540c3800   17       3       java.util.Arrays::copyOfRange (63 bytes)
Event: 0,058 Thread 0x00007fd7540c3800 nmethod 17 0x00007fd74510fa50 code [0x00007fd74510fc60, 0x00007fd745110798]

GC Heap History (0 events):
No events

Deoptimization events (0 events):
No events

Internal exceptions (2 events):
Event: 0,016 Thread 0x00007fd75400a000 Exception <a 'java/lang/NoSuchMethodError': Method sun.misc.Unsafe.defineClass(Ljava/lang/String;[BII)Ljava/lang/Class; name or signature does not match> (0x00000006eec07ca8) thrown at [/build/openjdk-8-VTMhfL/openjdk-8-8u131-b11/src/hotspot/src/share/vm/
Event: 0,016 Thread 0x00007fd75400a000 Exception <a 'java/lang/NoSuchMethodError': Method sun.misc.Unsafe.prefetchRead(Ljava/lang/Object;J)V name or signature does not match> (0x00000006eec07f90) thrown at [/build/openjdk-8-VTMhfL/openjdk-8-8u131-b11/src/hotspot/src/share/vm/prims/jni.cpp, lin

Events (10 events):
Event: 0,056 loading class java/nio/charset/CoderResult$2
Event: 0,056 loading class java/nio/charset/CoderResult$2 done
Event: 0,057 loading class dev/wolveringer/EasyJNI/test/TestStaticFields
Event: 0,057 loading class dev/wolveringer/EasyJNI/test/TestStaticFields done
Event: 0,057 loading class dev/wolveringer/EasyJNI/test/instance/InformationHolder
Event: 0,057 loading class dev/wolveringer/EasyJNI/test/instance/InformationHolder done
Event: 0,057 loading class java/util/concurrent/ConcurrentHashMap$ForwardingNode
Event: 0,057 loading class java/util/concurrent/ConcurrentHashMap$ForwardingNode done
Event: 0,058 loading class dev/wolveringer/EasyJNI/test/instance/BasicClass
Event: 0,058 loading class dev/wolveringer/EasyJNI/test/instance/BasicClass done


Dynamic libraries:
00400000-00401000 r-xp 00000000 08:21 1319275                            /usr/lib/jvm/java-8-openjdk-amd64/jre/bin/java
00600000-00601000 r--p 00000000 08:21 1319275                            /usr/lib/jvm/java-8-openjdk-amd64/jre/bin/java
00601000-00602000 rw-p 00001000 08:21 1319275                            /usr/lib/jvm/java-8-openjdk-amd64/jre/bin/java
011a1000-011c2000 rw-p 00000000 00:00 0                                  [heap]
54c400000-566700000 rw-p 00000000 00:00 0 
566700000-6eec00000 ---p 00000000 00:00 0 
6eec00000-6fbd00000 rw-p 00000000 00:00 0 
6fbd00000-7c0000000 ---p 00000000 00:00 0 
7c0000000-7c0080000 rw-p 00000000 00:00 0 
7c0080000-800000000 ---p 00000000 00:00 0 
7fd6d4000000-7fd6d4021000 rw-p 00000000 00:00 0 
7fd6d4021000-7fd6d8000000 ---p 00000000 00:00 0 
7fd6dc000000-7fd6dc036000 rw-p 00000000 00:00 0 
7fd6dc036000-7fd6e0000000 ---p 00000000 00:00 0 
7fd6e0000000-7fd6e0021000 rw-p 00000000 00:00 0 
7fd6e0021000-7fd6e4000000 ---p 00000000 00:00 0 
7fd6e4000000-7fd6e4021000 rw-p 00000000 00:00 0 
7fd6e4021000-7fd6e8000000 ---p 00000000 00:00 0 
7fd6e8000000-7fd6e8021000 rw-p 00000000 00:00 0 
7fd6e8021000-7fd6ec000000 ---p 00000000 00:00 0 
7fd6ec000000-7fd6ec021000 rw-p 00000000 00:00 0 
7fd6ec021000-7fd6f0000000 ---p 00000000 00:00 0 
7fd6f0000000-7fd6f0056000 rw-p 00000000 00:00 0 
7fd6f0056000-7fd6f4000000 ---p 00000000 00:00 0 
7fd6f4000000-7fd6f4021000 rw-p 00000000 00:00 0 
7fd6f4021000-7fd6f8000000 ---p 00000000 00:00 0 
7fd6f8000000-7fd6f8021000 rw-p 00000000 00:00 0 
7fd6f8021000-7fd6fc000000 ---p 00000000 00:00 0 
7fd6fc000000-7fd6fc021000 rw-p 00000000 00:00 0 
7fd6fc021000-7fd700000000 ---p 00000000 00:00 0 
7fd701a13000-7fd701a3f000 r-xp 00000000 08:15 26349791                   /home/wolverindev/.CLion2016.2/system/cmake/generated/EasyJNI-edd72901/edd72901/Debug/libEasyJNITest.so
7fd701a3f000-7fd701c3e000 ---p 0002c000 08:15 26349791                   /home/wolverindev/.CLion2016.2/system/cmake/generated/EasyJNI-edd72901/edd72901/Debug/libEasyJNITest.so
7fd701c3e000-7fd701c3f000 r--p 0002b000 08:15 26349791                   /home/wolverindev/.CLion2016.2/system/cmake/generated/EasyJNI-edd72901/edd72901/Debug/libEasyJNITest.so
7fd701c3f000-7fd701c40000 rw-p 0002c000 08:15 26349791                   /home/wolverindev/.CLion2016.2/system/cmake/generated/EasyJNI-edd72901/edd72901/Debug/libEasyJNITest.so
7fd701c40000-7fd701c63000 r-xp 00000000 08:15 26349787                   /home/wolverindev/.CLion2016.2/system/cmake/generated/EasyJNI-edd72901/edd72901/Debug/libEasyJNI.so
7fd701c63000-7fd701e62000 ---p 00023000 08:15 26349787                   /home/wolverindev/.CLion2016.2/system/cmake/generated/EasyJNI-edd72901/edd72901/Debug/libEasyJNI.so
7fd701e62000-7fd701e63000 r--p 00022000 08:15 26349787                   /home/wolverindev/.CLion2016.2/system/cmake/generated/EasyJNI-edd72901/edd72901/Debug/libEasyJNI.so
7fd701e63000-7fd701e64000 rw-p 00023000 08:15 26349787                   /home/wolverindev/.CLion2016.2/system/cmake/generated/EasyJNI-edd72901/edd72901/Debug/libEasyJNI.so
7fd701e64000-7fd701e7f000 r--s 001d6000 08:21 1319197                    /usr/lib/jvm/java-8-openjdk-amd64/jre/lib/ext/nashorn.jar
7fd701e7f000-7fd701e80000 ---p 00000000 00:00 0 
7fd701e80000-7fd701f80000 rw-p 00000000 00:00 0 
7fd701f80000-7fd701f83000 ---p 00000000 00:00 0 
7fd701f83000-7fd702081000 rw-p 00000000 00:00 0 
7fd702081000-7fd702084000 ---p 00000000 00:00 0 
7fd702084000-7fd702182000 rw-p 00000000 00:00 0 
7fd702182000-7fd702185000 ---p 00000000 00:00 0 
7fd702185000-7fd702283000 rw-p 00000000 00:00 0 
7fd702283000-7fd702286000 ---p 00000000 00:00 0 
7fd702286000-7fd702384000 rw-p 00000000 00:00 0 
7fd702384000-7fd702387000 ---p 00000000 00:00 0 
7fd702387000-7fd702485000 rw-p 00000000 00:00 0 
7fd702485000-7fd702488000 ---p 00000000 00:00 0 
7fd702488000-7fd702586000 rw-p 00000000 00:00 0 
7fd702586000-7fd7029dc000 r--p 00000000 08:21 1180688                    /usr/lib/locale/locale-archive
7fd7029dc000-7fd7029df000 ---p 00000000 00:00 0 
7fd7029df000-7fd702add000 rw-p 00000000 00:00 0 
7fd702add000-7fd702ae0000 ---p 00000000 00:00 0 
7fd702ae0000-7fd702bde000 rw-p 00000000 00:00 0 
7fd702bde000-7fd702bdf000 ---p 00000000 00:00 0 
7fd702bdf000-7fd718000000 rw-p 00000000 00:00 0 
7fd718000000-7fd718021000 rw-p 00000000 00:00 0 
7fd718021000-7fd71c000000 ---p 00000000 00:00 0 
7fd71c000000-7fd71c021000 rw-p 00000000 00:00 0 
7fd71c021000-7fd720000000 ---p 00000000 00:00 0 
7fd720000000-7fd720021000 rw-p 00000000 00:00 0 
7fd720021000-7fd724000000 ---p 00000000 00:00 0 
7fd724000000-7fd724021000 rw-p 00000000 00:00 0 
7fd724021000-7fd728000000 ---p 00000000 00:00 0 
7fd728000000-7fd728021000 rw-p 00000000 00:00 0 
7fd728021000-7fd72c000000 ---p 00000000 00:00 0 
7fd72c000000-7fd72c021000 rw-p 00000000 00:00 0 
7fd72c021000-7fd730000000 ---p 00000000 00:00 0 
7fd730000000-7fd730021000 rw-p 00000000 00:00 0 
7fd730021000-7fd734000000 ---p 00000000 00:00 0 
7fd734000000-7fd734021000 rw-p 00000000 00:00 0 
7fd734021000-7fd738000000 ---p 00000000 00:00 0 
7fd738000000-7fd738021000 rw-p 00000000 00:00 0 
7fd738021000-7fd73c000000 ---p 00000000 00:00 0 
7fd73c000000-7fd73c021000 rw-p 00000000 00:00 0 
7fd73c021000-7fd740000000 ---p 00000000 00:00 0 
7fd740017000-7fd740962000 rw-p 00000000 00:00 0 
7fd740962000-7fd740b31000 r--s 03c07000 08:21 1319238                    /usr/lib/jvm/java-8-openjdk-amd64/jre/lib/rt.jar
7fd740b31000-7fd740fe7000 rw-p 00000000 00:00 0 
7fd740fe7000-7fd7413a7000 ---p 00000000 00:00 0 
7fd7413a7000-7fd742745000 rw-p 00000000 00:00 0 
7fd742745000-7fd742746000 ---p 00000000 00:00 0 
7fd742746000-7fd742846000 rw-p 00000000 00:00 0 
7fd742846000-7fd742847000 ---p 00000000 00:00 0 
7fd742847000-7fd742947000 rw-p 00000000 00:00 0 
7fd742947000-7fd742948000 ---p 00000000 00:00 0 
7fd742948000-7fd742a48000 rw-p 00000000 00:00 0 
7fd742a48000-7fd742a49000 ---p 00000000 00:00 0 
7fd742a49000-7fd742b49000 rw-p 00000000 00:00 0 
7fd742b49000-7fd742b4a000 ---p 00000000 00:00 0 
7fd742b4a000-7fd742c4a000 rw-p 00000000 00:00 0 
7fd742c4a000-7fd742c4b000 ---p 00000000 00:00 0 
7fd742c4b000-7fd742d4b000 rw-p 00000000 00:00 0 
7fd742d4b000-7fd742d4c000 ---p 00000000 00:00 0 
7fd742d4c000-7fd742e4c000 rw-p 00000000 00:00 0 
7fd742e4c000-7fd742e4d000 ---p 00000000 00:00 0 
7fd742e4d000-7fd74301f000 rw-p 00000000 00:00 0 
7fd74301f000-7fd743c61000 ---p 00000000 00:00 0 
7fd743c61000-7fd743d33000 rw-p 00000000 00:00 0 
7fd743d33000-7fd744975000 ---p 00000000 00:00 0 
7fd744975000-7fd7449de000 rw-p 00000000 00:00 0 
7fd7449de000-7fd744fff000 ---p 00000000 00:00 0 
7fd744fff000-7fd745000000 rw-p 00000000 00:00 0 
7fd745000000-7fd745270000 rwxp 00000000 00:00 0 
7fd745270000-7fd754000000 ---p 00000000 00:00 0 
7fd754000000-7fd75415e000 rw-p 00000000 00:00 0 
7fd75415e000-7fd758000000 ---p 00000000 00:00 0 
7fd758002000-7fd75801d000 r--s 00394000 08:21 1319195                    /usr/lib/jvm/java-8-openjdk-amd64/jre/lib/ext/cldrdata.jar
7fd75801d000-7fd7580ed000 rw-p 00000000 00:00 0 
7fd7580ed000-7fd7580ee000 ---p 00000000 00:00 0 
7fd7580ee000-7fd7581ee000 rw-p 00000000 00:00 0 
7fd7581ee000-7fd7581ef000 ---p 00000000 00:00 0 
7fd7581ef000-7fd7582f9000 rw-p 00000000 00:00 0 
7fd7582f9000-7fd7586af000 ---p 00000000 00:00 0 
7fd7586af000-7fd7586b7000 r-xp 00000000 08:21 1319216                    /usr/lib/jvm/java-8-openjdk-amd64/jre/lib/amd64/libzip.so
7fd7586b7000-7fd7588b6000 ---p 00008000 08:21 1319216                    /usr/lib/jvm/java-8-openjdk-amd64/jre/lib/amd64/libzip.so
7fd7588b6000-7fd7588b7000 r--p 00007000 08:21 1319216                    /usr/lib/jvm/java-8-openjdk-amd64/jre/lib/amd64/libzip.so
7fd7588b7000-7fd7588b8000 rw-p 00008000 08:21 1319216                    /usr/lib/jvm/java-8-openjdk-amd64/jre/lib/amd64/libzip.so
7fd7588b8000-7fd7588c3000 r-xp 00000000 08:21 3539034                    /lib/x86_64-linux-gnu/libnss_files-2.23.so
7fd7588c3000-7fd758ac2000 ---p 0000b000 08:21 3539034                    /lib/x86_64-linux-gnu/libnss_files-2.23.so
7fd758ac2000-7fd758ac3000 r--p 0000a000 08:21 3539034                    /lib/x86_64-linux-gnu/libnss_files-2.23.so
7fd758ac3000-7fd758ac4000 rw-p 0000b000 08:21 3539034                    /lib/x86_64-linux-gnu/libnss_files-2.23.so
7fd758ac4000-7fd758aca000 rw-p 00000000 00:00 0 
7fd758aca000-7fd758ad5000 r-xp 00000000 08:21 3539027                    /lib/x86_64-linux-gnu/libnss_nis-2.23.so
7fd758ad5000-7fd758cd4000 ---p 0000b000 08:21 3539027                    /lib/x86_64-linux-gnu/libnss_nis-2.23.so
7fd758cd4000-7fd758cd5000 r--p 0000a000 08:21 3539027                    /lib/x86_64-linux-gnu/libnss_nis-2.23.so
7fd758cd5000-7fd758cd6000 rw-p 0000b000 08:21 3539027                    /lib/x86_64-linux-gnu/libnss_nis-2.23.so
7fd758cd6000-7fd758cec000 r-xp 00000000 08:21 3539029                    /lib/x86_64-linux-gnu/libnsl-2.23.so
7fd758cec000-7fd758eeb000 ---p 00016000 08:21 3539029                    /lib/x86_64-linux-gnu/libnsl-2.23.so
7fd758eeb000-7fd758eec000 r--p 00015000 08:21 3539029                    /lib/x86_64-linux-gnu/libnsl-2.23.so
7fd758eec000-7fd758eed000 rw-p 00016000 08:21 3539029                    /lib/x86_64-linux-gnu/libnsl-2.23.so
7fd758eed000-7fd758eef000 rw-p 00000000 00:00 0 
7fd758eef000-7fd758ef7000 r-xp 00000000 08:21 3539036                    /lib/x86_64-linux-gnu/libnss_compat-2.23.so
7fd758ef7000-7fd7590f6000 ---p 00008000 08:21 3539036                    /lib/x86_64-linux-gnu/libnss_compat-2.23.so
7fd7590f6000-7fd7590f7000 r--p 00007000 08:21 3539036                    /lib/x86_64-linux-gnu/libnss_compat-2.23.so
7fd7590f7000-7fd7590f8000 rw-p 00008000 08:21 3539036                    /lib/x86_64-linux-gnu/libnss_compat-2.23.so
7fd7590f8000-7fd759125000 r-xp 00000000 08:21 1319211                    /usr/lib/jvm/java-8-openjdk-amd64/jre/lib/amd64/libjava.so
7fd759125000-7fd759324000 ---p 0002d000 08:21 1319211                    /usr/lib/jvm/java-8-openjdk-amd64/jre/lib/amd64/libjava.so
7fd759324000-7fd759325000 r--p 0002c000 08:21 1319211                    /usr/lib/jvm/java-8-openjdk-amd64/jre/lib/amd64/libjava.so
7fd759325000-7fd759327000 rw-p 0002d000 08:21 1319211                    /usr/lib/jvm/java-8-openjdk-amd64/jre/lib/amd64/libjava.so
7fd759327000-7fd759336000 r-xp 00000000 08:21 1319208                    /usr/lib/jvm/java-8-openjdk-amd64/jre/lib/amd64/libverify.so
7fd759336000-7fd759535000 ---p 0000f000 08:21 1319208                    /usr/lib/jvm/java-8-openjdk-amd64/jre/lib/amd64/libverify.so
7fd759535000-7fd759537000 r--p 0000e000 08:21 1319208                    /usr/lib/jvm/java-8-openjdk-amd64/jre/lib/amd64/libverify.so
7fd759537000-7fd759538000 rw-p 00010000 08:21 1319208                    /usr/lib/jvm/java-8-openjdk-amd64/jre/lib/amd64/libverify.so
7fd759538000-7fd75953f000 r-xp 00000000 08:21 3539037                    /lib/x86_64-linux-gnu/librt-2.23.so
7fd75953f000-7fd75973e000 ---p 00007000 08:21 3539037                    /lib/x86_64-linux-gnu/librt-2.23.so
7fd75973e000-7fd75973f000 r--p 00006000 08:21 3539037                    /lib/x86_64-linux-gnu/librt-2.23.so
7fd75973f000-7fd759740000 rw-p 00007000 08:21 3539037                    /lib/x86_64-linux-gnu/librt-2.23.so
7fd759740000-7fd759756000 r-xp 00000000 08:21 3543476                    /lib/x86_64-linux-gnu/libgcc_s.so.1
7fd759756000-7fd759955000 ---p 00016000 08:21 3543476                    /lib/x86_64-linux-gnu/libgcc_s.so.1
7fd759955000-7fd759956000 r--p 00015000 08:21 3543476                    /lib/x86_64-linux-gnu/libgcc_s.so.1
7fd759956000-7fd759957000 rw-p 00016000 08:21 3543476                    /lib/x86_64-linux-gnu/libgcc_s.so.1
7fd759957000-7fd759a5f000 r-xp 00000000 08:21 3539028                    /lib/x86_64-linux-gnu/libm-2.23.so
7fd759a5f000-7fd759c5e000 ---p 00108000 08:21 3539028                    /lib/x86_64-linux-gnu/libm-2.23.so
7fd759c5e000-7fd759c5f000 r--p 00107000 08:21 3539028                    /lib/x86_64-linux-gnu/libm-2.23.so
7fd759c5f000-7fd759c60000 rw-p 00108000 08:21 3539028                    /lib/x86_64-linux-gnu/libm-2.23.so
7fd759c60000-7fd759dd8000 r-xp 00000000 08:21 1181117                    /usr/lib/x86_64-linux-gnu/libstdc++.so.6.0.22
7fd759dd8000-7fd759fd8000 ---p 00178000 08:21 1181117                    /usr/lib/x86_64-linux-gnu/libstdc++.so.6.0.22
7fd759fd8000-7fd759fe2000 r--p 00178000 08:21 1181117                    /usr/lib/x86_64-linux-gnu/libstdc++.so.6.0.22
7fd759fe2000-7fd759fe4000 rw-p 00182000 08:21 1181117                    /usr/lib/x86_64-linux-gnu/libstdc++.so.6.0.22
7fd759fe4000-7fd759fe8000 rw-p 00000000 00:00 0 
7fd759fe8000-7fd75ac39000 r-xp 00000000 08:21 1319207                    /usr/lib/jvm/java-8-openjdk-amd64/jre/lib/amd64/server/libjvm.so
7fd75ac39000-7fd75ae39000 ---p 00c51000 08:21 1319207                    /usr/lib/jvm/java-8-openjdk-amd64/jre/lib/amd64/server/libjvm.so
7fd75ae39000-7fd75aecc000 r--p 00c51000 08:21 1319207                    /usr/lib/jvm/java-8-openjdk-amd64/jre/lib/amd64/server/libjvm.so
7fd75aecc000-7fd75aef5000 rw-p 00ce4000 08:21 1319207                    /usr/lib/jvm/java-8-openjdk-amd64/jre/lib/amd64/server/libjvm.so
7fd75aef5000-7fd75af25000 rw-p 00000000 00:00 0 
7fd75af25000-7fd75af3d000 r-xp 00000000 08:21 3539041                    /lib/x86_64-linux-gnu/libpthread-2.23.so
7fd75af3d000-7fd75b13c000 ---p 00018000 08:21 3539041                    /lib/x86_64-linux-gnu/libpthread-2.23.so
7fd75b13c000-7fd75b13d000 r--p 00017000 08:21 3539041                    /lib/x86_64-linux-gnu/libpthread-2.23.so
7fd75b13d000-7fd75b13e000 rw-p 00018000 08:21 3539041                    /lib/x86_64-linux-gnu/libpthread-2.23.so
7fd75b13e000-7fd75b142000 rw-p 00000000 00:00 0 
7fd75b142000-7fd75b145000 r-xp 00000000 08:21 3538969                    /lib/x86_64-linux-gnu/libdl-2.23.so
7fd75b145000-7fd75b344000 ---p 00003000 08:21 3538969                    /lib/x86_64-linux-gnu/libdl-2.23.so
7fd75b344000-7fd75b345000 r--p 00002000 08:21 3538969                    /lib/x86_64-linux-gnu/libdl-2.23.so
7fd75b345000-7fd75b346000 rw-p 00003000 08:21 3538969                    /lib/x86_64-linux-gnu/libdl-2.23.so
7fd75b346000-7fd75b35f000 r-xp 00000000 08:21 3543782                    /lib/x86_64-linux-gnu/libz.so.1.2.8
7fd75b35f000-7fd75b55e000 ---p 00019000 08:21 3543782                    /lib/x86_64-linux-gnu/libz.so.1.2.8
7fd75b55e000-7fd75b55f000 r--p 00018000 08:21 3543782                    /lib/x86_64-linux-gnu/libz.so.1.2.8
7fd75b55f000-7fd75b560000 rw-p 00019000 08:21 3543782                    /lib/x86_64-linux-gnu/libz.so.1.2.8
7fd75b560000-7fd75b71f000 r-xp 00000000 08:21 3539030                    /lib/x86_64-linux-gnu/libc-2.23.so
7fd75b71f000-7fd75b91f000 ---p 001bf000 08:21 3539030                    /lib/x86_64-linux-gnu/libc-2.23.so
7fd75b91f000-7fd75b923000 r--p 001bf000 08:21 3539030                    /lib/x86_64-linux-gnu/libc-2.23.so
7fd75b923000-7fd75b925000 rw-p 001c3000 08:21 3539030                    /lib/x86_64-linux-gnu/libc-2.23.so
7fd75b925000-7fd75b929000 rw-p 00000000 00:00 0 
7fd75b929000-7fd75b936000 r-xp 00000000 08:21 1319223                    /usr/lib/jvm/java-8-openjdk-amd64/jre/lib/amd64/jli/libjli.so
7fd75b936000-7fd75bb36000 ---p 0000d000 08:21 1319223                    /usr/lib/jvm/java-8-openjdk-amd64/jre/lib/amd64/jli/libjli.so
7fd75bb36000-7fd75bb37000 r--p 0000d000 08:21 1319223                    /usr/lib/jvm/java-8-openjdk-amd64/jre/lib/amd64/jli/libjli.so
7fd75bb37000-7fd75bb38000 rw-p 0000e000 08:21 1319223                    /usr/lib/jvm/java-8-openjdk-amd64/jre/lib/amd64/jli/libjli.so
7fd75bb38000-7fd75bb5e000 r-xp 00000000 08:21 3539031                    /lib/x86_64-linux-gnu/ld-2.23.so
7fd75bb6a000-7fd75bb6c000 r--s 00008000 08:21 1319192                    /usr/lib/jvm/java-8-openjdk-amd64/jre/lib/ext/sunec.jar
7fd75bb6c000-7fd75bc31000 rw-p 00000000 00:00 0 
7fd75bc31000-7fd75bc34000 ---p 00000000 00:00 0 
7fd75bc34000-7fd75bd37000 rw-p 00000000 00:00 0 
7fd75bd37000-7fd75bd3a000 r--s 0000f000 08:21 1319194                    /usr/lib/jvm/java-8-openjdk-amd64/jre/lib/ext/icedtea-sound.jar
7fd75bd3a000-7fd75bd44000 r--s 00116000 08:21 1319196                    /usr/lib/jvm/java-8-openjdk-amd64/jre/lib/ext/localedata.jar
7fd75bd44000-7fd75bd45000 r--s 0000a000 08:21 1319189                    /usr/lib/jvm/java-8-openjdk-amd64/jre/lib/ext/jaccess.jar
7fd75bd45000-7fd75bd49000 r--s 00037000 08:21 1319190                    /usr/lib/jvm/java-8-openjdk-amd64/jre/lib/ext/sunpkcs11.jar
7fd75bd49000-7fd75bd4b000 r--s 00001000 08:21 1319188                    /usr/lib/jvm/java-8-openjdk-amd64/jre/lib/ext/dnsns.jar
7fd75bd4b000-7fd75bd4c000 r--s 00010000 08:21 1319191                    /usr/lib/jvm/java-8-openjdk-amd64/jre/lib/ext/zipfs.jar
7fd75bd4c000-7fd75bd51000 r--s 0003b000 08:21 1319193                    /usr/lib/jvm/java-8-openjdk-amd64/jre/lib/ext/sunjce_provider.jar
7fd75bd51000-7fd75bd59000 rw-s 00000000 08:21 655425                     /tmp/hsperfdata_wolverindev/24852
7fd75bd59000-7fd75bd5a000 rw-p 00000000 00:00 0 
7fd75bd5a000-7fd75bd5b000 r--p 00000000 00:00 0 
7fd75bd5b000-7fd75bd5d000 rw-p 00000000 00:00 0 
7fd75bd5d000-7fd75bd5e000 r--p 00025000 08:21 3539031                    /lib/x86_64-linux-gnu/ld-2.23.so
7fd75bd5e000-7fd75bd5f000 rw-p 00026000 08:21 3539031                    /lib/x86_64-linux-gnu/ld-2.23.so
7fd75bd5f000-7fd75bd60000 rw-p 00000000 00:00 0 
7ffd842b4000-7ffd842d5000 rw-p 00000000 00:00 0                          [stack]
7ffd843d7000-7ffd843d9000 r--p 00000000 00:00 0                          [vvar]
7ffd843d9000-7ffd843db000 r-xp 00000000 00:00 0                          [vdso]
ffffffffff600000-ffffffffff601000 r-xp 00000000 00:00 0                  [vsyscall]

VM Arguments:
jvm_args: -Dfile.encoding=UTF-8 
java_command: dev.wolveringer.EasyJNI.Main
java_class_path (initial): /home/wolverindev/git/EasyJNI/EasyJNI-Java/target/classes
Launcher Type: SUN_STANDARD

Environment Variables:
PATH=/home/wolverindev/bin:/home/wolverindev/bin:/usr/local/sbin:/usr/local/bin:/usr/sbin:/usr/bin:/sbin:/bin:/usr/games:/usr/local/games:/snap/bin:/home/wolverindev/.rvm/bin:/home/wolverindev/.rvm/bin
SHELL=/bin/bash
DISPLAY=:0

Signal Handlers:
SIGSEGV: [libjvm.so+0xa67f40], sa_mask[0]=11111111011111111101111111111110, sa_flags=SA_RESTART|SA_SIGINFO
SIGBUS: [libjvm.so+0xa67f40], sa_mask[0]=11111111011111111101111111111110, sa_flags=SA_RESTART|SA_SIGINFO
SIGFPE: [libjvm.so+0x8b0ec0], sa_mask[0]=11111111011111111101111111111110, sa_flags=SA_RESTART|SA_SIGINFO
SIGPIPE: [libjvm.so+0x8b0ec0], sa_mask[0]=11111111011111111101111111111110, sa_flags=SA_RESTART|SA_SIGINFO
SIGXFSZ: [libjvm.so+0x8b0ec0], sa_mask[0]=11111111011111111101111111111110, sa_flags=SA_RESTART|SA_SIGINFO
SIGILL: [libjvm.so+0x8b0ec0], sa_mask[0]=11111111011111111101111111111110, sa_flags=SA_RESTART|SA_SIGINFO
SIGUSR1: SIG_DFL, sa_mask[0]=00000000000000000000000000000000, sa_flags=none
SIGUSR2: [libjvm.so+0x8b0d70], sa_mask[0]=00100000000000000000000000000000, sa_flags=SA_RESTART|SA_SIGINFO
SIGHUP: [libjvm.so+0x8b1240], sa_mask[0]=11111111011111111101111111111110, sa_flags=SA_RESTART|SA_SIGINFO
SIGINT: [libjvm.so+0x8b1240], sa_mask[0]=11111111011111111101111111111110, sa_flags=SA_RESTART|SA_SIGINFO
SIGTERM: [libjvm.so+0x8b1240], sa_mask[0]=11111111011111111101111111111110, sa_flags=SA_RESTART|SA_SIGINFO
SIGQUIT: [libjvm.so+0x8b1240], sa_mask[0]=11111111011111111101111111111110, sa_flags=SA_RESTART|SA_SIGINFO


---------------  S Y S T E M  ---------------

OS:DISTRIB_ID=Ubuntu
DISTRIB_RELEASE=16.04
DISTRIB_CODENAME=xenial
DISTRIB_DESCRIPTION="Ubuntu 16.04.2 LTS"

uname:Linux 4.8.0-52-generic #55~16.04.1-Ubuntu SMP Fri Apr 28 14:36:29 UTC 2017 x86_64
libc:glibc 2.23 NPTL 2.23 
rlimit: STACK 8192k, CORE 0k, NPROC 160488, NOFILE 65536, AS infinity
load average:1,51 1,80 1,91

/proc/meminfo:
MemTotal:       41133816 kB
MemFree:        15576044 kB
MemAvailable:   20173464 kB
Buffers:          807428 kB
Cached:          4737044 kB
SwapCached:            0 kB
Active:         21280908 kB
Inactive:        2974160 kB
Active(anon):   18715804 kB
Inactive(anon):  1067080 kB
Active(file):    2565104 kB
Inactive(file):  1907080 kB
Unevictable:         384 kB
Mlocked:             384 kB
SwapTotal:      41870332 kB
SwapFree:       41870332 kB
Dirty:              9816 kB
Writeback:             0 kB
AnonPages:      17778620 kB
Mapped:          1656368 kB
Shmem:           1072252 kB
Slab:             794304 kB
SReclaimable:     657044 kB
SUnreclaim:       137260 kB
KernelStack:       33264 kB
PageTables:       158172 kB
NFS_Unstable:          0 kB
Bounce:                0 kB
WritebackTmp:          0 kB
CommitLimit:    62437240 kB
Committed_AS:   38375108 kB
VmallocTotal:   34359738367 kB
VmallocUsed:           0 kB
VmallocChunk:          0 kB
HardwareCorrupted:     0 kB
AnonHugePages:   8507392 kB
ShmemHugePages:        0 kB
ShmemPmdMapped:        0 kB
CmaTotal:              0 kB
CmaFree:               0 kB
HugePages_Total:       0
HugePages_Free:        0
HugePages_Rsvd:        0
HugePages_Surp:        0
Hugepagesize:       2048 kB
DirectMap4k:      556852 kB
DirectMap2M:    20344832 kB
DirectMap1G:    23068672 kB


CPU:total 12 (initial active 12) (6 cores per cpu, 2 threads per core) family 6 model 62 stepping 4, cmov, cx8, fxsr, mmx, sse, sse2, sse3, ssse3, sse4.1, sse4.2, popcnt, avx, aes, clmul, erms, ht, tsc, tscinvbit

/proc/cpuinfo:
processor	: 0
vendor_id	: GenuineIntel
cpu family	: 6
model		: 62
model name	: Intel(R) Core(TM) i7-4960X CPU @ 3.60GHz
stepping	: 4
microcode	: 0x416
cpu MHz		: 3699.975
cache size	: 15360 KB
physical id	: 0
siblings	: 12
core id		: 0
cpu cores	: 6
apicid		: 0
initial apicid	: 0
fpu		: yes
fpu_exception	: yes
cpuid level	: 13
wp		: yes
flags		: fpu vme de pse tsc msr pae mce cx8 apic sep mtrr pge mca cmov pat pse36 clflush dts acpi mmx fxsr sse sse2 ss ht tm pbe syscall nx pdpe1gb rdtscp lm constant_tsc arch_perfmon pebs bts rep_good nopl xtopology nonstop_tsc aperfmperf eagerfpu pni pclmulqdq dtes64 monitor ds_cpl vmx est tm2 ssse3 cx16 xtpr pdcm pcid dca sse4_1 sse4_2 x2apic popcnt tsc_deadline_timer aes xsave avx f16c rdrand lahf_lm epb tpr_shadow vnmi flexpriority ept vpid fsgsbase smep erms xsaveopt dtherm ida arat pln pts
bugs		:
bogomips	: 7204.23
clflush size	: 64
cache_alignment	: 64
address sizes	: 46 bits physical, 48 bits virtual
power management:

processor	: 1
vendor_id	: GenuineIntel
cpu family	: 6
model		: 62
model name	: Intel(R) Core(TM) i7-4960X CPU @ 3.60GHz
stepping	: 4
microcode	: 0x416
cpu MHz		: 3699.975
cache size	: 15360 KB
physical id	: 0
siblings	: 12
core id		: 1
cpu cores	: 6
apicid		: 2
initial apicid	: 2
fpu		: yes
fpu_exception	: yes
cpuid level	: 13
wp		: yes
flags		: fpu vme de pse tsc msr pae mce cx8 apic sep mtrr pge mca cmov pat pse36 clflush dts acpi mmx fxsr sse sse2 ss ht tm pbe syscall nx pdpe1gb rdtscp lm constant_tsc arch_perfmon pebs bts rep_good nopl xtopology nonstop_tsc aperfmperf eagerfpu pni pclmulqdq dtes64 monitor ds_cpl vmx est tm2 ssse3 cx16 xtpr pdcm pcid dca sse4_1 sse4_2 x2apic popcnt tsc_deadline_timer aes xsave avx f16c rdrand lahf_lm epb tpr_shadow vnmi flexpriority ept vpid fsgsbase smep erms xsaveopt dtherm ida arat pln pts
bugs		:
bogomips	: 7204.23
clflush size	: 64
cache_alignment	: 64
address sizes	: 46 bits physical, 48 bits virtual
power management:

processor	: 2
vendor_id	: GenuineIntel
cpu family	: 6
model		: 62
model name	: Intel(R) Core(TM) i7-4960X CPU @ 3.60GHz
stepping	: 4
microcode	: 0x416
cpu MHz		: 3699.975
cache size	: 15360 KB
physical id	: 0
siblings	: 12
core id		: 2
cpu cores	: 6
apicid		: 4
initial apicid	: 4
fpu		: yes
fpu_exception	: yes
cpuid level	: 13
wp		: yes
flags		: fpu vme de pse tsc msr pae mce cx8 apic sep mtrr pge mca cmov pat pse36 clflush dts acpi mmx fxsr sse sse2 ss ht tm pbe syscall nx pdpe1gb rdtscp lm constant_tsc arch_perfmon pebs bts rep_good nopl xtopology nonstop_tsc aperfmperf eagerfpu pni pclmulqdq dtes64 monitor ds_cpl vmx est tm2 ssse3 cx16 xtpr pdcm pcid dca sse4_1 sse4_2 x2apic popcnt tsc_deadline_timer aes xsave avx f16c rdrand lahf_lm epb tpr_shadow vnmi flexpriority ept vpid fsgsbase smep erms xsaveopt dtherm ida arat pln pts
bugs		:
bogomips	: 7204.23
clflush size	: 64
cache_alignment	: 64
address sizes	: 46 bits physical, 48 bits virtual
power management:

processor	: 3
vendor_id	: GenuineIntel
cpu family	: 6
model		: 62
model name	: Intel(R) Core(TM) i7-4960X CPU @ 3.60GHz
stepping	: 4
microcode	: 0x416
cpu MHz		: 3699.975
cache size	: 15360 KB
physical id	: 0
siblings	: 12
core id		: 3
cpu cores	: 6
apicid		: 6
initial apicid	: 6
fpu		: yes
fpu_exception	: yes
cpuid level	: 13
wp		: yes
flags		: fpu vme de pse tsc msr pae mce cx8 apic sep mtrr pge mca cmov pat pse36 clflush dts acpi mmx fxsr sse sse2 ss ht tm pbe syscall nx pdpe1gb rdtscp lm constant_tsc arch_perfmon pebs bts rep_good nopl xtopology nonstop_tsc aperfmperf eagerfpu pni pclmulqdq dtes64 monitor ds_cpl vmx est tm2 ssse3 cx16 xtpr pdcm pcid dca sse4_1 sse4_2 x2apic popcnt tsc_deadline_timer aes xsave avx f16c rdrand lahf_lm epb tpr_shadow vnmi flexpriority ept vpid fsgsbase smep erms xsaveopt dtherm ida arat pln pts
bugs		:
bogomips	: 7204.23
clflush size	: 64
cache_alignment	: 64
address sizes	: 46 bits physical, 48 bits virtual
power management:

processor	: 4
vendor_id	: GenuineIntel
cpu family	: 6
model		: 62
model name	: Intel(R) Core(TM) i7-4960X CPU @ 3.60GHz
stepping	: 4
microcode	: 0x416
cpu MHz		: 3699.975
cache size	: 15360 KB
physical id	: 0
siblings	: 12
core id		: 4
cpu cores	: 6
apicid		: 8
initial apicid	: 8
fpu		: yes
fpu_exception	: yes
cpuid level	: 13
wp		: yes
flags		: fpu vme de pse tsc msr pae mce cx8 apic sep mtrr pge mca cmov pat pse36 clflush dts acpi mmx fxsr sse sse2 ss ht tm pbe syscall nx pdpe1gb rdtscp lm constant_tsc arch_perfmon pebs bts rep_good nopl xtopology nonstop_tsc aperfmperf eagerfpu pni pclmulqdq dtes64 monitor ds_cpl vmx est tm2 ssse3 cx16 xtpr pdcm pcid dca sse4_1 sse4_2 x2apic popcnt tsc_deadline_timer aes xsave avx f16c rdrand lahf_lm epb tpr_shadow vnmi flexpriority ept vpid fsgsbase smep erms xsaveopt dtherm ida arat pln pts
bugs		:
bogomips	: 7204.23
clflush size	: 64
cache_alignment	: 64
address sizes	: 46 bits physical, 48 bits virtual
power management:

processor	: 5
vendor_id	: GenuineIntel
cpu family	: 6
model		: 62
model name	: Intel(R) Core(TM) i7-4960X CPU @ 3.60GHz
stepping	: 4
microcode	: 0x416
cpu MHz		: 3699.975
cache size	: 15360 KB
physical id	: 0
siblings	: 12
core id		: 5
cpu cores	: 6
apicid		: 10
initial apicid	: 10
fpu		: yes
fpu_exception	: yes
cpuid level	: 13
wp		: yes
flags		: fpu vme de pse tsc msr pae mce cx8 apic sep mtrr pge mca cmov pat pse36 clflush dts acpi mmx fxsr sse sse2 ss ht tm pbe syscall nx pdpe1gb rdtscp lm constant_tsc arch_perfmon pebs bts rep_good nopl xtopology nonstop_tsc aperfmperf eagerfpu pni pclmulqdq dtes64 monitor ds_cpl vmx est tm2 ssse3 cx16 xtpr pdcm pcid dca sse4_1 sse4_2 x2apic popcnt tsc_deadline_timer aes xsave avx f16c rdrand lahf_lm epb tpr_shadow vnmi flexpriority ept vpid fsgsbase smep erms xsaveopt dtherm ida arat pln pts
bugs		:
bogomips	: 7204.23
clflush size	: 64
cache_alignment	: 64
address sizes	: 46 bits physical, 48 bits virtual
power management:

processor	: 6
vendor_id	: GenuineIntel
cpu family	: 6
model		: 62
model name	: Intel(R) Core(TM) i7-4960X CPU @ 3.60GHz
stepping	: 4
microcode	: 0x416
cpu MHz		: 3699.975
cache size	: 15360 KB
physical id	: 0
siblings	: 12
core id		: 0
cpu cores	: 6
apicid		: 1
initial apicid	: 1
fpu		: yes
fpu_exception	: yes
cpuid level	: 13
wp		: yes
flags		: fpu vme de pse tsc msr pae mce cx8 apic sep mtrr pge mca cmov pat pse36 clflush dts acpi mmx fxsr sse sse2 ss ht tm pbe syscall nx pdpe1gb rdtscp lm constant_tsc arch_perfmon pebs bts rep_good nopl xtopology nonstop_tsc aperfmperf eagerfpu pni pclmulqdq dtes64 monitor ds_cpl vmx est tm2 ssse3 cx16 xtpr pdcm pcid dca sse4_1 sse4_2 x2apic popcnt tsc_deadline_timer aes xsave avx f16c rdrand lahf_lm epb tpr_shadow vnmi flexpriority ept vpid fsgsbase smep erms xsaveopt dtherm ida arat pln pts
bugs		:
bogomips	: 7204.23
clflush size	: 64
cache_alignment	: 64
address sizes	: 46 bits physical, 48 bits virtual
power management:

processor	: 7
vendor_id	: GenuineIntel
cpu family	: 6
model		: 62
model name	: Intel(R) Core(TM) i7-4960X CPU @ 3.60GHz
stepping	: 4
microcode	: 0x416
cpu MHz		: 3699.975
cache size	: 15360 KB
physical id	: 0
siblings	: 12
core id		: 1
cpu cores	: 6
apicid		: 3
initial apicid	: 3
fpu		: yes
fpu_exception	: yes
cpuid level	: 13
wp		: yes
flags		: fpu vme de pse tsc msr pae mce cx8 apic sep mtrr pge mca cmov pat pse36 clflush dts acpi mmx fxsr sse sse2 ss ht tm pbe syscall nx pdpe1gb rdtscp lm constant_tsc arch_perfmon pebs bts rep_good nopl xtopology nonstop_tsc aperfmperf eagerfpu pni pclmulqdq dtes64 monitor ds_cpl vmx est tm2 ssse3 cx16 xtpr pdcm pcid dca sse4_1 sse4_2 x2apic popcnt tsc_deadline_timer aes xsave avx f16c rdrand lahf_lm epb tpr_shadow vnmi flexpriority ept vpid fsgsbase smep erms xsaveopt dtherm ida arat pln pts
bugs		:
bogomips	: 7204.23
clflush size	: 64
cache_alignment	: 64
address sizes	: 46 bits physical, 48 bits virtual
power management:

processor	: 8
vendor_id	: GenuineIntel
cpu family	: 6
model		: 62
model name	: Intel(R) Core(TM) i7-4960X CPU @ 3.60GHz
stepping	: 4
microcode	: 0x416
cpu MHz		: 3699.755
cache size	: 15360 KB
physical id	: 0
siblings	: 12
core id		: 2
cpu cores	: 6
apicid		: 5
initial apicid	: 5
fpu		: yes
fpu_exception	: yes
cpuid level	: 13
wp		: yes
flags		: fpu vme de pse tsc msr pae mce cx8 apic sep mtrr pge mca cmov pat pse36 clflush dts acpi mmx fxsr sse sse2 ss ht tm pbe syscall nx pdpe1gb rdtscp lm constant_tsc arch_perfmon pebs bts rep_good nopl xtopology nonstop_tsc aperfmperf eagerfpu pni pclmulqdq dtes64 monitor ds_cpl vmx est tm2 ssse3 cx16 xtpr pdcm pcid dca sse4_1 sse4_2 x2apic popcnt tsc_deadline_timer aes xsave avx f16c rdrand lahf_lm epb tpr_shadow vnmi flexpriority ept vpid fsgsbase smep erms xsaveopt dtherm ida arat pln pts
bugs		:
bogomips	: 7204.23
clflush size	: 64
cache_alignment	: 64
address sizes	: 46 bits physical, 48 bits virtual
power management:

processor	: 9
vendor_id	: GenuineIntel
cpu family	: 6
model		: 62
model name	: Intel(R) Core(TM) i7-4960X CPU @ 3.60GHz
stepping	: 4
microcode	: 0x416
cpu MHz		: 3699.755
cache size	: 15360 KB
physical id	: 0
siblings	: 12
core id		: 3
cpu cores	: 6
apicid		: 7
initial apicid	: 7
fpu		: yes
fpu_exception	: yes
cpuid level	: 13
wp		: yes
flags		: fpu vme de pse tsc msr pae mce cx8 apic sep mtrr pge mca cmov pat pse36 clflush dts acpi mmx fxsr sse sse2 ss ht tm pbe syscall nx pdpe1gb rdtscp lm constant_tsc arch_perfmon pebs bts rep_good nopl xtopology nonstop_tsc aperfmperf eagerfpu pni pclmulqdq dtes64 monitor ds_cpl vmx est tm2 ssse3 cx16 xtpr pdcm pcid dca sse4_1 sse4_2 x2apic popcnt tsc_deadline_timer aes xsave avx f16c rdrand lahf_lm epb tpr_shadow vnmi flexpriority ept vpid fsgsbase smep erms xsaveopt dtherm ida arat pln pts
bugs		:
bogomips	: 7204.23
clflush size	: 64
cache_alignment	: 64
address sizes	: 46 bits physical, 48 bits virtual
power management:

processor	: 10
vendor_id	: GenuineIntel
cpu family	: 6
model		: 62
model name	: Intel(R) Core(TM) i7-4960X CPU @ 3.60GHz
stepping	: 4
microcode	: 0x416
cpu MHz		: 3699.975
cache size	: 15360 KB
physical id	: 0
siblings	: 12
core id		: 4
cpu cores	: 6
apicid		: 9
initial apicid	: 9
fpu		: yes
fpu_exception	: yes
cpuid level	: 13
wp		: yes
flags		: fpu vme de pse tsc msr pae mce cx8 apic sep mtrr pge mca cmov pat pse36 clflush dts acpi mmx fxsr sse sse2 ss ht tm pbe syscall nx pdpe1gb rdtscp lm constant_tsc arch_perfmon pebs bts rep_good nopl xtopology nonstop_tsc aperfmperf eagerfpu pni pclmulqdq dtes64 monitor ds_cpl vmx est tm2 ssse3 cx16 xtpr pdcm pcid dca sse4_1 sse4_2 x2apic popcnt tsc_deadline_timer aes xsave avx f16c rdrand lahf_lm epb tpr_shadow vnmi flexpriority ept vpid fsgsbase smep erms xsaveopt dtherm ida arat pln pts
bugs		:
bogomips	: 7204.23
clflush size	: 64
cache_alignment	: 64
address sizes	: 46 bits physical, 48 bits virtual
power management:

processor	: 11
vendor_id	: GenuineIntel
cpu family	: 6
model		: 62
model name	: Intel(R) Core(TM) i7-4960X CPU @ 3.60GHz
stepping	: 4
microcode	: 0x416
cpu MHz		: 3699.755
cache size	: 15360 KB
physical id	: 0
siblings	: 12
core id		: 5
cpu cores	: 6
apicid		: 11
initial apicid	: 11
fpu		: yes
fpu_exception	: yes
cpuid level	: 13
wp		: yes
flags		: fpu vme de pse tsc msr pae mce cx8 apic sep mtrr pge mca cmov pat pse36 clflush dts acpi mmx fxsr sse sse2 ss ht tm pbe syscall nx pdpe1gb rdtscp lm constant_tsc arch_perfmon pebs bts rep_good nopl xtopology nonstop_tsc aperfmperf eagerfpu pni pclmulqdq dtes64 monitor ds_cpl vmx est tm2 ssse3 cx16 xtpr pdcm pcid dca sse4_1 sse4_2 x2apic popcnt tsc_deadline_timer aes xsave avx f16c rdrand lahf_lm epb tpr_shadow vnmi flexpriority ept vpid fsgsbase smep erms xsaveopt dtherm ida arat pln pts
bugs		:
bogomips	: 7204.23
clflush size	: 64
cache_alignment	: 64
address sizes	: 46 bits physical, 48 bits virtual
power management:



Memory: 4k page, physical 41133816k(15575920k free), swap 41870332k(41870332k free)

vm_info: OpenJDK 64-Bit Server VM (25.131-b11) for linux-amd64 JRE (1.8.0_131-8u131-b11-0ubuntu1.16.04.2-b11), built on May  6 2017 02:45:27 by "buildd" with gcc 5.4.0 20160609

time: Sat May 20 17:53:07 2017
elapsed time: 0 seconds (0d 0h 0m 0s)

