#
# A fatal error has been detected by the Java Runtime Environment:
#
#  SIGSEGV (0xb) at pc=0x00007fc5761bcec2, pid=27979, tid=0x00007fc577692700
#
# JRE version: OpenJDK Runtime Environment (8.0_131-b11) (build 1.8.0_131-8u131-b11-0ubuntu1.16.04.2-b11)
# Java VM: OpenJDK 64-Bit Server VM (25.131-b11 mixed mode linux-amd64 compressed oops)
# Problematic frame:
# V  [libjvm.so+0x873ec2]
#
# Failed to write core dump. Core dumps have been disabled. To enable core dumping, try "ulimit -c unlimited" before starting Java again
#
# If you would like to submit a bug report, please visit:
#   http://bugreport.java.com/bugreport/crash.jsp
#

---------------  T H R E A D  ---------------

Current thread is native thread

siginfo: si_signo: 11 (SIGSEGV), si_code: 1 (SEGV_MAPERR), si_addr: 0x0000000000000170

Registers:
RAX=0x00007fc5700b9501, RBX=0x00007fc5700061a0, RCX=0x0000000000000001, RDX=0x00007fc5700b9501
RSP=0x00007fc577691e60, RBP=0x00007fc577691e80, RSI=0x0000000000000000, RDI=0x00007fc5700061a0
R8 =0x00007fc570000940, R9 =0x0000000000000000, R10=0x000000000000018b, R11=0x00007fc544f98a3e
R12=0x0000000000000000, R13=0x00007fc576a9e2c8, R14=0x00007fc57686556c, R15=0x00007fc577692c18
RIP=0x00007fc5761bcec2, EFLAGS=0x0000000000010202, CSGSFS=0x002b000000000033, ERR=0x0000000000000004
  TRAPNO=0x000000000000000e

Top of Stack: (sp=0x00007fc577691e60)
0x00007fc577691e60:   00007fc5700061a0 0000000000000000
0x00007fc577691e70:   00007fc576a9e2c8 0000000000000004
0x00007fc577691e80:   00007fc577691ea0 00007fc5761be42b
0x00007fc577691e90:   00007fc577692a48 0000000000000000
0x00007fc577691ea0:   00007fc577691eb0 00007fc5763b7611
0x00007fc577691eb0:   00007fc577691ed0 00007fc575fb8bc5
0x00007fc577691ec0:   00007fc57683d000 00007fc577692a48
0x00007fc577691ed0:   00007fc577691ef0 00007fc544f98a5e
0x00007fc577691ee0:   00007fc577692a48 00007fc57683d000
0x00007fc577691ef0:   00007fc577691f10 00007fc544f97231
0x00007fc577691f00:   0000000000000000 00007fc57000a1e0
0x00007fc577691f10:   00007fc576a9e2f8 00007fc57688c439
0x00007fc577691f20:   0000000000000000 0000000000000000
0x00007fc577691f30:   0000000000000000 0000000000000000
0x00007fc577691f40:   00007fffa701c27f 00007fc5776929c0
0x00007fc577691f50:   0000000000000001 00007fc57688d870
0x00007fc577691f60:   0000000000000000 00007fc577692700
0x00007fc577691f70:   00007fc577692700 aed0ccffe8a411b8
0x00007fc577691f80:   0000000000000000 00007fffa701c27f
0x00007fc577691f90:   00007fc5776929c0 0000000000000001
0x00007fc577691fa0:   515a222dd66411b8 515a21ee445e11b8
0x00007fc577691fb0:   0000000000000000 0000000000000000
0x00007fc577691fc0:   0000000000000000 0000000000000000
0x00007fc577691fd0:   0000000000000000 0000000000000000
0x00007fc577691fe0:   0000000000000000 0000000000000000
0x00007fc577691ff0:   00007fc577692700 00007fc576fc782d
0x00007fc577692000:   0000000000000000 0000000000000000
0x00007fc577692010:   0000000000000000 0000000000000000
0x00007fc577692020:   0000000000000000 0000000000000000
0x00007fc577692030:   0000000000000000 0000000000000000
0x00007fc577692040:   0000000000000000 0000000000000000
0x00007fc577692050:   0000000000000000 0000000000000000 

Instructions: (pc=0x00007fc5761bcec2)
0x00007fc5761bcea2:   30 68 00 45 23 01 00 e9 32 fe ff ff 66 90 55 48
0x00007fc5761bceb2:   89 e5 41 56 4c 8d 35 af 86 6a 00 41 55 41 54 53
0x00007fc5761bcec2:   48 8b 9e 70 01 00 00 48 8b 17 eb 18 66 90 48 89
0x00007fc5761bced2:   d0 41 80 f8 00 74 01 f0 48 0f b1 0f 48 39 c2 74 

Register to memory mapping:

RAX=0x00007fc5700b9501 is an unknown value
RBX=0x00007fc5700061a0 is an unknown value
RCX=0x0000000000000001 is an unknown value
RDX=0x00007fc5700b9501 is an unknown value
RSP=0x00007fc577691e60 is an unknown value
RBP=0x00007fc577691e80 is an unknown value
RSI=0x0000000000000000 is an unknown value
RDI=0x00007fc5700061a0 is an unknown value
R8 =0x00007fc570000940 is an unknown value
R9 =0x0000000000000000 is an unknown value
R10=0x000000000000018b is an unknown value
R11=0x00007fc544f98a3e: _ZN7JavaVM_19DetachCurrentThreadEv+0 in /home/wolverindev/.CLion2016.2/system/cmake/generated/EasyJNI-edd72901/edd72901/Debug/libEasyJNI.so at 0x00007fc544f82000
R12=0x0000000000000000 is an unknown value
R13=0x00007fc576a9e2c8: <offset 0x2182c8> in /lib/x86_64-linux-gnu/libpthread.so.0 at 0x00007fc576886000
R14=0x00007fc57686556c: <offset 0xf1c56c> in /usr/lib/jvm/java-8-openjdk-amd64/jre/lib/amd64/server/libjvm.so at 0x00007fc575949000
R15=0x00007fc577692c18 is an unknown value


Stack: [0x00007fc577592000,0x00007fc577693000],  sp=0x00007fc577691e60,  free space=1023k
Native frames: (J=compiled Java code, j=interpreted, Vv=VM code, C=native code)
V  [libjvm.so+0x873ec2]
V  [libjvm.so+0x87542b]
V  [libjvm.so+0xa6e611]
V  [libjvm.so+0x66fbc5]
C  [libEasyJNI.so+0x16a5e]  JavaVM_::DetachCurrentThread()+0x20
C  [libEasyJNI.so+0x15231]  EasyJNI::Utils::KeyDetachCurrentThread(void*)+0x2d


---------------  P R O C E S S  ---------------

VM state:at safepoint (shutting down)

VM Mutex/Monitor currently owned by a thread:  ([mutex/lock_event])
[0x00007fc5700061a0] Threads_lock - owner thread: 0x00007fc570083800

Heap:
 PSYoungGen      total 187392K, used 9646K [0x00000006eec00000, 0x00000006fbd00000, 0x00000007c0000000)
  eden space 160768K, 6% used [0x00000006eec00000,0x00000006ef56b9f0,0x00000006f8900000)
  from space 26624K, 0% used [0x00000006fa300000,0x00000006fa300000,0x00000006fbd00000)
  to   space 26624K, 0% used [0x00000006f8900000,0x00000006f8900000,0x00000006fa300000)
 ParOldGen       total 429056K, used 0K [0x000000054c400000, 0x0000000566700000, 0x00000006eec00000)
  object space 429056K, 0% used [0x000000054c400000,0x000000054c400000,0x0000000566700000)
 Metaspace       used 2591K, capacity 4490K, committed 4864K, reserved 1056768K
  class space    used 273K, capacity 386K, committed 512K, reserved 1048576K

Card table byte_map: [0x00007fc55f8a1000,0x00007fc560c40000] byte_map_base: 0x00007fc55ce3f000

Marking Bits: (ParMarkBitMap*) 0x00007fc576869260
 Begin Bits: [0x00007fc514620000, 0x00007fc51e310000)
 End Bits:   [0x00007fc51e310000, 0x00007fc528000000)

Polling page: 0x00007fc5776bb000

CodeCache: size=245760Kb used=1085Kb max_used=1085Kb free=244674Kb
 bounds [0x00007fc561000000, 0x00007fc561270000, 0x00007fc570000000]
 total_blobs=246 nmethods=17 adapters=145
 compilation: enabled

Compilation events (10 events):
Event: 0,044 Thread 0x00007fc5700c3800 nmethod 13 0x00007fc56110cd90 code [0x00007fc56110cf60, 0x00007fc56110d6b8]
Event: 0,044 Thread 0x00007fc5700c3800   14       3       java.lang.String::getChars (62 bytes)
Event: 0,045 Thread 0x00007fc5700c3800 nmethod 14 0x00007fc56110d9d0 code [0x00007fc56110db80, 0x00007fc56110dfb8]
Event: 0,045 Thread 0x00007fc5700c3800   15       3       java.lang.System::getSecurityManager (4 bytes)
Event: 0,045 Thread 0x00007fc5700c3800 nmethod 15 0x00007fc56110a210 code [0x00007fc56110a360, 0x00007fc56110a4b0]
Event: 0,045 Thread 0x00007fc5700c3800   16       3       sun.nio.cs.UTF_8$Encoder::encode (359 bytes)
Event: 0,046 Thread 0x00007fc5700c3800 nmethod 16 0x00007fc56110e1d0 code [0x00007fc56110e3c0, 0x00007fc56110eef8]
Event: 0,047 Thread 0x00007fc5700c3800   17       3       java.lang.StringBuilder::append (8 bytes)
Event: 0,047 Thread 0x00007fc5700c3800 nmethod 17 0x00007fc56110f550 code [0x00007fc56110f6c0, 0x00007fc56110f848]
Event: 0,047 Thread 0x00007fc5700c3800   18       3       java.util.Arrays::copyOfRange (63 bytes)

GC Heap History (0 events):
No events

Deoptimization events (0 events):
No events

Internal exceptions (3 events):
Event: 0,016 Thread 0x00007fc57000a000 Exception <a 'java/lang/NoSuchMethodError': Method sun.misc.Unsafe.defineClass(Ljava/lang/String;[BII)Ljava/lang/Class; name or signature does not match> (0x00000006eec07ca8) thrown at [/build/openjdk-8-VTMhfL/openjdk-8-8u131-b11/src/hotspot/src/share/vm/
Event: 0,016 Thread 0x00007fc57000a000 Exception <a 'java/lang/NoSuchMethodError': Method sun.misc.Unsafe.prefetchRead(Ljava/lang/Object;J)V name or signature does not match> (0x00000006eec07f90) thrown at [/build/openjdk-8-VTMhfL/openjdk-8-8u131-b11/src/hotspot/src/share/vm/prims/jni.cpp, lin
Event: 0,046 Thread 0x00007fc57000a000 Exception <a 'java/lang/UnsatisfiedLinkError': unsupported JNI version 0x75945E20 required by /home/wolverindev/.CLion2016.2/system/cmake/generated/EasyJNI-edd72901/edd72901/Debug/libEasyJNISpeedTest.so> (0x00000006eec64120) thrown at [/build/openjdk-8-VT

Events (10 events):
Event: 0,047 loading class java/util/IdentityHashMap done
Event: 0,047 loading class java/util/IdentityHashMap$KeySet
Event: 0,047 loading class java/util/IdentityHashMap$KeySet done
Event: 0,047 Thread 0x00007fc57000a000 Thread exited: 0x00007fc57000a000
Event: 0,048 Thread 0x00007fc57000a000 Thread added: 0x00007fc57000a000
Event: 0,048 loading class java/lang/Shutdown
Event: 0,048 loading class java/lang/Shutdown done
Event: 0,048 loading class java/lang/Shutdown$Lock
Event: 0,048 loading class java/lang/Shutdown$Lock done
Event: 0,048 Thread 0x00007fc57000a000 Thread exited: 0x00007fc57000a000


Dynamic libraries:
00400000-00401000 r-xp 00000000 08:21 1319275                            /usr/lib/jvm/java-8-openjdk-amd64/jre/bin/java
00600000-00601000 r--p 00000000 08:21 1319275                            /usr/lib/jvm/java-8-openjdk-amd64/jre/bin/java
00601000-00602000 rw-p 00001000 08:21 1319275                            /usr/lib/jvm/java-8-openjdk-amd64/jre/bin/java
006a8000-006c9000 rw-p 00000000 00:00 0                                  [heap]
54c400000-566700000 rw-p 00000000 00:00 0 
566700000-6eec00000 ---p 00000000 00:00 0 
6eec00000-6fbd00000 rw-p 00000000 00:00 0 
6fbd00000-7c0000000 ---p 00000000 00:00 0 
7c0000000-7c0080000 rw-p 00000000 00:00 0 
7c0080000-800000000 ---p 00000000 00:00 0 
7fc4f0000000-7fc4f0021000 rw-p 00000000 00:00 0 
7fc4f0021000-7fc4f4000000 ---p 00000000 00:00 0 
7fc4f4000000-7fc4f4021000 rw-p 00000000 00:00 0 
7fc4f4021000-7fc4f8000000 ---p 00000000 00:00 0 
7fc4f8000000-7fc4f8021000 rw-p 00000000 00:00 0 
7fc4f8021000-7fc4fc000000 ---p 00000000 00:00 0 
7fc4fc000000-7fc4fc021000 rw-p 00000000 00:00 0 
7fc4fc021000-7fc500000000 ---p 00000000 00:00 0 
7fc500000000-7fc50005e000 rw-p 00000000 00:00 0 
7fc50005e000-7fc504000000 ---p 00000000 00:00 0 
7fc504000000-7fc504021000 rw-p 00000000 00:00 0 
7fc504021000-7fc508000000 ---p 00000000 00:00 0 
7fc508000000-7fc508021000 rw-p 00000000 00:00 0 
7fc508021000-7fc50c000000 ---p 00000000 00:00 0 
7fc50c000000-7fc50c021000 rw-p 00000000 00:00 0 
7fc50c021000-7fc510000000 ---p 00000000 00:00 0 
7fc510000000-7fc510021000 rw-p 00000000 00:00 0 
7fc510021000-7fc514000000 ---p 00000000 00:00 0 
7fc514620000-7fc528000000 rw-p 00000000 00:00 0 
7fc528000000-7fc528021000 rw-p 00000000 00:00 0 
7fc528021000-7fc52c000000 ---p 00000000 00:00 0 
7fc52c000000-7fc52c021000 rw-p 00000000 00:00 0 
7fc52c021000-7fc530000000 ---p 00000000 00:00 0 
7fc530000000-7fc530021000 rw-p 00000000 00:00 0 
7fc530021000-7fc534000000 ---p 00000000 00:00 0 
7fc534000000-7fc534021000 rw-p 00000000 00:00 0 
7fc534021000-7fc538000000 ---p 00000000 00:00 0 
7fc538000000-7fc538021000 rw-p 00000000 00:00 0 
7fc538021000-7fc53c000000 ---p 00000000 00:00 0 
7fc540000000-7fc540021000 rw-p 00000000 00:00 0 
7fc540021000-7fc544000000 ---p 00000000 00:00 0 
7fc544d62000-7fc544d81000 r-xp 00000000 08:15 26349948                   /home/wolverindev/.CLion2016.2/system/cmake/generated/EasyJNI-edd72901/edd72901/Debug/libEasyJNISpeedTest.so
7fc544d81000-7fc544f80000 ---p 0001f000 08:15 26349948                   /home/wolverindev/.CLion2016.2/system/cmake/generated/EasyJNI-edd72901/edd72901/Debug/libEasyJNISpeedTest.so
7fc544f80000-7fc544f81000 r--p 0001e000 08:15 26349948                   /home/wolverindev/.CLion2016.2/system/cmake/generated/EasyJNI-edd72901/edd72901/Debug/libEasyJNISpeedTest.so
7fc544f81000-7fc544f82000 rw-p 0001f000 08:15 26349948                   /home/wolverindev/.CLion2016.2/system/cmake/generated/EasyJNI-edd72901/edd72901/Debug/libEasyJNISpeedTest.so
7fc544f82000-7fc544fa5000 r-xp 00000000 08:15 26349787                   /home/wolverindev/.CLion2016.2/system/cmake/generated/EasyJNI-edd72901/edd72901/Debug/libEasyJNI.so
7fc544fa5000-7fc5451a4000 ---p 00023000 08:15 26349787                   /home/wolverindev/.CLion2016.2/system/cmake/generated/EasyJNI-edd72901/edd72901/Debug/libEasyJNI.so
7fc5451a4000-7fc5451a5000 r--p 00022000 08:15 26349787                   /home/wolverindev/.CLion2016.2/system/cmake/generated/EasyJNI-edd72901/edd72901/Debug/libEasyJNI.so
7fc5451a5000-7fc5451a6000 rw-p 00023000 08:15 26349787                   /home/wolverindev/.CLion2016.2/system/cmake/generated/EasyJNI-edd72901/edd72901/Debug/libEasyJNI.so
7fc5451a6000-7fc5451c1000 r--s 001d6000 08:21 1319197                    /usr/lib/jvm/java-8-openjdk-amd64/jre/lib/ext/nashorn.jar
7fc5451c1000-7fc5451dc000 r--s 00394000 08:21 1319195                    /usr/lib/jvm/java-8-openjdk-amd64/jre/lib/ext/cldrdata.jar
7fc5451dc000-7fc5451dd000 ---p 00000000 00:00 0 
7fc5451dd000-7fc5452dd000 rw-p 00000000 00:00 0 
7fc5452dd000-7fc5452e0000 ---p 00000000 00:00 0 
7fc5452e0000-7fc5453de000 rw-p 00000000 00:00 0 
7fc5453de000-7fc5453e1000 ---p 00000000 00:00 0 
7fc5453e1000-7fc5454df000 rw-p 00000000 00:00 0 
7fc5454df000-7fc5454e2000 ---p 00000000 00:00 0 
7fc5454e2000-7fc5455e0000 rw-p 00000000 00:00 0 
7fc5455e0000-7fc5455e3000 ---p 00000000 00:00 0 
7fc5455e3000-7fc5456e1000 rw-p 00000000 00:00 0 
7fc5456e1000-7fc5456e4000 ---p 00000000 00:00 0 
7fc5456e4000-7fc5457e2000 rw-p 00000000 00:00 0 
7fc5457e2000-7fc5457e5000 ---p 00000000 00:00 0 
7fc5457e5000-7fc5458e3000 rw-p 00000000 00:00 0 
7fc5458e3000-7fc545d39000 r--p 00000000 08:21 1180688                    /usr/lib/locale/locale-archive
7fc545d39000-7fc545d3c000 ---p 00000000 00:00 0 
7fc545d3c000-7fc545e3a000 rw-p 00000000 00:00 0 
7fc545e3a000-7fc545e3d000 ---p 00000000 00:00 0 
7fc545e3d000-7fc545f3b000 rw-p 00000000 00:00 0 
7fc545f3b000-7fc545f3c000 ---p 00000000 00:00 0 
7fc545f3c000-7fc548000000 rw-p 00000000 00:00 0 
7fc548000000-7fc548021000 rw-p 00000000 00:00 0 
7fc548021000-7fc54c000000 ---p 00000000 00:00 0 
7fc54c000000-7fc54c021000 rw-p 00000000 00:00 0 
7fc54c021000-7fc550000000 ---p 00000000 00:00 0 
7fc550000000-7fc550021000 rw-p 00000000 00:00 0 
7fc550021000-7fc554000000 ---p 00000000 00:00 0 
7fc554000000-7fc554021000 rw-p 00000000 00:00 0 
7fc554021000-7fc558000000 ---p 00000000 00:00 0 
7fc558000000-7fc558021000 rw-p 00000000 00:00 0 
7fc558021000-7fc55c000000 ---p 00000000 00:00 0 
7fc55c008000-7fc55c31d000 rw-p 00000000 00:00 0 
7fc55c31d000-7fc55c4ec000 r--s 03c07000 08:21 1319238                    /usr/lib/jvm/java-8-openjdk-amd64/jre/lib/rt.jar
7fc55c4ec000-7fc55ca25000 rw-p 00000000 00:00 0 
7fc55ca25000-7fc55cde5000 ---p 00000000 00:00 0 
7fc55cde5000-7fc55e183000 rw-p 00000000 00:00 0 
7fc55e183000-7fc55e184000 ---p 00000000 00:00 0 
7fc55e184000-7fc55e284000 rw-p 00000000 00:00 0 
7fc55e284000-7fc55e285000 ---p 00000000 00:00 0 
7fc55e285000-7fc55e385000 rw-p 00000000 00:00 0 
7fc55e385000-7fc55e386000 ---p 00000000 00:00 0 
7fc55e386000-7fc55e486000 rw-p 00000000 00:00 0 
7fc55e486000-7fc55e487000 ---p 00000000 00:00 0 
7fc55e487000-7fc55e587000 rw-p 00000000 00:00 0 
7fc55e587000-7fc55e588000 ---p 00000000 00:00 0 
7fc55e588000-7fc55e688000 rw-p 00000000 00:00 0 
7fc55e688000-7fc55e689000 ---p 00000000 00:00 0 
7fc55e689000-7fc55e789000 rw-p 00000000 00:00 0 
7fc55e789000-7fc55e78a000 ---p 00000000 00:00 0 
7fc55e78a000-7fc55e88a000 rw-p 00000000 00:00 0 
7fc55e88a000-7fc55e88b000 ---p 00000000 00:00 0 
7fc55e88b000-7fc55e98b000 rw-p 00000000 00:00 0 
7fc55e98b000-7fc55e98c000 ---p 00000000 00:00 0 
7fc55e98c000-7fc55ea8c000 rw-p 00000000 00:00 0 
7fc55ea8c000-7fc55ea8d000 ---p 00000000 00:00 0 
7fc55ea8d000-7fc55ec5f000 rw-p 00000000 00:00 0 
7fc55ec5f000-7fc55f8a1000 ---p 00000000 00:00 0 
7fc55f8a1000-7fc55f973000 rw-p 00000000 00:00 0 
7fc55f973000-7fc5605b5000 ---p 00000000 00:00 0 
7fc5605b5000-7fc56061e000 rw-p 00000000 00:00 0 
7fc56061e000-7fc560c3f000 ---p 00000000 00:00 0 
7fc560c3f000-7fc560c4a000 rw-p 00000000 00:00 0 
7fc560c4a000-7fc561000000 ---p 00000000 00:00 0 
7fc561000000-7fc561270000 rwxp 00000000 00:00 0 
7fc561270000-7fc570000000 ---p 00000000 00:00 0 
7fc570000000-7fc57015c000 rw-p 00000000 00:00 0 
7fc57015c000-7fc574000000 ---p 00000000 00:00 0 
7fc574010000-7fc574018000 r-xp 00000000 08:21 1319216                    /usr/lib/jvm/java-8-openjdk-amd64/jre/lib/amd64/libzip.so
7fc574018000-7fc574217000 ---p 00008000 08:21 1319216                    /usr/lib/jvm/java-8-openjdk-amd64/jre/lib/amd64/libzip.so
7fc574217000-7fc574218000 r--p 00007000 08:21 1319216                    /usr/lib/jvm/java-8-openjdk-amd64/jre/lib/amd64/libzip.so
7fc574218000-7fc574219000 rw-p 00008000 08:21 1319216                    /usr/lib/jvm/java-8-openjdk-amd64/jre/lib/amd64/libzip.so
7fc574219000-7fc574224000 r-xp 00000000 08:21 3539034                    /lib/x86_64-linux-gnu/libnss_files-2.23.so
7fc574224000-7fc574423000 ---p 0000b000 08:21 3539034                    /lib/x86_64-linux-gnu/libnss_files-2.23.so
7fc574423000-7fc574424000 r--p 0000a000 08:21 3539034                    /lib/x86_64-linux-gnu/libnss_files-2.23.so
7fc574424000-7fc574425000 rw-p 0000b000 08:21 3539034                    /lib/x86_64-linux-gnu/libnss_files-2.23.so
7fc574425000-7fc57442b000 rw-p 00000000 00:00 0 
7fc57442b000-7fc574436000 r-xp 00000000 08:21 3539027                    /lib/x86_64-linux-gnu/libnss_nis-2.23.so
7fc574436000-7fc574635000 ---p 0000b000 08:21 3539027                    /lib/x86_64-linux-gnu/libnss_nis-2.23.so
7fc574635000-7fc574636000 r--p 0000a000 08:21 3539027                    /lib/x86_64-linux-gnu/libnss_nis-2.23.so
7fc574636000-7fc574637000 rw-p 0000b000 08:21 3539027                    /lib/x86_64-linux-gnu/libnss_nis-2.23.so
7fc574637000-7fc57464d000 r-xp 00000000 08:21 3539029                    /lib/x86_64-linux-gnu/libnsl-2.23.so
7fc57464d000-7fc57484c000 ---p 00016000 08:21 3539029                    /lib/x86_64-linux-gnu/libnsl-2.23.so
7fc57484c000-7fc57484d000 r--p 00015000 08:21 3539029                    /lib/x86_64-linux-gnu/libnsl-2.23.so
7fc57484d000-7fc57484e000 rw-p 00016000 08:21 3539029                    /lib/x86_64-linux-gnu/libnsl-2.23.so
7fc57484e000-7fc574850000 rw-p 00000000 00:00 0 
7fc574850000-7fc574858000 r-xp 00000000 08:21 3539036                    /lib/x86_64-linux-gnu/libnss_compat-2.23.so
7fc574858000-7fc574a57000 ---p 00008000 08:21 3539036                    /lib/x86_64-linux-gnu/libnss_compat-2.23.so
7fc574a57000-7fc574a58000 r--p 00007000 08:21 3539036                    /lib/x86_64-linux-gnu/libnss_compat-2.23.so
7fc574a58000-7fc574a59000 rw-p 00008000 08:21 3539036                    /lib/x86_64-linux-gnu/libnss_compat-2.23.so
7fc574a59000-7fc574a86000 r-xp 00000000 08:21 1319211                    /usr/lib/jvm/java-8-openjdk-amd64/jre/lib/amd64/libjava.so
7fc574a86000-7fc574c85000 ---p 0002d000 08:21 1319211                    /usr/lib/jvm/java-8-openjdk-amd64/jre/lib/amd64/libjava.so
7fc574c85000-7fc574c86000 r--p 0002c000 08:21 1319211                    /usr/lib/jvm/java-8-openjdk-amd64/jre/lib/amd64/libjava.so
7fc574c86000-7fc574c88000 rw-p 0002d000 08:21 1319211                    /usr/lib/jvm/java-8-openjdk-amd64/jre/lib/amd64/libjava.so
7fc574c88000-7fc574c97000 r-xp 00000000 08:21 1319208                    /usr/lib/jvm/java-8-openjdk-amd64/jre/lib/amd64/libverify.so
7fc574c97000-7fc574e96000 ---p 0000f000 08:21 1319208                    /usr/lib/jvm/java-8-openjdk-amd64/jre/lib/amd64/libverify.so
7fc574e96000-7fc574e98000 r--p 0000e000 08:21 1319208                    /usr/lib/jvm/java-8-openjdk-amd64/jre/lib/amd64/libverify.so
7fc574e98000-7fc574e99000 rw-p 00010000 08:21 1319208                    /usr/lib/jvm/java-8-openjdk-amd64/jre/lib/amd64/libverify.so
7fc574e99000-7fc574ea0000 r-xp 00000000 08:21 3539037                    /lib/x86_64-linux-gnu/librt-2.23.so
7fc574ea0000-7fc57509f000 ---p 00007000 08:21 3539037                    /lib/x86_64-linux-gnu/librt-2.23.so
7fc57509f000-7fc5750a0000 r--p 00006000 08:21 3539037                    /lib/x86_64-linux-gnu/librt-2.23.so
7fc5750a0000-7fc5750a1000 rw-p 00007000 08:21 3539037                    /lib/x86_64-linux-gnu/librt-2.23.so
7fc5750a1000-7fc5750b7000 r-xp 00000000 08:21 3543476                    /lib/x86_64-linux-gnu/libgcc_s.so.1
7fc5750b7000-7fc5752b6000 ---p 00016000 08:21 3543476                    /lib/x86_64-linux-gnu/libgcc_s.so.1
7fc5752b6000-7fc5752b7000 r--p 00015000 08:21 3543476                    /lib/x86_64-linux-gnu/libgcc_s.so.1
7fc5752b7000-7fc5752b8000 rw-p 00016000 08:21 3543476                    /lib/x86_64-linux-gnu/libgcc_s.so.1
7fc5752b8000-7fc5753c0000 r-xp 00000000 08:21 3539028                    /lib/x86_64-linux-gnu/libm-2.23.so
7fc5753c0000-7fc5755bf000 ---p 00108000 08:21 3539028                    /lib/x86_64-linux-gnu/libm-2.23.so
7fc5755bf000-7fc5755c0000 r--p 00107000 08:21 3539028                    /lib/x86_64-linux-gnu/libm-2.23.so
7fc5755c0000-7fc5755c1000 rw-p 00108000 08:21 3539028                    /lib/x86_64-linux-gnu/libm-2.23.so
7fc5755c1000-7fc575739000 r-xp 00000000 08:21 1181117                    /usr/lib/x86_64-linux-gnu/libstdc++.so.6.0.22
7fc575739000-7fc575939000 ---p 00178000 08:21 1181117                    /usr/lib/x86_64-linux-gnu/libstdc++.so.6.0.22
7fc575939000-7fc575943000 r--p 00178000 08:21 1181117                    /usr/lib/x86_64-linux-gnu/libstdc++.so.6.0.22
7fc575943000-7fc575945000 rw-p 00182000 08:21 1181117                    /usr/lib/x86_64-linux-gnu/libstdc++.so.6.0.22
7fc575945000-7fc575949000 rw-p 00000000 00:00 0 
7fc575949000-7fc57659a000 r-xp 00000000 08:21 1319207                    /usr/lib/jvm/java-8-openjdk-amd64/jre/lib/amd64/server/libjvm.so
7fc57659a000-7fc57679a000 ---p 00c51000 08:21 1319207                    /usr/lib/jvm/java-8-openjdk-amd64/jre/lib/amd64/server/libjvm.so
7fc57679a000-7fc57682d000 r--p 00c51000 08:21 1319207                    /usr/lib/jvm/java-8-openjdk-amd64/jre/lib/amd64/server/libjvm.so
7fc57682d000-7fc576856000 rw-p 00ce4000 08:21 1319207                    /usr/lib/jvm/java-8-openjdk-amd64/jre/lib/amd64/server/libjvm.so
7fc576856000-7fc576886000 rw-p 00000000 00:00 0 
7fc576886000-7fc57689e000 r-xp 00000000 08:21 3539041                    /lib/x86_64-linux-gnu/libpthread-2.23.so
7fc57689e000-7fc576a9d000 ---p 00018000 08:21 3539041                    /lib/x86_64-linux-gnu/libpthread-2.23.so
7fc576a9d000-7fc576a9e000 r--p 00017000 08:21 3539041                    /lib/x86_64-linux-gnu/libpthread-2.23.so
7fc576a9e000-7fc576a9f000 rw-p 00018000 08:21 3539041                    /lib/x86_64-linux-gnu/libpthread-2.23.so
7fc576a9f000-7fc576aa3000 rw-p 00000000 00:00 0 
7fc576aa3000-7fc576aa6000 r-xp 00000000 08:21 3538969                    /lib/x86_64-linux-gnu/libdl-2.23.so
7fc576aa6000-7fc576ca5000 ---p 00003000 08:21 3538969                    /lib/x86_64-linux-gnu/libdl-2.23.so
7fc576ca5000-7fc576ca6000 r--p 00002000 08:21 3538969                    /lib/x86_64-linux-gnu/libdl-2.23.so
7fc576ca6000-7fc576ca7000 rw-p 00003000 08:21 3538969                    /lib/x86_64-linux-gnu/libdl-2.23.so
7fc576ca7000-7fc576cc0000 r-xp 00000000 08:21 3543782                    /lib/x86_64-linux-gnu/libz.so.1.2.8
7fc576cc0000-7fc576ebf000 ---p 00019000 08:21 3543782                    /lib/x86_64-linux-gnu/libz.so.1.2.8
7fc576ebf000-7fc576ec0000 r--p 00018000 08:21 3543782                    /lib/x86_64-linux-gnu/libz.so.1.2.8
7fc576ec0000-7fc576ec1000 rw-p 00019000 08:21 3543782                    /lib/x86_64-linux-gnu/libz.so.1.2.8
7fc576ec1000-7fc577080000 r-xp 00000000 08:21 3539030                    /lib/x86_64-linux-gnu/libc-2.23.so
7fc577080000-7fc577280000 ---p 001bf000 08:21 3539030                    /lib/x86_64-linux-gnu/libc-2.23.so
7fc577280000-7fc577284000 r--p 001bf000 08:21 3539030                    /lib/x86_64-linux-gnu/libc-2.23.so
7fc577284000-7fc577286000 rw-p 001c3000 08:21 3539030                    /lib/x86_64-linux-gnu/libc-2.23.so
7fc577286000-7fc57728a000 rw-p 00000000 00:00 0 
7fc57728a000-7fc577297000 r-xp 00000000 08:21 1319223                    /usr/lib/jvm/java-8-openjdk-amd64/jre/lib/amd64/jli/libjli.so
7fc577297000-7fc577497000 ---p 0000d000 08:21 1319223                    /usr/lib/jvm/java-8-openjdk-amd64/jre/lib/amd64/jli/libjli.so
7fc577497000-7fc577498000 r--p 0000d000 08:21 1319223                    /usr/lib/jvm/java-8-openjdk-amd64/jre/lib/amd64/jli/libjli.so
7fc577498000-7fc577499000 rw-p 0000e000 08:21 1319223                    /usr/lib/jvm/java-8-openjdk-amd64/jre/lib/amd64/jli/libjli.so
7fc577499000-7fc5774bf000 r-xp 00000000 08:21 3539031                    /lib/x86_64-linux-gnu/ld-2.23.so
7fc5774cb000-7fc5774cd000 r--s 00008000 08:21 1319192                    /usr/lib/jvm/java-8-openjdk-amd64/jre/lib/ext/sunec.jar
7fc5774cd000-7fc577592000 rw-p 00000000 00:00 0 
7fc577592000-7fc577595000 ---p 00000000 00:00 0 
7fc577595000-7fc577698000 rw-p 00000000 00:00 0 
7fc577698000-7fc57769b000 r--s 0000f000 08:21 1319194                    /usr/lib/jvm/java-8-openjdk-amd64/jre/lib/ext/icedtea-sound.jar
7fc57769b000-7fc5776a5000 r--s 00116000 08:21 1319196                    /usr/lib/jvm/java-8-openjdk-amd64/jre/lib/ext/localedata.jar
7fc5776a5000-7fc5776a6000 r--s 0000a000 08:21 1319189                    /usr/lib/jvm/java-8-openjdk-amd64/jre/lib/ext/jaccess.jar
7fc5776a6000-7fc5776aa000 r--s 00037000 08:21 1319190                    /usr/lib/jvm/java-8-openjdk-amd64/jre/lib/ext/sunpkcs11.jar
7fc5776aa000-7fc5776ac000 r--s 00001000 08:21 1319188                    /usr/lib/jvm/java-8-openjdk-amd64/jre/lib/ext/dnsns.jar
7fc5776ac000-7fc5776ad000 r--s 00010000 08:21 1319191                    /usr/lib/jvm/java-8-openjdk-amd64/jre/lib/ext/zipfs.jar
7fc5776ad000-7fc5776b2000 r--s 0003b000 08:21 1319193                    /usr/lib/jvm/java-8-openjdk-amd64/jre/lib/ext/sunjce_provider.jar
7fc5776b2000-7fc5776ba000 rw-s 00000000 08:21 655425                     /tmp/hsperfdata_wolverindev/27979 (deleted)
7fc5776ba000-7fc5776bb000 rw-p 00000000 00:00 0 
7fc5776bb000-7fc5776bc000 ---p 00000000 00:00 0 
7fc5776bc000-7fc5776be000 rw-p 00000000 00:00 0 
7fc5776be000-7fc5776bf000 r--p 00025000 08:21 3539031                    /lib/x86_64-linux-gnu/ld-2.23.so
7fc5776bf000-7fc5776c0000 rw-p 00026000 08:21 3539031                    /lib/x86_64-linux-gnu/ld-2.23.so
7fc5776c0000-7fc5776c1000 rw-p 00000000 00:00 0 
7fffa7001000-7fffa7022000 rw-p 00000000 00:00 0                          [stack]
7fffa71bc000-7fffa71be000 r--p 00000000 00:00 0                          [vvar]
7fffa71be000-7fffa71c0000 r-xp 00000000 00:00 0                          [vdso]
ffffffffff600000-ffffffffff601000 r-xp 00000000 00:00 0                  [vsyscall]

VM Arguments:
jvm_args: -Dfile.encoding=UTF-8 
java_command: dev.wolveringer.EasyJNI.test.speed.Main
java_class_path (initial): /home/wolverindev/git/EasyJNI/EasyJNI-Java/target/classes
Launcher Type: SUN_STANDARD

Environment Variables:
PATH=/home/wolverindev/bin:/home/wolverindev/bin:/usr/local/sbin:/usr/local/bin:/usr/sbin:/usr/bin:/sbin:/bin:/usr/games:/usr/local/games:/snap/bin:/home/wolverindev/.rvm/bin:/home/wolverindev/.rvm/bin
SHELL=/bin/bash
DISPLAY=:0

Signal Handlers:
SIGSEGV: [libjvm.so+0xa67f40], sa_mask[0]=11111111011111111101111111111110, sa_flags=SA_RESTART|SA_SIGINFO
SIGBUS: [libjvm.so+0xa67f40], sa_mask[0]=11111111011111111101111111111110, sa_flags=SA_RESTART|SA_SIGINFO
SIGFPE: [libjvm.so+0x8b0ec0], sa_mask[0]=11111111011111111101111111111110, sa_flags=SA_RESTART|SA_SIGINFO
SIGPIPE: [libjvm.so+0x8b0ec0], sa_mask[0]=11111111011111111101111111111110, sa_flags=SA_RESTART|SA_SIGINFO
SIGXFSZ: [libjvm.so+0x8b0ec0], sa_mask[0]=11111111011111111101111111111110, sa_flags=SA_RESTART|SA_SIGINFO
SIGILL: [libjvm.so+0x8b0ec0], sa_mask[0]=11111111011111111101111111111110, sa_flags=SA_RESTART|SA_SIGINFO
SIGUSR1: SIG_DFL, sa_mask[0]=00000000000000000000000000000000, sa_flags=none
SIGUSR2: [libjvm.so+0x8b0d70], sa_mask[0]=00100000000000000000000000000000, sa_flags=SA_RESTART|SA_SIGINFO
SIGHUP: [libjvm.so+0x8b1240], sa_mask[0]=11111111011111111101111111111110, sa_flags=SA_RESTART|SA_SIGINFO
SIGINT: [libjvm.so+0x8b1240], sa_mask[0]=11111111011111111101111111111110, sa_flags=SA_RESTART|SA_SIGINFO
SIGTERM: [libjvm.so+0x8b1240], sa_mask[0]=11111111011111111101111111111110, sa_flags=SA_RESTART|SA_SIGINFO
SIGQUIT: [libjvm.so+0x8b1240], sa_mask[0]=11111111011111111101111111111110, sa_flags=SA_RESTART|SA_SIGINFO


---------------  S Y S T E M  ---------------

OS:DISTRIB_ID=Ubuntu
DISTRIB_RELEASE=16.04
DISTRIB_CODENAME=xenial
DISTRIB_DESCRIPTION="Ubuntu 16.04.2 LTS"

uname:Linux 4.8.0-52-generic #55~16.04.1-Ubuntu SMP Fri Apr 28 14:36:29 UTC 2017 x86_64
libc:glibc 2.23 NPTL 2.23 
rlimit: STACK 8192k, CORE 0k, NPROC 160488, NOFILE 65536, AS infinity
load average:1,99 2,19 2,02

/proc/meminfo:
MemTotal:       41133816 kB
MemFree:        15176056 kB
MemAvailable:   19797152 kB
Buffers:          809264 kB
Cached:          4748196 kB
SwapCached:            0 kB
Active:         21682096 kB
Inactive:        2981004 kB
Active(anon):   19110780 kB
Inactive(anon):  1057728 kB
Active(file):    2571316 kB
Inactive(file):  1923276 kB
Unevictable:         384 kB
Mlocked:             384 kB
SwapTotal:      41870332 kB
SwapFree:       41870332 kB
Dirty:             13048 kB
Writeback:             0 kB
AnonPages:      18159712 kB
Mapped:          1642504 kB
Shmem:           1062868 kB
Slab:             795768 kB
SReclaimable:     658312 kB
SUnreclaim:       137456 kB
KernelStack:       33248 kB
PageTables:       158800 kB
NFS_Unstable:          0 kB
Bounce:                0 kB
WritebackTmp:          0 kB
CommitLimit:    62437240 kB
Committed_AS:   38756308 kB
VmallocTotal:   34359738367 kB
VmallocUsed:           0 kB
VmallocChunk:          0 kB
HardwareCorrupted:     0 kB
AnonHugePages:   9209856 kB
ShmemHugePages:        0 kB
ShmemPmdMapped:        0 kB
CmaTotal:              0 kB
CmaFree:               0 kB
HugePages_Total:       0
HugePages_Free:        0
HugePages_Rsvd:        0
HugePages_Surp:        0
Hugepagesize:       2048 kB
DirectMap4k:      556852 kB
DirectMap2M:    20344832 kB
DirectMap1G:    23068672 kB


CPU:total 12 (initial active 12) (6 cores per cpu, 2 threads per core) family 6 model 62 stepping 4, cmov, cx8, fxsr, mmx, sse, sse2, sse3, ssse3, sse4.1, sse4.2, popcnt, avx, aes, clmul, erms, ht, tsc, tscinvbit

/proc/cpuinfo:
processor	: 0
vendor_id	: GenuineIntel
cpu family	: 6
model		: 62
model name	: Intel(R) Core(TM) i7-4960X CPU @ 3.60GHz
stepping	: 4
microcode	: 0x416
cpu MHz		: 3703.051
cache size	: 15360 KB
physical id	: 0
siblings	: 12
core id		: 0
cpu cores	: 6
apicid		: 0
initial apicid	: 0
fpu		: yes
fpu_exception	: yes
cpuid level	: 13
wp		: yes
flags		: fpu vme de pse tsc msr pae mce cx8 apic sep mtrr pge mca cmov pat pse36 clflush dts acpi mmx fxsr sse sse2 ss ht tm pbe syscall nx pdpe1gb rdtscp lm constant_tsc arch_perfmon pebs bts rep_good nopl xtopology nonstop_tsc aperfmperf eagerfpu pni pclmulqdq dtes64 monitor ds_cpl vmx est tm2 ssse3 cx16 xtpr pdcm pcid dca sse4_1 sse4_2 x2apic popcnt tsc_deadline_timer aes xsave avx f16c rdrand lahf_lm epb tpr_shadow vnmi flexpriority ept vpid fsgsbase smep erms xsaveopt dtherm ida arat pln pts
bugs		:
bogomips	: 7204.23
clflush size	: 64
cache_alignment	: 64
address sizes	: 46 bits physical, 48 bits virtual
power management:

processor	: 1
vendor_id	: GenuineIntel
cpu family	: 6
model		: 62
model name	: Intel(R) Core(TM) i7-4960X CPU @ 3.60GHz
stepping	: 4
microcode	: 0x416
cpu MHz		: 3721.508
cache size	: 15360 KB
physical id	: 0
siblings	: 12
core id		: 1
cpu cores	: 6
apicid		: 2
initial apicid	: 2
fpu		: yes
fpu_exception	: yes
cpuid level	: 13
wp		: yes
flags		: fpu vme de pse tsc msr pae mce cx8 apic sep mtrr pge mca cmov pat pse36 clflush dts acpi mmx fxsr sse sse2 ss ht tm pbe syscall nx pdpe1gb rdtscp lm constant_tsc arch_perfmon pebs bts rep_good nopl xtopology nonstop_tsc aperfmperf eagerfpu pni pclmulqdq dtes64 monitor ds_cpl vmx est tm2 ssse3 cx16 xtpr pdcm pcid dca sse4_1 sse4_2 x2apic popcnt tsc_deadline_timer aes xsave avx f16c rdrand lahf_lm epb tpr_shadow vnmi flexpriority ept vpid fsgsbase smep erms xsaveopt dtherm ida arat pln pts
bugs		:
bogomips	: 7204.23
clflush size	: 64
cache_alignment	: 64
address sizes	: 46 bits physical, 48 bits virtual
power management:

processor	: 2
vendor_id	: GenuineIntel
cpu family	: 6
model		: 62
model name	: Intel(R) Core(TM) i7-4960X CPU @ 3.60GHz
stepping	: 4
microcode	: 0x416
cpu MHz		: 3705.688
cache size	: 15360 KB
physical id	: 0
siblings	: 12
core id		: 2
cpu cores	: 6
apicid		: 4
initial apicid	: 4
fpu		: yes
fpu_exception	: yes
cpuid level	: 13
wp		: yes
flags		: fpu vme de pse tsc msr pae mce cx8 apic sep mtrr pge mca cmov pat pse36 clflush dts acpi mmx fxsr sse sse2 ss ht tm pbe syscall nx pdpe1gb rdtscp lm constant_tsc arch_perfmon pebs bts rep_good nopl xtopology nonstop_tsc aperfmperf eagerfpu pni pclmulqdq dtes64 monitor ds_cpl vmx est tm2 ssse3 cx16 xtpr pdcm pcid dca sse4_1 sse4_2 x2apic popcnt tsc_deadline_timer aes xsave avx f16c rdrand lahf_lm epb tpr_shadow vnmi flexpriority ept vpid fsgsbase smep erms xsaveopt dtherm ida arat pln pts
bugs		:
bogomips	: 7204.23
clflush size	: 64
cache_alignment	: 64
address sizes	: 46 bits physical, 48 bits virtual
power management:

processor	: 3
vendor_id	: GenuineIntel
cpu family	: 6
model		: 62
model name	: Intel(R) Core(TM) i7-4960X CPU @ 3.60GHz
stepping	: 4
microcode	: 0x416
cpu MHz		: 3714.916
cache size	: 15360 KB
physical id	: 0
siblings	: 12
core id		: 3
cpu cores	: 6
apicid		: 6
initial apicid	: 6
fpu		: yes
fpu_exception	: yes
cpuid level	: 13
wp		: yes
flags		: fpu vme de pse tsc msr pae mce cx8 apic sep mtrr pge mca cmov pat pse36 clflush dts acpi mmx fxsr sse sse2 ss ht tm pbe syscall nx pdpe1gb rdtscp lm constant_tsc arch_perfmon pebs bts rep_good nopl xtopology nonstop_tsc aperfmperf eagerfpu pni pclmulqdq dtes64 monitor ds_cpl vmx est tm2 ssse3 cx16 xtpr pdcm pcid dca sse4_1 sse4_2 x2apic popcnt tsc_deadline_timer aes xsave avx f16c rdrand lahf_lm epb tpr_shadow vnmi flexpriority ept vpid fsgsbase smep erms xsaveopt dtherm ida arat pln pts
bugs		:
bogomips	: 7204.23
clflush size	: 64
cache_alignment	: 64
address sizes	: 46 bits physical, 48 bits virtual
power management:

processor	: 4
vendor_id	: GenuineIntel
cpu family	: 6
model		: 62
model name	: Intel(R) Core(TM) i7-4960X CPU @ 3.60GHz
stepping	: 4
microcode	: 0x416
cpu MHz		: 3720.190
cache size	: 15360 KB
physical id	: 0
siblings	: 12
core id		: 4
cpu cores	: 6
apicid		: 8
initial apicid	: 8
fpu		: yes
fpu_exception	: yes
cpuid level	: 13
wp		: yes
flags		: fpu vme de pse tsc msr pae mce cx8 apic sep mtrr pge mca cmov pat pse36 clflush dts acpi mmx fxsr sse sse2 ss ht tm pbe syscall nx pdpe1gb rdtscp lm constant_tsc arch_perfmon pebs bts rep_good nopl xtopology nonstop_tsc aperfmperf eagerfpu pni pclmulqdq dtes64 monitor ds_cpl vmx est tm2 ssse3 cx16 xtpr pdcm pcid dca sse4_1 sse4_2 x2apic popcnt tsc_deadline_timer aes xsave avx f16c rdrand lahf_lm epb tpr_shadow vnmi flexpriority ept vpid fsgsbase smep erms xsaveopt dtherm ida arat pln pts
bugs		:
bogomips	: 7204.23
clflush size	: 64
cache_alignment	: 64
address sizes	: 46 bits physical, 48 bits virtual
power management:

processor	: 5
vendor_id	: GenuineIntel
cpu family	: 6
model		: 62
model name	: Intel(R) Core(TM) i7-4960X CPU @ 3.60GHz
stepping	: 4
microcode	: 0x416
cpu MHz		: 3713.818
cache size	: 15360 KB
physical id	: 0
siblings	: 12
core id		: 5
cpu cores	: 6
apicid		: 10
initial apicid	: 10
fpu		: yes
fpu_exception	: yes
cpuid level	: 13
wp		: yes
flags		: fpu vme de pse tsc msr pae mce cx8 apic sep mtrr pge mca cmov pat pse36 clflush dts acpi mmx fxsr sse sse2 ss ht tm pbe syscall nx pdpe1gb rdtscp lm constant_tsc arch_perfmon pebs bts rep_good nopl xtopology nonstop_tsc aperfmperf eagerfpu pni pclmulqdq dtes64 monitor ds_cpl vmx est tm2 ssse3 cx16 xtpr pdcm pcid dca sse4_1 sse4_2 x2apic popcnt tsc_deadline_timer aes xsave avx f16c rdrand lahf_lm epb tpr_shadow vnmi flexpriority ept vpid fsgsbase smep erms xsaveopt dtherm ida arat pln pts
bugs		:
bogomips	: 7204.23
clflush size	: 64
cache_alignment	: 64
address sizes	: 46 bits physical, 48 bits virtual
power management:

processor	: 6
vendor_id	: GenuineIntel
cpu family	: 6
model		: 62
model name	: Intel(R) Core(TM) i7-4960X CPU @ 3.60GHz
stepping	: 4
microcode	: 0x416
cpu MHz		: 3770.947
cache size	: 15360 KB
physical id	: 0
siblings	: 12
core id		: 0
cpu cores	: 6
apicid		: 1
initial apicid	: 1
fpu		: yes
fpu_exception	: yes
cpuid level	: 13
wp		: yes
flags		: fpu vme de pse tsc msr pae mce cx8 apic sep mtrr pge mca cmov pat pse36 clflush dts acpi mmx fxsr sse sse2 ss ht tm pbe syscall nx pdpe1gb rdtscp lm constant_tsc arch_perfmon pebs bts rep_good nopl xtopology nonstop_tsc aperfmperf eagerfpu pni pclmulqdq dtes64 monitor ds_cpl vmx est tm2 ssse3 cx16 xtpr pdcm pcid dca sse4_1 sse4_2 x2apic popcnt tsc_deadline_timer aes xsave avx f16c rdrand lahf_lm epb tpr_shadow vnmi flexpriority ept vpid fsgsbase smep erms xsaveopt dtherm ida arat pln pts
bugs		:
bogomips	: 7204.23
clflush size	: 64
cache_alignment	: 64
address sizes	: 46 bits physical, 48 bits virtual
power management:

processor	: 7
vendor_id	: GenuineIntel
cpu family	: 6
model		: 62
model name	: Intel(R) Core(TM) i7-4960X CPU @ 3.60GHz
stepping	: 4
microcode	: 0x416
cpu MHz		: 3763.696
cache size	: 15360 KB
physical id	: 0
siblings	: 12
core id		: 1
cpu cores	: 6
apicid		: 3
initial apicid	: 3
fpu		: yes
fpu_exception	: yes
cpuid level	: 13
wp		: yes
flags		: fpu vme de pse tsc msr pae mce cx8 apic sep mtrr pge mca cmov pat pse36 clflush dts acpi mmx fxsr sse sse2 ss ht tm pbe syscall nx pdpe1gb rdtscp lm constant_tsc arch_perfmon pebs bts rep_good nopl xtopology nonstop_tsc aperfmperf eagerfpu pni pclmulqdq dtes64 monitor ds_cpl vmx est tm2 ssse3 cx16 xtpr pdcm pcid dca sse4_1 sse4_2 x2apic popcnt tsc_deadline_timer aes xsave avx f16c rdrand lahf_lm epb tpr_shadow vnmi flexpriority ept vpid fsgsbase smep erms xsaveopt dtherm ida arat pln pts
bugs		:
bogomips	: 7204.23
clflush size	: 64
cache_alignment	: 64
address sizes	: 46 bits physical, 48 bits virtual
power management:

processor	: 8
vendor_id	: GenuineIntel
cpu family	: 6
model		: 62
model name	: Intel(R) Core(TM) i7-4960X CPU @ 3.60GHz
stepping	: 4
microcode	: 0x416
cpu MHz		: 3705.468
cache size	: 15360 KB
physical id	: 0
siblings	: 12
core id		: 2
cpu cores	: 6
apicid		: 5
initial apicid	: 5
fpu		: yes
fpu_exception	: yes
cpuid level	: 13
wp		: yes
flags		: fpu vme de pse tsc msr pae mce cx8 apic sep mtrr pge mca cmov pat pse36 clflush dts acpi mmx fxsr sse sse2 ss ht tm pbe syscall nx pdpe1gb rdtscp lm constant_tsc arch_perfmon pebs bts rep_good nopl xtopology nonstop_tsc aperfmperf eagerfpu pni pclmulqdq dtes64 monitor ds_cpl vmx est tm2 ssse3 cx16 xtpr pdcm pcid dca sse4_1 sse4_2 x2apic popcnt tsc_deadline_timer aes xsave avx f16c rdrand lahf_lm epb tpr_shadow vnmi flexpriority ept vpid fsgsbase smep erms xsaveopt dtherm ida arat pln pts
bugs		:
bogomips	: 7204.23
clflush size	: 64
cache_alignment	: 64
address sizes	: 46 bits physical, 48 bits virtual
power management:

processor	: 9
vendor_id	: GenuineIntel
cpu family	: 6
model		: 62
model name	: Intel(R) Core(TM) i7-4960X CPU @ 3.60GHz
stepping	: 4
microcode	: 0x416
cpu MHz		: 3750.952
cache size	: 15360 KB
physical id	: 0
siblings	: 12
core id		: 3
cpu cores	: 6
apicid		: 7
initial apicid	: 7
fpu		: yes
fpu_exception	: yes
cpuid level	: 13
wp		: yes
flags		: fpu vme de pse tsc msr pae mce cx8 apic sep mtrr pge mca cmov pat pse36 clflush dts acpi mmx fxsr sse sse2 ss ht tm pbe syscall nx pdpe1gb rdtscp lm constant_tsc arch_perfmon pebs bts rep_good nopl xtopology nonstop_tsc aperfmperf eagerfpu pni pclmulqdq dtes64 monitor ds_cpl vmx est tm2 ssse3 cx16 xtpr pdcm pcid dca sse4_1 sse4_2 x2apic popcnt tsc_deadline_timer aes xsave avx f16c rdrand lahf_lm epb tpr_shadow vnmi flexpriority ept vpid fsgsbase smep erms xsaveopt dtherm ida arat pln pts
bugs		:
bogomips	: 7204.23
clflush size	: 64
cache_alignment	: 64
address sizes	: 46 bits physical, 48 bits virtual
power management:

processor	: 10
vendor_id	: GenuineIntel
cpu family	: 6
model		: 62
model name	: Intel(R) Core(TM) i7-4960X CPU @ 3.60GHz
stepping	: 4
microcode	: 0x416
cpu MHz		: 3705.468
cache size	: 15360 KB
physical id	: 0
siblings	: 12
core id		: 4
cpu cores	: 6
apicid		: 9
initial apicid	: 9
fpu		: yes
fpu_exception	: yes
cpuid level	: 13
wp		: yes
flags		: fpu vme de pse tsc msr pae mce cx8 apic sep mtrr pge mca cmov pat pse36 clflush dts acpi mmx fxsr sse sse2 ss ht tm pbe syscall nx pdpe1gb rdtscp lm constant_tsc arch_perfmon pebs bts rep_good nopl xtopology nonstop_tsc aperfmperf eagerfpu pni pclmulqdq dtes64 monitor ds_cpl vmx est tm2 ssse3 cx16 xtpr pdcm pcid dca sse4_1 sse4_2 x2apic popcnt tsc_deadline_timer aes xsave avx f16c rdrand lahf_lm epb tpr_shadow vnmi flexpriority ept vpid fsgsbase smep erms xsaveopt dtherm ida arat pln pts
bugs		:
bogomips	: 7204.23
clflush size	: 64
cache_alignment	: 64
address sizes	: 46 bits physical, 48 bits virtual
power management:

processor	: 11
vendor_id	: GenuineIntel
cpu family	: 6
model		: 62
model name	: Intel(R) Core(TM) i7-4960X CPU @ 3.60GHz
stepping	: 4
microcode	: 0x416
cpu MHz		: 3697.998
cache size	: 15360 KB
physical id	: 0
siblings	: 12
core id		: 5
cpu cores	: 6
apicid		: 11
initial apicid	: 11
fpu		: yes
fpu_exception	: yes
cpuid level	: 13
wp		: yes
flags		: fpu vme de pse tsc msr pae mce cx8 apic sep mtrr pge mca cmov pat pse36 clflush dts acpi mmx fxsr sse sse2 ss ht tm pbe syscall nx pdpe1gb rdtscp lm constant_tsc arch_perfmon pebs bts rep_good nopl xtopology nonstop_tsc aperfmperf eagerfpu pni pclmulqdq dtes64 monitor ds_cpl vmx est tm2 ssse3 cx16 xtpr pdcm pcid dca sse4_1 sse4_2 x2apic popcnt tsc_deadline_timer aes xsave avx f16c rdrand lahf_lm epb tpr_shadow vnmi flexpriority ept vpid fsgsbase smep erms xsaveopt dtherm ida arat pln pts
bugs		:
bogomips	: 7204.23
clflush size	: 64
cache_alignment	: 64
address sizes	: 46 bits physical, 48 bits virtual
power management:



Memory: 4k page, physical 41133816k(15176056k free), swap 41870332k(41870332k free)

vm_info: OpenJDK 64-Bit Server VM (25.131-b11) for linux-amd64 JRE (1.8.0_131-8u131-b11-0ubuntu1.16.04.2-b11), built on May  6 2017 02:45:27 by "buildd" with gcc 5.4.0 20160609

time: Sat May 20 18:42:36 2017
elapsed time: 0 seconds (0d 0h 0m 0s)

