#
# A fatal error has been detected by the Java Runtime Environment:
#
#  SIGSEGV (0xb) at pc=0x00007f4429f1bd77, pid=25350, tid=0x00007f442b5e9700
#
# JRE version: OpenJDK Runtime Environment (8.0_131-b11) (build 1.8.0_131-8u131-b11-0ubuntu1.16.04.2-b11)
# Java VM: OpenJDK 64-Bit Server VM (25.131-b11 mixed mode linux-amd64 compressed oops)
# Problematic frame:
# V  [libjvm.so+0x67bd77]
#
# Failed to write core dump. Core dumps have been disabled. To enable core dumping, try "ulimit -c unlimited" before starting Java again
#
# If you would like to submit a bug report, please visit:
#   http://bugreport.java.com/bugreport/crash.jsp
#

---------------  T H R E A D  ---------------

Current thread (0x00007f442400a000):  JavaThread "main" [_thread_in_vm, id=25355, stack(0x00007f442b4e9000,0x00007f442b5ea000)]

siginfo: si_signo: 11 (SIGSEGV), si_code: 1 (SEGV_MAPERR), si_addr: 0x0000000000000008

Registers:
RAX=0x0000000000000000, RBX=0x00007f442b5e8500, RCX=0x00007f442b5e8548, RDX=0x00007f44240076c8
RSP=0x00007f442b5e8470, RBP=0x00007f442b5e85f0, RSI=0x00007f442b5e84b0, RDI=0x00007f442b5e8500
R8 =0x0000000000000001, R9 =0x00007f442400a000, R10=0x0000000000000003, R11=0x00007f44108deb88
R12=0x00007f442b5e8640, R13=0x00007f442400a000, R14=0x00007f442b5e8540, R15=0x00007f442b5e84c0
RIP=0x00007f4429f1bd77, EFLAGS=0x0000000000010206, CSGSFS=0x002b000000000033, ERR=0x0000000000000004
  TRAPNO=0x000000000000000e

Top of Stack: (sp=0x00007f442b5e8470)
0x00007f442b5e8470:   0000000000000000 0000000000000000
0x00007f442b5e8480:   00007f44104862a0 00000007c00605c8
0x00007f442b5e8490:   00007f4429f2a6f0 00007f442400a1e0
0x00007f442b5e84a0:   00007f442b5e84b0 00007f442b5e8610
0x00007f442b5e84b0:   0000000000000000 00007f442400a000
0x00007f442b5e84c0:   0000000000000000 0000000000000000
0x00007f442b5e84d0:   00007f44240088f0 00007f44240072e0
0x00007f442b5e84e0:   00007f44240072f0 00007f44240076c8
0x00007f442b5e84f0:   00000000000003d8 00007f4424121808
0x00007f442b5e8500:   00007f44108dece8 00007f442400a000
0x00007f442b5e8510:   00007f44108dece8 00007f442400a000
0x00007f442b5e8520:   0000000400000001 9bbc4283e53f7700
0x00007f442b5e8530:   00007f43f8f00f81 00007f442400a000
0x00007f442b5e8540:   00007f442400a1e0 00007f442400a4e0
0x00007f442b5e8550:   00007f442400a000 00007f442400a000
0x00007f442b5e8560:   00007f442b5e85d0 00007f4429f1b792
0x00007f442b5e8570:   00007f442400a000 0000000000000000
0x00007f442b5e8580:   00000000ffffffff 00007f442b5e01a0
0x00007f442b5e8590:   00007f43f8cb96b0 00007f442b5e8548
0x00007f442b5e85a0:   00007f442b5e8589 0000000800000001
0x00007f442b5e85b0:   00007f442b5e8700 9bbc4283e53f7700
0x00007f442b5e85c0:   00007f442b5e89c0 00007f442400a000
0x00007f442b5e85d0:   00007f442400a1e0 00007f4424121808
0x00007f442b5e85e0:   00007f442b5e8640 00007f442b5e86f0
0x00007f442b5e85f0:   00007f442b5e86c0 00007f4429f1f7c2
0x00007f442b5e8600:   00007f442b5e87c0 00007f442407ac88
0x00007f442b5e8610:   000000000000000e 00007f442413f740
0x00007f442b5e8620:   00007f442400a000 0000000000000000
0x00007f442b5e8630:   00007f442b5e87c0 00007f442b407753
0x00007f442b5e8640:   00007f442a6fd750 00007f44104862a0
0x00007f442b5e8650:   0000000000000000 0000000000000063
0x00007f442b5e8660:   00007f442b5e8540 0000003000000018 

Instructions: (pc=0x00007f4429f1bd77)
0x00007f4429f1bd57:   48 8d 85 c0 fe ff ff 48 89 c6 48 89 85 b0 fe ff
0x00007f4429f1bd67:   ff e8 a3 f5 d2 ff 48 8b 85 d0 fe ff ff 48 89 df
0x00007f4429f1bd77:   48 8b 40 08 0f b7 48 24 48 8b 40 08 48 8b 74 c8
0x00007f4429f1bd87:   50 e8 33 22 30 00 48 8d 05 44 18 7e 00 48 8d 7b 

Register to memory mapping:

RAX=0x0000000000000000 is an unknown value
RBX=0x00007f442b5e8500 is pointing into the stack for thread: 0x00007f442400a000
RCX=0x00007f442b5e8548 is pointing into the stack for thread: 0x00007f442400a000
RDX=0x00007f44240076c8 is an unknown value
RSP=0x00007f442b5e8470 is pointing into the stack for thread: 0x00007f442400a000
RBP=0x00007f442b5e85f0 is pointing into the stack for thread: 0x00007f442400a000
RSI=0x00007f442b5e84b0 is pointing into the stack for thread: 0x00007f442400a000
RDI=0x00007f442b5e8500 is pointing into the stack for thread: 0x00007f442400a000
R8 =0x0000000000000001 is an unknown value
R9 =0x00007f442400a000 is a thread
R10=0x0000000000000003 is an unknown value
R11=0x00007f44108deb88 is pointing into metadata
R12=0x00007f442b5e8640 is pointing into the stack for thread: 0x00007f442400a000
R13=0x00007f442400a000 is a thread
R14=0x00007f442b5e8540 is pointing into the stack for thread: 0x00007f442400a000
R15=0x00007f442b5e84c0 is pointing into the stack for thread: 0x00007f442400a000


Stack: [0x00007f442b4e9000,0x00007f442b5ea000],  sp=0x00007f442b5e8470,  free space=1021k
Native frames: (J=compiled Java code, j=interpreted, Vv=VM code, C=native code)
V  [libjvm.so+0x67bd77]
V  [libjvm.so+0x67f7c2]
C  [libEasyJNITest.so+0x19bf5]  JNIEnv_::CallVoidMethod(_jobject*, _jmethodID*, ...)+0xc7
C  [libEasyJNITest.so+0x227aa]  JNIMethodeInvoker<void>::callInstance(JavaMethode*)+0x67
C  [libEasyJNITest.so+0x20f83]  JavaMethodeImpl<void>::call()+0x3f
C  [libEasyJNITest.so+0x19481]  testMethode(JNIEnv_*, _jclass*)+0x170
j  dev.wolveringer.EasyJNI.Main.runNativeTests()V+0
j  dev.wolveringer.EasyJNI.Main.main([Ljava/lang/String;)V+19
v  ~StubRoutines::call_stub
V  [libjvm.so+0x66211b]
V  [libjvm.so+0x683e5e]
V  [libjvm.so+0x68678f]
C  [libjli.so+0x3552]
C  [libjli.so+0x73dd]
C  [libpthread.so.0+0x76ba]  start_thread+0xca

Java frames: (J=compiled Java code, j=interpreted, Vv=VM code)
j  dev.wolveringer.EasyJNI.Main.runNativeTests()V+0
j  dev.wolveringer.EasyJNI.Main.main([Ljava/lang/String;)V+19
v  ~StubRoutines::call_stub

---------------  P R O C E S S  ---------------

Java Threads: ( => current thread )
  0x00007f44240c8000 JavaThread "Service Thread" daemon [_thread_blocked, id=25374, stack(0x00007f43f923f000,0x00007f43f9340000)]
  0x00007f44240c3000 JavaThread "C1 CompilerThread3" daemon [_thread_blocked, id=25373, stack(0x00007f43f9340000,0x00007f43f9441000)]
  0x00007f44240bf000 JavaThread "C2 CompilerThread2" daemon [_thread_blocked, id=25372, stack(0x00007f43f9441000,0x00007f43f9542000)]
  0x00007f44240bd000 JavaThread "C2 CompilerThread1" daemon [_thread_blocked, id=25371, stack(0x00007f43f9542000,0x00007f43f9643000)]
  0x00007f44240ba000 JavaThread "C2 CompilerThread0" daemon [_thread_blocked, id=25370, stack(0x00007f43f9643000,0x00007f43f9744000)]
  0x00007f44240b8000 JavaThread "Signal Dispatcher" daemon [_thread_blocked, id=25369, stack(0x00007f43f9744000,0x00007f43f9845000)]
  0x00007f442408f800 JavaThread "Finalizer" daemon [_thread_blocked, id=25368, stack(0x00007f43f9c9b000,0x00007f43f9d9c000)]
  0x00007f442408b000 JavaThread "Reference Handler" daemon [_thread_blocked, id=25367, stack(0x00007f43f9d9c000,0x00007f43f9e9d000)]
=>0x00007f442400a000 JavaThread "main" [_thread_in_vm, id=25355, stack(0x00007f442b4e9000,0x00007f442b5ea000)]

Other Threads:
  0x00007f4424083800 VMThread [stack: 0x00007f43f9e9d000,0x00007f43f9f9e000] [id=25366]
  0x00007f44240ca800 WatcherThread [stack: 0x00007f43f913e000,0x00007f43f923f000] [id=25375]

VM state:not at safepoint (normal execution)

VM Mutex/Monitor currently owned by a thread: None

Heap:
 PSYoungGen      total 187392K, used 6430K [0x00000006eec00000, 0x00000006fbd00000, 0x00000007c0000000)
  eden space 160768K, 4% used [0x00000006eec00000,0x00000006ef247b08,0x00000006f8900000)
  from space 26624K, 0% used [0x00000006fa300000,0x00000006fa300000,0x00000006fbd00000)
  to   space 26624K, 0% used [0x00000006f8900000,0x00000006f8900000,0x00000006fa300000)
 ParOldGen       total 429056K, used 0K [0x000000054c400000, 0x0000000566700000, 0x00000006eec00000)
  object space 429056K, 0% used [0x000000054c400000,0x000000054c400000,0x0000000566700000)
 Metaspace       used 2568K, capacity 4496K, committed 4864K, reserved 1056768K
  class space    used 271K, capacity 388K, committed 512K, reserved 1048576K

Card table byte_map: [0x00007f4413698000,0x00007f4414a37000] byte_map_base: 0x00007f4410c36000

Marking Bits: (ParMarkBitMap*) 0x00007f442a7c0260
 Begin Bits: [0x00007f43c8620000, 0x00007f43d2310000)
 End Bits:   [0x00007f43d2310000, 0x00007f43dc000000)

Polling page: 0x00007f442b612000

CodeCache: size=245760Kb used=1089Kb max_used=1089Kb free=244670Kb
 bounds [0x00007f4414df7000, 0x00007f4415067000, 0x00007f4423df7000]
 total_blobs=246 nmethods=17 adapters=145
 compilation: enabled

Compilation events (10 events):
Event: 0,042 Thread 0x00007f44240c3000 nmethod 12 0x00007f4414f03510 code [0x00007f4414f03660, 0x00007f4414f03750]
Event: 0,044 Thread 0x00007f44240c3000   13       3       java.lang.AbstractStringBuilder::append (50 bytes)
Event: 0,045 Thread 0x00007f44240c3000 nmethod 13 0x00007f4414f037d0 code [0x00007f4414f039a0, 0x00007f4414f040f8]
Event: 0,045 Thread 0x00007f44240c3000   14       3       java.lang.String::getChars (62 bytes)
Event: 0,045 Thread 0x00007f44240c3000 nmethod 14 0x00007f4414f04410 code [0x00007f4414f045c0, 0x00007f4414f049f8]
Event: 0,045 Thread 0x00007f44240c3000   15       3       java.lang.System::getSecurityManager (4 bytes)
Event: 0,045 Thread 0x00007f44240c3000 nmethod 15 0x00007f4414f04c10 code [0x00007f4414f04d60, 0x00007f4414f04eb0]
Event: 0,045 Thread 0x00007f44240c3000   16       3       sun.nio.cs.UTF_8$Encoder::encode (359 bytes)
Event: 0,046 Thread 0x00007f44240c3000 nmethod 16 0x00007f4414f04f10 code [0x00007f4414f05100, 0x00007f4414f05c38]
Event: 0,048 Thread 0x00007f44240c3000   17       3       java.util.Arrays::copyOfRange (63 bytes)

GC Heap History (0 events):
No events

Deoptimization events (0 events):
No events

Internal exceptions (2 events):
Event: 0,016 Thread 0x00007f442400a000 Exception <a 'java/lang/NoSuchMethodError': Method sun.misc.Unsafe.defineClass(Ljava/lang/String;[BII)Ljava/lang/Class; name or signature does not match> (0x00000006eec07ca8) thrown at [/build/openjdk-8-VTMhfL/openjdk-8-8u131-b11/src/hotspot/src/share/vm/
Event: 0,016 Thread 0x00007f442400a000 Exception <a 'java/lang/NoSuchMethodError': Method sun.misc.Unsafe.prefetchRead(Ljava/lang/Object;J)V name or signature does not match> (0x00000006eec07f90) thrown at [/build/openjdk-8-VTMhfL/openjdk-8-8u131-b11/src/hotspot/src/share/vm/prims/jni.cpp, lin

Events (10 events):
Event: 0,046 loading class java/nio/charset/CoderResult$2
Event: 0,046 loading class java/nio/charset/CoderResult$2 done
Event: 0,047 loading class dev/wolveringer/EasyJNI/test/TestStaticFields
Event: 0,047 loading class dev/wolveringer/EasyJNI/test/TestStaticFields done
Event: 0,048 loading class dev/wolveringer/EasyJNI/test/instance/InformationHolder
Event: 0,048 loading class dev/wolveringer/EasyJNI/test/instance/InformationHolder done
Event: 0,048 loading class java/util/concurrent/ConcurrentHashMap$ForwardingNode
Event: 0,048 loading class java/util/concurrent/ConcurrentHashMap$ForwardingNode done
Event: 0,048 loading class dev/wolveringer/EasyJNI/test/instance/BasicClass
Event: 0,048 loading class dev/wolveringer/EasyJNI/test/instance/BasicClass done


Dynamic libraries:
00400000-00401000 r-xp 00000000 08:21 1319275                            /usr/lib/jvm/java-8-openjdk-amd64/jre/bin/java
00600000-00601000 r--p 00000000 08:21 1319275                            /usr/lib/jvm/java-8-openjdk-amd64/jre/bin/java
00601000-00602000 rw-p 00001000 08:21 1319275                            /usr/lib/jvm/java-8-openjdk-amd64/jre/bin/java
007b0000-007d1000 rw-p 00000000 00:00 0                                  [heap]
54c400000-566700000 rw-p 00000000 00:00 0 
566700000-6eec00000 ---p 00000000 00:00 0 
6eec00000-6fbd00000 rw-p 00000000 00:00 0 
6fbd00000-7c0000000 ---p 00000000 00:00 0 
7c0000000-7c0080000 rw-p 00000000 00:00 0 
7c0080000-800000000 ---p 00000000 00:00 0 
7f43a4000000-7f43a4021000 rw-p 00000000 00:00 0 
7f43a4021000-7f43a8000000 ---p 00000000 00:00 0 
7f43a8000000-7f43a8021000 rw-p 00000000 00:00 0 
7f43a8021000-7f43ac000000 ---p 00000000 00:00 0 
7f43ac000000-7f43ac021000 rw-p 00000000 00:00 0 
7f43ac021000-7f43b0000000 ---p 00000000 00:00 0 
7f43b0000000-7f43b002d000 rw-p 00000000 00:00 0 
7f43b002d000-7f43b4000000 ---p 00000000 00:00 0 
7f43b4000000-7f43b4056000 rw-p 00000000 00:00 0 
7f43b4056000-7f43b8000000 ---p 00000000 00:00 0 
7f43b8000000-7f43b8021000 rw-p 00000000 00:00 0 
7f43b8021000-7f43bc000000 ---p 00000000 00:00 0 
7f43bc000000-7f43bc021000 rw-p 00000000 00:00 0 
7f43bc021000-7f43c0000000 ---p 00000000 00:00 0 
7f43c0000000-7f43c0021000 rw-p 00000000 00:00 0 
7f43c0021000-7f43c4000000 ---p 00000000 00:00 0 
7f43c4000000-7f43c4021000 rw-p 00000000 00:00 0 
7f43c4021000-7f43c8000000 ---p 00000000 00:00 0 
7f43c8620000-7f43dc000000 rw-p 00000000 00:00 0 
7f43dc000000-7f43dc021000 rw-p 00000000 00:00 0 
7f43dc021000-7f43e0000000 ---p 00000000 00:00 0 
7f43e0000000-7f43e0021000 rw-p 00000000 00:00 0 
7f43e0021000-7f43e4000000 ---p 00000000 00:00 0 
7f43e4000000-7f43e4021000 rw-p 00000000 00:00 0 
7f43e4021000-7f43e8000000 ---p 00000000 00:00 0 
7f43e8000000-7f43e8021000 rw-p 00000000 00:00 0 
7f43e8021000-7f43ec000000 ---p 00000000 00:00 0 
7f43ec000000-7f43ec021000 rw-p 00000000 00:00 0 
7f43ec021000-7f43f0000000 ---p 00000000 00:00 0 
7f43f4000000-7f43f4021000 rw-p 00000000 00:00 0 
7f43f4021000-7f43f8000000 ---p 00000000 00:00 0 
7f43f8cb7000-7f43f8ce3000 r-xp 00000000 08:15 26349791                   /home/wolverindev/.CLion2016.2/system/cmake/generated/EasyJNI-edd72901/edd72901/Debug/libEasyJNITest.so
7f43f8ce3000-7f43f8ee2000 ---p 0002c000 08:15 26349791                   /home/wolverindev/.CLion2016.2/system/cmake/generated/EasyJNI-edd72901/edd72901/Debug/libEasyJNITest.so
7f43f8ee2000-7f43f8ee3000 r--p 0002b000 08:15 26349791                   /home/wolverindev/.CLion2016.2/system/cmake/generated/EasyJNI-edd72901/edd72901/Debug/libEasyJNITest.so
7f43f8ee3000-7f43f8ee4000 rw-p 0002c000 08:15 26349791                   /home/wolverindev/.CLion2016.2/system/cmake/generated/EasyJNI-edd72901/edd72901/Debug/libEasyJNITest.so
7f43f8ee4000-7f43f8f07000 r-xp 00000000 08:15 26349787                   /home/wolverindev/.CLion2016.2/system/cmake/generated/EasyJNI-edd72901/edd72901/Debug/libEasyJNI.so
7f43f8f07000-7f43f9106000 ---p 00023000 08:15 26349787                   /home/wolverindev/.CLion2016.2/system/cmake/generated/EasyJNI-edd72901/edd72901/Debug/libEasyJNI.so
7f43f9106000-7f43f9107000 r--p 00022000 08:15 26349787                   /home/wolverindev/.CLion2016.2/system/cmake/generated/EasyJNI-edd72901/edd72901/Debug/libEasyJNI.so
7f43f9107000-7f43f9108000 rw-p 00023000 08:15 26349787                   /home/wolverindev/.CLion2016.2/system/cmake/generated/EasyJNI-edd72901/edd72901/Debug/libEasyJNI.so
7f43f9108000-7f43f9123000 r--s 001d6000 08:21 1319197                    /usr/lib/jvm/java-8-openjdk-amd64/jre/lib/ext/nashorn.jar
7f43f9123000-7f43f913e000 r--s 00394000 08:21 1319195                    /usr/lib/jvm/java-8-openjdk-amd64/jre/lib/ext/cldrdata.jar
7f43f913e000-7f43f913f000 ---p 00000000 00:00 0 
7f43f913f000-7f43f923f000 rw-p 00000000 00:00 0 
7f43f923f000-7f43f9242000 ---p 00000000 00:00 0 
7f43f9242000-7f43f9340000 rw-p 00000000 00:00 0 
7f43f9340000-7f43f9343000 ---p 00000000 00:00 0 
7f43f9343000-7f43f9441000 rw-p 00000000 00:00 0 
7f43f9441000-7f43f9444000 ---p 00000000 00:00 0 
7f43f9444000-7f43f9542000 rw-p 00000000 00:00 0 
7f43f9542000-7f43f9545000 ---p 00000000 00:00 0 
7f43f9545000-7f43f9643000 rw-p 00000000 00:00 0 
7f43f9643000-7f43f9646000 ---p 00000000 00:00 0 
7f43f9646000-7f43f9744000 rw-p 00000000 00:00 0 
7f43f9744000-7f43f9747000 ---p 00000000 00:00 0 
7f43f9747000-7f43f9845000 rw-p 00000000 00:00 0 
7f43f9845000-7f43f9c9b000 r--p 00000000 08:21 1180688                    /usr/lib/locale/locale-archive
7f43f9c9b000-7f43f9c9e000 ---p 00000000 00:00 0 
7f43f9c9e000-7f43f9d9c000 rw-p 00000000 00:00 0 
7f43f9d9c000-7f43f9d9f000 ---p 00000000 00:00 0 
7f43f9d9f000-7f43f9e9d000 rw-p 00000000 00:00 0 
7f43f9e9d000-7f43f9e9e000 ---p 00000000 00:00 0 
7f43f9e9e000-7f43fc000000 rw-p 00000000 00:00 0 
7f43fc000000-7f43fc021000 rw-p 00000000 00:00 0 
7f43fc021000-7f4400000000 ---p 00000000 00:00 0 
7f4400000000-7f4400021000 rw-p 00000000 00:00 0 
7f4400021000-7f4404000000 ---p 00000000 00:00 0 
7f4404000000-7f4404021000 rw-p 00000000 00:00 0 
7f4404021000-7f4408000000 ---p 00000000 00:00 0 
7f4408000000-7f4408021000 rw-p 00000000 00:00 0 
7f4408021000-7f440c000000 ---p 00000000 00:00 0 
7f440c000000-7f440c021000 rw-p 00000000 00:00 0 
7f440c021000-7f4410000000 ---p 00000000 00:00 0 
7f4410008000-7f441023d000 rw-p 00000000 00:00 0 
7f441023d000-7f441040c000 r--s 03c07000 08:21 1319238                    /usr/lib/jvm/java-8-openjdk-amd64/jre/lib/rt.jar
7f441040c000-7f441091d000 rw-p 00000000 00:00 0 
7f441091d000-7f4410cdd000 ---p 00000000 00:00 0 
7f4410cdd000-7f441207b000 rw-p 00000000 00:00 0 
7f441207b000-7f441207c000 ---p 00000000 00:00 0 
7f441207c000-7f441217c000 rw-p 00000000 00:00 0 
7f441217c000-7f441217d000 ---p 00000000 00:00 0 
7f441217d000-7f441227d000 rw-p 00000000 00:00 0 
7f441227d000-7f441227e000 ---p 00000000 00:00 0 
7f441227e000-7f441237e000 rw-p 00000000 00:00 0 
7f441237e000-7f441237f000 ---p 00000000 00:00 0 
7f441237f000-7f441247f000 rw-p 00000000 00:00 0 
7f441247f000-7f4412480000 ---p 00000000 00:00 0 
7f4412480000-7f4412580000 rw-p 00000000 00:00 0 
7f4412580000-7f4412581000 ---p 00000000 00:00 0 
7f4412581000-7f4412681000 rw-p 00000000 00:00 0 
7f4412681000-7f4412682000 ---p 00000000 00:00 0 
7f4412682000-7f4412782000 rw-p 00000000 00:00 0 
7f4412782000-7f4412783000 ---p 00000000 00:00 0 
7f4412783000-7f4412883000 rw-p 00000000 00:00 0 
7f4412883000-7f4412884000 ---p 00000000 00:00 0 
7f4412884000-7f4412a56000 rw-p 00000000 00:00 0 
7f4412a56000-7f4413698000 ---p 00000000 00:00 0 
7f4413698000-7f441376a000 rw-p 00000000 00:00 0 
7f441376a000-7f44143ac000 ---p 00000000 00:00 0 
7f44143ac000-7f4414415000 rw-p 00000000 00:00 0 
7f4414415000-7f4414a36000 ---p 00000000 00:00 0 
7f4414a36000-7f4414a41000 rw-p 00000000 00:00 0 
7f4414a41000-7f4414df7000 ---p 00000000 00:00 0 
7f4414df7000-7f4415067000 rwxp 00000000 00:00 0 
7f4415067000-7f4423df7000 ---p 00000000 00:00 0 
7f4423df7000-7f4423dff000 r-xp 00000000 08:21 1319216                    /usr/lib/jvm/java-8-openjdk-amd64/jre/lib/amd64/libzip.so
7f4423dff000-7f4423ffe000 ---p 00008000 08:21 1319216                    /usr/lib/jvm/java-8-openjdk-amd64/jre/lib/amd64/libzip.so
7f4423ffe000-7f4423fff000 r--p 00007000 08:21 1319216                    /usr/lib/jvm/java-8-openjdk-amd64/jre/lib/amd64/libzip.so
7f4423fff000-7f4424000000 rw-p 00008000 08:21 1319216                    /usr/lib/jvm/java-8-openjdk-amd64/jre/lib/amd64/libzip.so
7f4424000000-7f4424165000 rw-p 00000000 00:00 0 
7f4424165000-7f4428000000 ---p 00000000 00:00 0 
7f4428005000-7f442806f000 rw-p 00000000 00:00 0 
7f442806f000-7f4428070000 ---p 00000000 00:00 0 
7f4428070000-7f4428170000 rw-p 00000000 00:00 0 
7f4428170000-7f442817b000 r-xp 00000000 08:21 3539034                    /lib/x86_64-linux-gnu/libnss_files-2.23.so
7f442817b000-7f442837a000 ---p 0000b000 08:21 3539034                    /lib/x86_64-linux-gnu/libnss_files-2.23.so
7f442837a000-7f442837b000 r--p 0000a000 08:21 3539034                    /lib/x86_64-linux-gnu/libnss_files-2.23.so
7f442837b000-7f442837c000 rw-p 0000b000 08:21 3539034                    /lib/x86_64-linux-gnu/libnss_files-2.23.so
7f442837c000-7f4428382000 rw-p 00000000 00:00 0 
7f4428382000-7f442838d000 r-xp 00000000 08:21 3539027                    /lib/x86_64-linux-gnu/libnss_nis-2.23.so
7f442838d000-7f442858c000 ---p 0000b000 08:21 3539027                    /lib/x86_64-linux-gnu/libnss_nis-2.23.so
7f442858c000-7f442858d000 r--p 0000a000 08:21 3539027                    /lib/x86_64-linux-gnu/libnss_nis-2.23.so
7f442858d000-7f442858e000 rw-p 0000b000 08:21 3539027                    /lib/x86_64-linux-gnu/libnss_nis-2.23.so
7f442858e000-7f44285a4000 r-xp 00000000 08:21 3539029                    /lib/x86_64-linux-gnu/libnsl-2.23.so
7f44285a4000-7f44287a3000 ---p 00016000 08:21 3539029                    /lib/x86_64-linux-gnu/libnsl-2.23.so
7f44287a3000-7f44287a4000 r--p 00015000 08:21 3539029                    /lib/x86_64-linux-gnu/libnsl-2.23.so
7f44287a4000-7f44287a5000 rw-p 00016000 08:21 3539029                    /lib/x86_64-linux-gnu/libnsl-2.23.so
7f44287a5000-7f44287a7000 rw-p 00000000 00:00 0 
7f44287a7000-7f44287af000 r-xp 00000000 08:21 3539036                    /lib/x86_64-linux-gnu/libnss_compat-2.23.so
7f44287af000-7f44289ae000 ---p 00008000 08:21 3539036                    /lib/x86_64-linux-gnu/libnss_compat-2.23.so
7f44289ae000-7f44289af000 r--p 00007000 08:21 3539036                    /lib/x86_64-linux-gnu/libnss_compat-2.23.so
7f44289af000-7f44289b0000 rw-p 00008000 08:21 3539036                    /lib/x86_64-linux-gnu/libnss_compat-2.23.so
7f44289b0000-7f44289dd000 r-xp 00000000 08:21 1319211                    /usr/lib/jvm/java-8-openjdk-amd64/jre/lib/amd64/libjava.so
7f44289dd000-7f4428bdc000 ---p 0002d000 08:21 1319211                    /usr/lib/jvm/java-8-openjdk-amd64/jre/lib/amd64/libjava.so
7f4428bdc000-7f4428bdd000 r--p 0002c000 08:21 1319211                    /usr/lib/jvm/java-8-openjdk-amd64/jre/lib/amd64/libjava.so
7f4428bdd000-7f4428bdf000 rw-p 0002d000 08:21 1319211                    /usr/lib/jvm/java-8-openjdk-amd64/jre/lib/amd64/libjava.so
7f4428bdf000-7f4428bee000 r-xp 00000000 08:21 1319208                    /usr/lib/jvm/java-8-openjdk-amd64/jre/lib/amd64/libverify.so
7f4428bee000-7f4428ded000 ---p 0000f000 08:21 1319208                    /usr/lib/jvm/java-8-openjdk-amd64/jre/lib/amd64/libverify.so
7f4428ded000-7f4428def000 r--p 0000e000 08:21 1319208                    /usr/lib/jvm/java-8-openjdk-amd64/jre/lib/amd64/libverify.so
7f4428def000-7f4428df0000 rw-p 00010000 08:21 1319208                    /usr/lib/jvm/java-8-openjdk-amd64/jre/lib/amd64/libverify.so
7f4428df0000-7f4428df7000 r-xp 00000000 08:21 3539037                    /lib/x86_64-linux-gnu/librt-2.23.so
7f4428df7000-7f4428ff6000 ---p 00007000 08:21 3539037                    /lib/x86_64-linux-gnu/librt-2.23.so
7f4428ff6000-7f4428ff7000 r--p 00006000 08:21 3539037                    /lib/x86_64-linux-gnu/librt-2.23.so
7f4428ff7000-7f4428ff8000 rw-p 00007000 08:21 3539037                    /lib/x86_64-linux-gnu/librt-2.23.so
7f4428ff8000-7f442900e000 r-xp 00000000 08:21 3543476                    /lib/x86_64-linux-gnu/libgcc_s.so.1
7f442900e000-7f442920d000 ---p 00016000 08:21 3543476                    /lib/x86_64-linux-gnu/libgcc_s.so.1
7f442920d000-7f442920e000 r--p 00015000 08:21 3543476                    /lib/x86_64-linux-gnu/libgcc_s.so.1
7f442920e000-7f442920f000 rw-p 00016000 08:21 3543476                    /lib/x86_64-linux-gnu/libgcc_s.so.1
7f442920f000-7f4429317000 r-xp 00000000 08:21 3539028                    /lib/x86_64-linux-gnu/libm-2.23.so
7f4429317000-7f4429516000 ---p 00108000 08:21 3539028                    /lib/x86_64-linux-gnu/libm-2.23.so
7f4429516000-7f4429517000 r--p 00107000 08:21 3539028                    /lib/x86_64-linux-gnu/libm-2.23.so
7f4429517000-7f4429518000 rw-p 00108000 08:21 3539028                    /lib/x86_64-linux-gnu/libm-2.23.so
7f4429518000-7f4429690000 r-xp 00000000 08:21 1181117                    /usr/lib/x86_64-linux-gnu/libstdc++.so.6.0.22
7f4429690000-7f4429890000 ---p 00178000 08:21 1181117                    /usr/lib/x86_64-linux-gnu/libstdc++.so.6.0.22
7f4429890000-7f442989a000 r--p 00178000 08:21 1181117                    /usr/lib/x86_64-linux-gnu/libstdc++.so.6.0.22
7f442989a000-7f442989c000 rw-p 00182000 08:21 1181117                    /usr/lib/x86_64-linux-gnu/libstdc++.so.6.0.22
7f442989c000-7f44298a0000 rw-p 00000000 00:00 0 
7f44298a0000-7f442a4f1000 r-xp 00000000 08:21 1319207                    /usr/lib/jvm/java-8-openjdk-amd64/jre/lib/amd64/server/libjvm.so
7f442a4f1000-7f442a6f1000 ---p 00c51000 08:21 1319207                    /usr/lib/jvm/java-8-openjdk-amd64/jre/lib/amd64/server/libjvm.so
7f442a6f1000-7f442a784000 r--p 00c51000 08:21 1319207                    /usr/lib/jvm/java-8-openjdk-amd64/jre/lib/amd64/server/libjvm.so
7f442a784000-7f442a7ad000 rw-p 00ce4000 08:21 1319207                    /usr/lib/jvm/java-8-openjdk-amd64/jre/lib/amd64/server/libjvm.so
7f442a7ad000-7f442a7dd000 rw-p 00000000 00:00 0 
7f442a7dd000-7f442a7f5000 r-xp 00000000 08:21 3539041                    /lib/x86_64-linux-gnu/libpthread-2.23.so
7f442a7f5000-7f442a9f4000 ---p 00018000 08:21 3539041                    /lib/x86_64-linux-gnu/libpthread-2.23.so
7f442a9f4000-7f442a9f5000 r--p 00017000 08:21 3539041                    /lib/x86_64-linux-gnu/libpthread-2.23.so
7f442a9f5000-7f442a9f6000 rw-p 00018000 08:21 3539041                    /lib/x86_64-linux-gnu/libpthread-2.23.so
7f442a9f6000-7f442a9fa000 rw-p 00000000 00:00 0 
7f442a9fa000-7f442a9fd000 r-xp 00000000 08:21 3538969                    /lib/x86_64-linux-gnu/libdl-2.23.so
7f442a9fd000-7f442abfc000 ---p 00003000 08:21 3538969                    /lib/x86_64-linux-gnu/libdl-2.23.so
7f442abfc000-7f442abfd000 r--p 00002000 08:21 3538969                    /lib/x86_64-linux-gnu/libdl-2.23.so
7f442abfd000-7f442abfe000 rw-p 00003000 08:21 3538969                    /lib/x86_64-linux-gnu/libdl-2.23.so
7f442abfe000-7f442ac17000 r-xp 00000000 08:21 3543782                    /lib/x86_64-linux-gnu/libz.so.1.2.8
7f442ac17000-7f442ae16000 ---p 00019000 08:21 3543782                    /lib/x86_64-linux-gnu/libz.so.1.2.8
7f442ae16000-7f442ae17000 r--p 00018000 08:21 3543782                    /lib/x86_64-linux-gnu/libz.so.1.2.8
7f442ae17000-7f442ae18000 rw-p 00019000 08:21 3543782                    /lib/x86_64-linux-gnu/libz.so.1.2.8
7f442ae18000-7f442afd7000 r-xp 00000000 08:21 3539030                    /lib/x86_64-linux-gnu/libc-2.23.so
7f442afd7000-7f442b1d7000 ---p 001bf000 08:21 3539030                    /lib/x86_64-linux-gnu/libc-2.23.so
7f442b1d7000-7f442b1db000 r--p 001bf000 08:21 3539030                    /lib/x86_64-linux-gnu/libc-2.23.so
7f442b1db000-7f442b1dd000 rw-p 001c3000 08:21 3539030                    /lib/x86_64-linux-gnu/libc-2.23.so
7f442b1dd000-7f442b1e1000 rw-p 00000000 00:00 0 
7f442b1e1000-7f442b1ee000 r-xp 00000000 08:21 1319223                    /usr/lib/jvm/java-8-openjdk-amd64/jre/lib/amd64/jli/libjli.so
7f442b1ee000-7f442b3ee000 ---p 0000d000 08:21 1319223                    /usr/lib/jvm/java-8-openjdk-amd64/jre/lib/amd64/jli/libjli.so
7f442b3ee000-7f442b3ef000 r--p 0000d000 08:21 1319223                    /usr/lib/jvm/java-8-openjdk-amd64/jre/lib/amd64/jli/libjli.so
7f442b3ef000-7f442b3f0000 rw-p 0000e000 08:21 1319223                    /usr/lib/jvm/java-8-openjdk-amd64/jre/lib/amd64/jli/libjli.so
7f442b3f0000-7f442b416000 r-xp 00000000 08:21 3539031                    /lib/x86_64-linux-gnu/ld-2.23.so
7f442b422000-7f442b424000 r--s 00008000 08:21 1319192                    /usr/lib/jvm/java-8-openjdk-amd64/jre/lib/ext/sunec.jar
7f442b424000-7f442b4e9000 rw-p 00000000 00:00 0 
7f442b4e9000-7f442b4ec000 ---p 00000000 00:00 0 
7f442b4ec000-7f442b5ef000 rw-p 00000000 00:00 0 
7f442b5ef000-7f442b5f2000 r--s 0000f000 08:21 1319194                    /usr/lib/jvm/java-8-openjdk-amd64/jre/lib/ext/icedtea-sound.jar
7f442b5f2000-7f442b5fc000 r--s 00116000 08:21 1319196                    /usr/lib/jvm/java-8-openjdk-amd64/jre/lib/ext/localedata.jar
7f442b5fc000-7f442b5fd000 r--s 0000a000 08:21 1319189                    /usr/lib/jvm/java-8-openjdk-amd64/jre/lib/ext/jaccess.jar
7f442b5fd000-7f442b601000 r--s 00037000 08:21 1319190                    /usr/lib/jvm/java-8-openjdk-amd64/jre/lib/ext/sunpkcs11.jar
7f442b601000-7f442b603000 r--s 00001000 08:21 1319188                    /usr/lib/jvm/java-8-openjdk-amd64/jre/lib/ext/dnsns.jar
7f442b603000-7f442b604000 r--s 00010000 08:21 1319191                    /usr/lib/jvm/java-8-openjdk-amd64/jre/lib/ext/zipfs.jar
7f442b604000-7f442b609000 r--s 0003b000 08:21 1319193                    /usr/lib/jvm/java-8-openjdk-amd64/jre/lib/ext/sunjce_provider.jar
7f442b609000-7f442b611000 rw-s 00000000 08:21 655425                     /tmp/hsperfdata_wolverindev/25350
7f442b611000-7f442b612000 rw-p 00000000 00:00 0 
7f442b612000-7f442b613000 r--p 00000000 00:00 0 
7f442b613000-7f442b615000 rw-p 00000000 00:00 0 
7f442b615000-7f442b616000 r--p 00025000 08:21 3539031                    /lib/x86_64-linux-gnu/ld-2.23.so
7f442b616000-7f442b617000 rw-p 00026000 08:21 3539031                    /lib/x86_64-linux-gnu/ld-2.23.so
7f442b617000-7f442b618000 rw-p 00000000 00:00 0 
7ffcbc579000-7ffcbc59a000 rw-p 00000000 00:00 0                          [stack]
7ffcbc5b5000-7ffcbc5b7000 r--p 00000000 00:00 0                          [vvar]
7ffcbc5b7000-7ffcbc5b9000 r-xp 00000000 00:00 0                          [vdso]
ffffffffff600000-ffffffffff601000 r-xp 00000000 00:00 0                  [vsyscall]

VM Arguments:
jvm_args: -Dfile.encoding=UTF-8 
java_command: dev.wolveringer.EasyJNI.Main
java_class_path (initial): /home/wolverindev/git/EasyJNI/EasyJNI-Java/target/classes
Launcher Type: SUN_STANDARD

Environment Variables:
PATH=/home/wolverindev/bin:/home/wolverindev/bin:/usr/local/sbin:/usr/local/bin:/usr/sbin:/usr/bin:/sbin:/bin:/usr/games:/usr/local/games:/snap/bin:/home/wolverindev/.rvm/bin:/home/wolverindev/.rvm/bin
SHELL=/bin/bash
DISPLAY=:0

Signal Handlers:
SIGSEGV: [libjvm.so+0xa67f40], sa_mask[0]=11111111011111111101111111111110, sa_flags=SA_RESTART|SA_SIGINFO
SIGBUS: [libjvm.so+0xa67f40], sa_mask[0]=11111111011111111101111111111110, sa_flags=SA_RESTART|SA_SIGINFO
SIGFPE: [libjvm.so+0x8b0ec0], sa_mask[0]=11111111011111111101111111111110, sa_flags=SA_RESTART|SA_SIGINFO
SIGPIPE: [libjvm.so+0x8b0ec0], sa_mask[0]=11111111011111111101111111111110, sa_flags=SA_RESTART|SA_SIGINFO
SIGXFSZ: [libjvm.so+0x8b0ec0], sa_mask[0]=11111111011111111101111111111110, sa_flags=SA_RESTART|SA_SIGINFO
SIGILL: [libjvm.so+0x8b0ec0], sa_mask[0]=11111111011111111101111111111110, sa_flags=SA_RESTART|SA_SIGINFO
SIGUSR1: SIG_DFL, sa_mask[0]=00000000000000000000000000000000, sa_flags=none
SIGUSR2: [libjvm.so+0x8b0d70], sa_mask[0]=00100000000000000000000000000000, sa_flags=SA_RESTART|SA_SIGINFO
SIGHUP: [libjvm.so+0x8b1240], sa_mask[0]=11111111011111111101111111111110, sa_flags=SA_RESTART|SA_SIGINFO
SIGINT: [libjvm.so+0x8b1240], sa_mask[0]=11111111011111111101111111111110, sa_flags=SA_RESTART|SA_SIGINFO
SIGTERM: [libjvm.so+0x8b1240], sa_mask[0]=11111111011111111101111111111110, sa_flags=SA_RESTART|SA_SIGINFO
SIGQUIT: [libjvm.so+0x8b1240], sa_mask[0]=11111111011111111101111111111110, sa_flags=SA_RESTART|SA_SIGINFO


---------------  S Y S T E M  ---------------

OS:DISTRIB_ID=Ubuntu
DISTRIB_RELEASE=16.04
DISTRIB_CODENAME=xenial
DISTRIB_DESCRIPTION="Ubuntu 16.04.2 LTS"

uname:Linux 4.8.0-52-generic #55~16.04.1-Ubuntu SMP Fri Apr 28 14:36:29 UTC 2017 x86_64
libc:glibc 2.23 NPTL 2.23 
rlimit: STACK 8192k, CORE 0k, NPROC 160488, NOFILE 65536, AS infinity
load average:2,84 1,84 1,87

/proc/meminfo:
MemTotal:       41133816 kB
MemFree:        15502952 kB
MemAvailable:   20089368 kB
Buffers:          807548 kB
Cached:          4725248 kB
SwapCached:            0 kB
Active:         21362228 kB
Inactive:        2965024 kB
Active(anon):   18799572 kB
Inactive(anon):  1066696 kB
Active(file):    2562656 kB
Inactive(file):  1898328 kB
Unevictable:         384 kB
Mlocked:             384 kB
SwapTotal:      41870332 kB
SwapFree:       41870332 kB
Dirty:             17560 kB
Writeback:             0 kB
AnonPages:      17862300 kB
Mapped:          1655944 kB
Shmem:           1071820 kB
Slab:             794568 kB
SReclaimable:     657240 kB
SUnreclaim:       137328 kB
KernelStack:       33424 kB
PageTables:       158392 kB
NFS_Unstable:          0 kB
Bounce:                0 kB
WritebackTmp:          0 kB
CommitLimit:    62437240 kB
Committed_AS:   38419160 kB
VmallocTotal:   34359738367 kB
VmallocUsed:           0 kB
VmallocChunk:          0 kB
HardwareCorrupted:     0 kB
AnonHugePages:   8507392 kB
ShmemHugePages:        0 kB
ShmemPmdMapped:        0 kB
CmaTotal:              0 kB
CmaFree:               0 kB
HugePages_Total:       0
HugePages_Free:        0
HugePages_Rsvd:        0
HugePages_Surp:        0
Hugepagesize:       2048 kB
DirectMap4k:      556852 kB
DirectMap2M:    20344832 kB
DirectMap1G:    23068672 kB


CPU:total 12 (initial active 12) (6 cores per cpu, 2 threads per core) family 6 model 62 stepping 4, cmov, cx8, fxsr, mmx, sse, sse2, sse3, ssse3, sse4.1, sse4.2, popcnt, avx, aes, clmul, erms, ht, tsc, tscinvbit

/proc/cpuinfo:
processor	: 0
vendor_id	: GenuineIntel
cpu family	: 6
model		: 62
model name	: Intel(R) Core(TM) i7-4960X CPU @ 3.60GHz
stepping	: 4
microcode	: 0x416
cpu MHz		: 3702.172
cache size	: 15360 KB
physical id	: 0
siblings	: 12
core id		: 0
cpu cores	: 6
apicid		: 0
initial apicid	: 0
fpu		: yes
fpu_exception	: yes
cpuid level	: 13
wp		: yes
flags		: fpu vme de pse tsc msr pae mce cx8 apic sep mtrr pge mca cmov pat pse36 clflush dts acpi mmx fxsr sse sse2 ss ht tm pbe syscall nx pdpe1gb rdtscp lm constant_tsc arch_perfmon pebs bts rep_good nopl xtopology nonstop_tsc aperfmperf eagerfpu pni pclmulqdq dtes64 monitor ds_cpl vmx est tm2 ssse3 cx16 xtpr pdcm pcid dca sse4_1 sse4_2 x2apic popcnt tsc_deadline_timer aes xsave avx f16c rdrand lahf_lm epb tpr_shadow vnmi flexpriority ept vpid fsgsbase smep erms xsaveopt dtherm ida arat pln pts
bugs		:
bogomips	: 7204.23
clflush size	: 64
cache_alignment	: 64
address sizes	: 46 bits physical, 48 bits virtual
power management:

processor	: 1
vendor_id	: GenuineIntel
cpu family	: 6
model		: 62
model name	: Intel(R) Core(TM) i7-4960X CPU @ 3.60GHz
stepping	: 4
microcode	: 0x416
cpu MHz		: 3699.536
cache size	: 15360 KB
physical id	: 0
siblings	: 12
core id		: 1
cpu cores	: 6
apicid		: 2
initial apicid	: 2
fpu		: yes
fpu_exception	: yes
cpuid level	: 13
wp		: yes
flags		: fpu vme de pse tsc msr pae mce cx8 apic sep mtrr pge mca cmov pat pse36 clflush dts acpi mmx fxsr sse sse2 ss ht tm pbe syscall nx pdpe1gb rdtscp lm constant_tsc arch_perfmon pebs bts rep_good nopl xtopology nonstop_tsc aperfmperf eagerfpu pni pclmulqdq dtes64 monitor ds_cpl vmx est tm2 ssse3 cx16 xtpr pdcm pcid dca sse4_1 sse4_2 x2apic popcnt tsc_deadline_timer aes xsave avx f16c rdrand lahf_lm epb tpr_shadow vnmi flexpriority ept vpid fsgsbase smep erms xsaveopt dtherm ida arat pln pts
bugs		:
bogomips	: 7204.23
clflush size	: 64
cache_alignment	: 64
address sizes	: 46 bits physical, 48 bits virtual
power management:

processor	: 2
vendor_id	: GenuineIntel
cpu family	: 6
model		: 62
model name	: Intel(R) Core(TM) i7-4960X CPU @ 3.60GHz
stepping	: 4
microcode	: 0x416
cpu MHz		: 3702.392
cache size	: 15360 KB
physical id	: 0
siblings	: 12
core id		: 2
cpu cores	: 6
apicid		: 4
initial apicid	: 4
fpu		: yes
fpu_exception	: yes
cpuid level	: 13
wp		: yes
flags		: fpu vme de pse tsc msr pae mce cx8 apic sep mtrr pge mca cmov pat pse36 clflush dts acpi mmx fxsr sse sse2 ss ht tm pbe syscall nx pdpe1gb rdtscp lm constant_tsc arch_perfmon pebs bts rep_good nopl xtopology nonstop_tsc aperfmperf eagerfpu pni pclmulqdq dtes64 monitor ds_cpl vmx est tm2 ssse3 cx16 xtpr pdcm pcid dca sse4_1 sse4_2 x2apic popcnt tsc_deadline_timer aes xsave avx f16c rdrand lahf_lm epb tpr_shadow vnmi flexpriority ept vpid fsgsbase smep erms xsaveopt dtherm ida arat pln pts
bugs		:
bogomips	: 7204.23
clflush size	: 64
cache_alignment	: 64
address sizes	: 46 bits physical, 48 bits virtual
power management:

processor	: 3
vendor_id	: GenuineIntel
cpu family	: 6
model		: 62
model name	: Intel(R) Core(TM) i7-4960X CPU @ 3.60GHz
stepping	: 4
microcode	: 0x416
cpu MHz		: 3708.764
cache size	: 15360 KB
physical id	: 0
siblings	: 12
core id		: 3
cpu cores	: 6
apicid		: 6
initial apicid	: 6
fpu		: yes
fpu_exception	: yes
cpuid level	: 13
wp		: yes
flags		: fpu vme de pse tsc msr pae mce cx8 apic sep mtrr pge mca cmov pat pse36 clflush dts acpi mmx fxsr sse sse2 ss ht tm pbe syscall nx pdpe1gb rdtscp lm constant_tsc arch_perfmon pebs bts rep_good nopl xtopology nonstop_tsc aperfmperf eagerfpu pni pclmulqdq dtes64 monitor ds_cpl vmx est tm2 ssse3 cx16 xtpr pdcm pcid dca sse4_1 sse4_2 x2apic popcnt tsc_deadline_timer aes xsave avx f16c rdrand lahf_lm epb tpr_shadow vnmi flexpriority ept vpid fsgsbase smep erms xsaveopt dtherm ida arat pln pts
bugs		:
bogomips	: 7204.23
clflush size	: 64
cache_alignment	: 64
address sizes	: 46 bits physical, 48 bits virtual
power management:

processor	: 4
vendor_id	: GenuineIntel
cpu family	: 6
model		: 62
model name	: Intel(R) Core(TM) i7-4960X CPU @ 3.60GHz
stepping	: 4
microcode	: 0x416
cpu MHz		: 3699.975
cache size	: 15360 KB
physical id	: 0
siblings	: 12
core id		: 4
cpu cores	: 6
apicid		: 8
initial apicid	: 8
fpu		: yes
fpu_exception	: yes
cpuid level	: 13
wp		: yes
flags		: fpu vme de pse tsc msr pae mce cx8 apic sep mtrr pge mca cmov pat pse36 clflush dts acpi mmx fxsr sse sse2 ss ht tm pbe syscall nx pdpe1gb rdtscp lm constant_tsc arch_perfmon pebs bts rep_good nopl xtopology nonstop_tsc aperfmperf eagerfpu pni pclmulqdq dtes64 monitor ds_cpl vmx est tm2 ssse3 cx16 xtpr pdcm pcid dca sse4_1 sse4_2 x2apic popcnt tsc_deadline_timer aes xsave avx f16c rdrand lahf_lm epb tpr_shadow vnmi flexpriority ept vpid fsgsbase smep erms xsaveopt dtherm ida arat pln pts
bugs		:
bogomips	: 7204.23
clflush size	: 64
cache_alignment	: 64
address sizes	: 46 bits physical, 48 bits virtual
power management:

processor	: 5
vendor_id	: GenuineIntel
cpu family	: 6
model		: 62
model name	: Intel(R) Core(TM) i7-4960X CPU @ 3.60GHz
stepping	: 4
microcode	: 0x416
cpu MHz		: 3705.688
cache size	: 15360 KB
physical id	: 0
siblings	: 12
core id		: 5
cpu cores	: 6
apicid		: 10
initial apicid	: 10
fpu		: yes
fpu_exception	: yes
cpuid level	: 13
wp		: yes
flags		: fpu vme de pse tsc msr pae mce cx8 apic sep mtrr pge mca cmov pat pse36 clflush dts acpi mmx fxsr sse sse2 ss ht tm pbe syscall nx pdpe1gb rdtscp lm constant_tsc arch_perfmon pebs bts rep_good nopl xtopology nonstop_tsc aperfmperf eagerfpu pni pclmulqdq dtes64 monitor ds_cpl vmx est tm2 ssse3 cx16 xtpr pdcm pcid dca sse4_1 sse4_2 x2apic popcnt tsc_deadline_timer aes xsave avx f16c rdrand lahf_lm epb tpr_shadow vnmi flexpriority ept vpid fsgsbase smep erms xsaveopt dtherm ida arat pln pts
bugs		:
bogomips	: 7204.23
clflush size	: 64
cache_alignment	: 64
address sizes	: 46 bits physical, 48 bits virtual
power management:

processor	: 6
vendor_id	: GenuineIntel
cpu family	: 6
model		: 62
model name	: Intel(R) Core(TM) i7-4960X CPU @ 3.60GHz
stepping	: 4
microcode	: 0x416
cpu MHz		: 3699.316
cache size	: 15360 KB
physical id	: 0
siblings	: 12
core id		: 0
cpu cores	: 6
apicid		: 1
initial apicid	: 1
fpu		: yes
fpu_exception	: yes
cpuid level	: 13
wp		: yes
flags		: fpu vme de pse tsc msr pae mce cx8 apic sep mtrr pge mca cmov pat pse36 clflush dts acpi mmx fxsr sse sse2 ss ht tm pbe syscall nx pdpe1gb rdtscp lm constant_tsc arch_perfmon pebs bts rep_good nopl xtopology nonstop_tsc aperfmperf eagerfpu pni pclmulqdq dtes64 monitor ds_cpl vmx est tm2 ssse3 cx16 xtpr pdcm pcid dca sse4_1 sse4_2 x2apic popcnt tsc_deadline_timer aes xsave avx f16c rdrand lahf_lm epb tpr_shadow vnmi flexpriority ept vpid fsgsbase smep erms xsaveopt dtherm ida arat pln pts
bugs		:
bogomips	: 7204.23
clflush size	: 64
cache_alignment	: 64
address sizes	: 46 bits physical, 48 bits virtual
power management:

processor	: 7
vendor_id	: GenuineIntel
cpu family	: 6
model		: 62
model name	: Intel(R) Core(TM) i7-4960X CPU @ 3.60GHz
stepping	: 4
microcode	: 0x416
cpu MHz		: 3769.848
cache size	: 15360 KB
physical id	: 0
siblings	: 12
core id		: 1
cpu cores	: 6
apicid		: 3
initial apicid	: 3
fpu		: yes
fpu_exception	: yes
cpuid level	: 13
wp		: yes
flags		: fpu vme de pse tsc msr pae mce cx8 apic sep mtrr pge mca cmov pat pse36 clflush dts acpi mmx fxsr sse sse2 ss ht tm pbe syscall nx pdpe1gb rdtscp lm constant_tsc arch_perfmon pebs bts rep_good nopl xtopology nonstop_tsc aperfmperf eagerfpu pni pclmulqdq dtes64 monitor ds_cpl vmx est tm2 ssse3 cx16 xtpr pdcm pcid dca sse4_1 sse4_2 x2apic popcnt tsc_deadline_timer aes xsave avx f16c rdrand lahf_lm epb tpr_shadow vnmi flexpriority ept vpid fsgsbase smep erms xsaveopt dtherm ida arat pln pts
bugs		:
bogomips	: 7204.23
clflush size	: 64
cache_alignment	: 64
address sizes	: 46 bits physical, 48 bits virtual
power management:

processor	: 8
vendor_id	: GenuineIntel
cpu family	: 6
model		: 62
model name	: Intel(R) Core(TM) i7-4960X CPU @ 3.60GHz
stepping	: 4
microcode	: 0x416
cpu MHz		: 3699.975
cache size	: 15360 KB
physical id	: 0
siblings	: 12
core id		: 2
cpu cores	: 6
apicid		: 5
initial apicid	: 5
fpu		: yes
fpu_exception	: yes
cpuid level	: 13
wp		: yes
flags		: fpu vme de pse tsc msr pae mce cx8 apic sep mtrr pge mca cmov pat pse36 clflush dts acpi mmx fxsr sse sse2 ss ht tm pbe syscall nx pdpe1gb rdtscp lm constant_tsc arch_perfmon pebs bts rep_good nopl xtopology nonstop_tsc aperfmperf eagerfpu pni pclmulqdq dtes64 monitor ds_cpl vmx est tm2 ssse3 cx16 xtpr pdcm pcid dca sse4_1 sse4_2 x2apic popcnt tsc_deadline_timer aes xsave avx f16c rdrand lahf_lm epb tpr_shadow vnmi flexpriority ept vpid fsgsbase smep erms xsaveopt dtherm ida arat pln pts
bugs		:
bogomips	: 7204.23
clflush size	: 64
cache_alignment	: 64
address sizes	: 46 bits physical, 48 bits virtual
power management:

processor	: 9
vendor_id	: GenuineIntel
cpu family	: 6
model		: 62
model name	: Intel(R) Core(TM) i7-4960X CPU @ 3.60GHz
stepping	: 4
microcode	: 0x416
cpu MHz		: 3706.127
cache size	: 15360 KB
physical id	: 0
siblings	: 12
core id		: 3
cpu cores	: 6
apicid		: 7
initial apicid	: 7
fpu		: yes
fpu_exception	: yes
cpuid level	: 13
wp		: yes
flags		: fpu vme de pse tsc msr pae mce cx8 apic sep mtrr pge mca cmov pat pse36 clflush dts acpi mmx fxsr sse sse2 ss ht tm pbe syscall nx pdpe1gb rdtscp lm constant_tsc arch_perfmon pebs bts rep_good nopl xtopology nonstop_tsc aperfmperf eagerfpu pni pclmulqdq dtes64 monitor ds_cpl vmx est tm2 ssse3 cx16 xtpr pdcm pcid dca sse4_1 sse4_2 x2apic popcnt tsc_deadline_timer aes xsave avx f16c rdrand lahf_lm epb tpr_shadow vnmi flexpriority ept vpid fsgsbase smep erms xsaveopt dtherm ida arat pln pts
bugs		:
bogomips	: 7204.23
clflush size	: 64
cache_alignment	: 64
address sizes	: 46 bits physical, 48 bits virtual
power management:

processor	: 10
vendor_id	: GenuineIntel
cpu family	: 6
model		: 62
model name	: Intel(R) Core(TM) i7-4960X CPU @ 3.60GHz
stepping	: 4
microcode	: 0x416
cpu MHz		: 3771.606
cache size	: 15360 KB
physical id	: 0
siblings	: 12
core id		: 4
cpu cores	: 6
apicid		: 9
initial apicid	: 9
fpu		: yes
fpu_exception	: yes
cpuid level	: 13
wp		: yes
flags		: fpu vme de pse tsc msr pae mce cx8 apic sep mtrr pge mca cmov pat pse36 clflush dts acpi mmx fxsr sse sse2 ss ht tm pbe syscall nx pdpe1gb rdtscp lm constant_tsc arch_perfmon pebs bts rep_good nopl xtopology nonstop_tsc aperfmperf eagerfpu pni pclmulqdq dtes64 monitor ds_cpl vmx est tm2 ssse3 cx16 xtpr pdcm pcid dca sse4_1 sse4_2 x2apic popcnt tsc_deadline_timer aes xsave avx f16c rdrand lahf_lm epb tpr_shadow vnmi flexpriority ept vpid fsgsbase smep erms xsaveopt dtherm ida arat pln pts
bugs		:
bogomips	: 7204.23
clflush size	: 64
cache_alignment	: 64
address sizes	: 46 bits physical, 48 bits virtual
power management:

processor	: 11
vendor_id	: GenuineIntel
cpu family	: 6
model		: 62
model name	: Intel(R) Core(TM) i7-4960X CPU @ 3.60GHz
stepping	: 4
microcode	: 0x416
cpu MHz		: 3716.455
cache size	: 15360 KB
physical id	: 0
siblings	: 12
core id		: 5
cpu cores	: 6
apicid		: 11
initial apicid	: 11
fpu		: yes
fpu_exception	: yes
cpuid level	: 13
wp		: yes
flags		: fpu vme de pse tsc msr pae mce cx8 apic sep mtrr pge mca cmov pat pse36 clflush dts acpi mmx fxsr sse sse2 ss ht tm pbe syscall nx pdpe1gb rdtscp lm constant_tsc arch_perfmon pebs bts rep_good nopl xtopology nonstop_tsc aperfmperf eagerfpu pni pclmulqdq dtes64 monitor ds_cpl vmx est tm2 ssse3 cx16 xtpr pdcm pcid dca sse4_1 sse4_2 x2apic popcnt tsc_deadline_timer aes xsave avx f16c rdrand lahf_lm epb tpr_shadow vnmi flexpriority ept vpid fsgsbase smep erms xsaveopt dtherm ida arat pln pts
bugs		:
bogomips	: 7204.23
clflush size	: 64
cache_alignment	: 64
address sizes	: 46 bits physical, 48 bits virtual
power management:



Memory: 4k page, physical 41133816k(15502952k free), swap 41870332k(41870332k free)

vm_info: OpenJDK 64-Bit Server VM (25.131-b11) for linux-amd64 JRE (1.8.0_131-8u131-b11-0ubuntu1.16.04.2-b11), built on May  6 2017 02:45:27 by "buildd" with gcc 5.4.0 20160609

time: Sat May 20 17:56:38 2017
elapsed time: 0 seconds (0d 0h 0m 0s)

