#
# A fatal error has been detected by the Java Runtime Environment:
#
#  SIGSEGV (0xb) at pc=0x00007f237ea34746, pid=25970, tid=0x00007f237fd36700
#
# JRE version: Java(TM) SE Runtime Environment (8.0_121-b13) (build 1.8.0_121-b13)
# Java VM: Java HotSpot(TM) 64-Bit Server VM (25.121-b13 mixed mode linux-amd64 compressed oops)
# Problematic frame:
# V  [libjvm.so+0x8df746]  Monitor::ILock(Thread*)+0xb6
#
# Failed to write core dump. Core dumps have been disabled. To enable core dumping, try "ulimit -c unlimited" before starting Java again
#
# If you would like to submit a bug report, please visit:
#   http://bugreport.java.com/bugreport/crash.jsp
#

---------------  T H R E A D  ---------------

Current thread is native thread

siginfo: si_signo: 11 (SIGSEGV), si_code: 1 (SEGV_MAPERR), si_addr: 0x0000000000000188

Registers:
RAX=0x00007f23780cb901, RBX=0x00007f2378005f10, RCX=0x0000000000000001, RDX=0x00007f23780cb901
RSP=0x00007f237fd35e20, RBP=0x00007f237fd35e40, RSI=0x0000000000000000, RDI=0x00007f2378005f10
R8 =0x0000000001ef0100, R9 =0x00007f2378000940, R10=0x0000000000000008, R11=0x0000000000000202
R12=0x0000000000000000, R13=0x00007f237f115c60, R14=0x0000000000000000, R15=0x000000000000001e
RIP=0x00007f237ea34746, EFLAGS=0x0000000000010202, CSGSFS=0x0000000000000033, ERR=0x0000000000000004
  TRAPNO=0x000000000000000e

Top of Stack: (sp=0x00007f237fd35e20)
0x00007f237fd35e20:   00007f2378005f10 0000000000000000
0x00007f237fd35e30:   00007f237fb42328 0000000000000004
0x00007f237fd35e40:   00007f237fd35e60 00007f237ea34abf
0x00007f237fd35e50:   00007f237fd36a38 0000000000000000
0x00007f237fd35e60:   00007f237fd35e70 00007f237ec24ce9
0x00007f237fd35e70:   00007f237fd35e90 00007f237e8238ad
0x00007f237fd35e80:   00007f237fb42328 00007f237fd36a38
0x00007f237fd35e90:   00007f237fd35eb0 00007f235598696a
0x00007f237fd35ea0:   0000000000000000 00007f237f0db6a8
0x00007f237fd35eb0:   00007f237fd35ed0 00007f235598569a
0x00007f237fd35ec0:   0000000000000000 00007f23780099f8
0x00007f237fd35ed0:   00007f237fb42348 00007f237f930f82
0x00007f237fd35ee0:   00007f237fd36700 0000000000000000
0x00007f237fd35ef0:   0000000000000000 0000000000000000
0x00007f237fd35f00:   0000000000000000 00007f237fd369c0
0x00007f237fd35f10:   00007f237fd36700 00007f237f931197
0x00007f237fd35f20:   0000000000000000 00007f237fd36700
0x00007f237fd35f30:   00007f237fd36700 0158d67a026aa634
0x00007f237fd35f40:   0000000000000000 0000000000000000
0x00007f237fd35f50:   00007f237fd369c0 00007f237fd36700
0x00007f237fd35f60:   ff1e29dcbc2aa634 ff1e295c20f0a634
0x00007f237fd35f70:   0000000000000000 0000000000000000
0x00007f237fd35f80:   0000000000000000 0000000000000000
0x00007f237fd35f90:   0000000000000000 0000000000000000
0x00007f237fd35fa0:   0000000000000000 0000000000000000
0x00007f237fd35fb0:   00007f237fd36700 00007f237f244bed
0x00007f237fd35fc0:   0000000000000000 0000000000000000
0x00007f237fd35fd0:   0000000000000000 0000000000000000
0x00007f237fd35fe0:   0000000000000000 0000000000000000
0x00007f237fd35ff0:   0000000000000000 0000000000000000
0x00007f237fd36000:   0000000000000000 0000000000000000
0x00007f237fd36010:   0000000000000000 0000000000000000 

Instructions: (pc=0x00007f237ea34746)
0x00007f237ea34726:   5e c9 c3 0f 1f 80 00 00 00 00 48 8b 05 99 62 69
0x00007f237ea34736:   00 0f b6 08 e9 75 ff ff ff 90 4c 89 f6 48 89 df
0x00007f237ea34746:   4d 8b a6 88 01 00 00 e8 de fc ff ff 85 c0 75 ca
0x00007f237ea34756:   41 c7 44 24 20 00 00 00 00 41 83 7d 00 01 0f 84 

Register to memory mapping:

RAX=0x00007f23780cb901 is an unknown value
RBX=0x00007f2378005f10 is an unknown value
RCX=0x0000000000000001 is an unknown value
RDX=0x00007f23780cb901 is an unknown value
RSP=0x00007f237fd35e20 is an unknown value
RBP=0x00007f237fd35e40 is an unknown value
RSI=0x0000000000000000 is an unknown value
RDI=0x00007f2378005f10 is an unknown value
R8 =0x0000000001ef0100 is an unknown value
R9 =0x00007f2378000940 is an unknown value
R10=0x0000000000000008 is an unknown value
R11=0x0000000000000202 is an unknown value
R12=0x0000000000000000 is an unknown value
R13=0x00007f237f115c60: <offset 0xfc0c60> in /usr/lib/jvm/java-8-oracle/jre/lib/amd64/server/libjvm.so at 0x00007f237e155000
R14=0x0000000000000000 is an unknown value
R15=0x000000000000001e is an unknown value


Stack: [0x00007f237fc36000,0x00007f237fd37000],  sp=0x00007f237fd35e20,  free space=1023k
Native frames: (J=compiled Java code, j=interpreted, Vv=VM code, C=native code)
V  [libjvm.so+0x8df746]  Monitor::ILock(Thread*)+0xb6
V  [libjvm.so+0x8dfabf]  Monitor::lock_without_safepoint_check()+0x2f
V  [libjvm.so+0xacfce9]  VM_Exit::wait_if_vm_exited()+0x39
V  [libjvm.so+0x6ce8ad]  jni_DetachCurrentThread+0x3d
C  [libEasyJNI.so+0x1196a]  JavaVM_::DetachCurrentThread()+0x20
C  [libEasyJNI.so+0x1069a]  EasyJNI::Utils::KeyDetachCurrentThread(void*)+0x1e


---------------  P R O C E S S  ---------------

VM state:at safepoint (shutting down)

VM Mutex/Monitor currently owned by a thread:  ([mutex/lock_event])
[0x00007f2378005f10] Threads_lock - owner thread: 0x00007f2378084000

Heap:
 PSYoungGen      total 187392K, used 16077K [0x00000006eec00000, 0x00000006fbd00000, 0x00000007c0000000)
  eden space 160768K, 10% used [0x00000006eec00000,0x00000006efbb3660,0x00000006f8900000)
  from space 26624K, 0% used [0x00000006fa300000,0x00000006fa300000,0x00000006fbd00000)
  to   space 26624K, 0% used [0x00000006f8900000,0x00000006f8900000,0x00000006fa300000)
 ParOldGen       total 429056K, used 0K [0x000000054c400000, 0x0000000566700000, 0x00000006eec00000)
  object space 429056K, 0% used [0x000000054c400000,0x000000054c400000,0x0000000566700000)
 Metaspace       used 3426K, capacity 4638K, committed 4864K, reserved 1056768K
  class space    used 382K, capacity 459K, committed 512K, reserved 1048576K

Card table byte_map: [0x00007f2367c61000,0x00007f2369000000] byte_map_base: 0x00007f23651ff000

Marking Bits: (ParMarkBitMap*) 0x00007f237f119c80
 Begin Bits: [0x00007f231c620000, 0x00007f2326310000)
 End Bits:   [0x00007f2326310000, 0x00007f2330000000)

Polling page: 0x00007f237fd66000

CodeCache: size=245760Kb used=1401Kb max_used=1401Kb free=244359Kb
 bounds [0x00007f2369000000, 0x00007f2369270000, 0x00007f2378000000]
 total_blobs=443 nmethods=192 adapters=165
 compilation: enabled

Compilation events (10 events):
Event: 0,093 Thread 0x00007f23780cc800 nmethod 190 0x00007f236915d1d0 code [0x00007f236915d340, 0x00007f236915d568]
Event: 0,093 Thread 0x00007f23780cc800  191       3       java.util.AbstractList$Itr::hasNext (20 bytes)
Event: 0,093 Thread 0x00007f23780cc800 nmethod 191 0x00007f236915d610 code [0x00007f236915d780, 0x00007f236915da08]
Event: 0,093 Thread 0x00007f23780cc800  175       1       java.lang.invoke.LambdaForm::arity (5 bytes)
Event: 0,093 Thread 0x00007f23780cc800 nmethod 175 0x00007f236915a010 code [0x00007f236915a160, 0x00007f236915a270]
Event: 0,093 Thread 0x00007f23780cc800  192       3       jdk.internal.org.objectweb.asm.ByteVector::<init> (13 bytes)
Event: 0,094 Thread 0x00007f23780cc800 nmethod 192 0x00007f236915dad0 code [0x00007f236915dc40, 0x00007f236915de90]
Event: 0,094 Thread 0x00007f23780cc800  193       3       jdk.internal.org.objectweb.asm.ByteVector::putByteArray (49 bytes)
Event: 0,094 Thread 0x00007f23780cc800 nmethod 193 0x00007f236915df50 code [0x00007f236915e0e0, 0x00007f236915e418]
Event: 0,094 Thread 0x00007f23780cc800  194       3       jdk.internal.org.objectweb.asm.ByteVector::putInt (74 bytes)

GC Heap History (0 events):
No events

Deoptimization events (0 events):
No events

Internal exceptions (4 events):
Event: 0,019 Thread 0x00007f2378009800 Exception <a 'java/lang/NoSuchMethodError': Method sun.misc.Unsafe.defineClass(Ljava/lang/String;[BII)Ljava/lang/Class; name or signature does not match> (0x00000006eec07ca8) thrown at [/HUDSON3/workspace/8-2-build-linux-amd64/jdk8u121/8372/hotspot/src/sh
Event: 0,019 Thread 0x00007f2378009800 Exception <a 'java/lang/NoSuchMethodError': Method sun.misc.Unsafe.prefetchRead(Ljava/lang/Object;J)V name or signature does not match> (0x00000006eec07f90) thrown at [/HUDSON3/workspace/8-2-build-linux-amd64/jdk8u121/8372/hotspot/src/share/vm/prims/jni.c
Event: 0,080 Thread 0x00007f2378104000 Exception <a 'java/lang/NoSuchFieldError': method resolution failed> (0x00000006ef635e90) thrown at [/HUDSON3/workspace/8-2-build-linux-amd64/jdk8u121/8372/hotspot/src/share/vm/prims/methodHandles.cpp, line 1146]
Event: 0,081 Thread 0x00007f2378104000 Exception <a 'java/lang/NoSuchFieldError': method resolution failed> (0x00000006ef643290) thrown at [/HUDSON3/workspace/8-2-build-linux-amd64/jdk8u121/8372/hotspot/src/share/vm/prims/methodHandles.cpp, line 1146]

Events (10 events):
Event: 0,092 loading class java/lang/invoke/MethodHandleInfo done
Event: 0,092 loading class java/lang/invoke/InfoFromMemberName done
Event: 0,093 loading class java/lang/invoke/InnerClassLambdaMetafactory$ForwardingMethodGenerator
Event: 0,093 loading class java/lang/invoke/TypeConvertingMethodAdapter
Event: 0,093 loading class java/lang/invoke/TypeConvertingMethodAdapter done
Event: 0,093 loading class java/lang/invoke/InnerClassLambdaMetafactory$ForwardingMethodGenerator done
Event: 0,093 loading class java/lang/invoke/InnerClassLambdaMetafactory$1
Event: 0,093 loading class java/lang/invoke/InnerClassLambdaMetafactory$1 done
Event: 0,094 Thread 0x00007f2378104000 Thread exited: 0x00007f2378104000
Event: 0,094 Thread 0x00007f2378009800 Thread exited: 0x00007f2378009800


Dynamic libraries:
00400000-00401000 r-xp 00000000 08:22 3020400                            /usr/lib/jvm/java-8-oracle/bin/java
00600000-00601000 rw-p 00000000 08:22 3020400                            /usr/lib/jvm/java-8-oracle/bin/java
01eee000-01f0f000 rw-p 00000000 00:00 0                                  [heap]
54c400000-566700000 rw-p 00000000 00:00 0 
566700000-6eec00000 ---p 00000000 00:00 0 
6eec00000-6fbd00000 rw-p 00000000 00:00 0 
6fbd00000-7c0000000 ---p 00000000 00:00 0 
7c0000000-7c0080000 rw-p 00000000 00:00 0 
7c0080000-800000000 ---p 00000000 00:00 0 
7f22f0000000-7f22f0021000 rw-p 00000000 00:00 0 
7f22f0021000-7f22f4000000 ---p 00000000 00:00 0 
7f22f4000000-7f22f408d000 rw-p 00000000 00:00 0 
7f22f408d000-7f22f8000000 ---p 00000000 00:00 0 
7f22f8000000-7f22f818c000 rw-p 00000000 00:00 0 
7f22f818c000-7f22fc000000 ---p 00000000 00:00 0 
7f22fc000000-7f22fc021000 rw-p 00000000 00:00 0 
7f22fc021000-7f2300000000 ---p 00000000 00:00 0 
7f2300000000-7f23000ac000 rw-p 00000000 00:00 0 
7f23000ac000-7f2304000000 ---p 00000000 00:00 0 
7f2304000000-7f2304021000 rw-p 00000000 00:00 0 
7f2304021000-7f2308000000 ---p 00000000 00:00 0 
7f2308000000-7f2308021000 rw-p 00000000 00:00 0 
7f2308021000-7f230c000000 ---p 00000000 00:00 0 
7f230c000000-7f230c097000 rw-p 00000000 00:00 0 
7f230c097000-7f2310000000 ---p 00000000 00:00 0 
7f2310000000-7f2310021000 rw-p 00000000 00:00 0 
7f2310021000-7f2314000000 ---p 00000000 00:00 0 
7f2314000000-7f2314021000 rw-p 00000000 00:00 0 
7f2314021000-7f2318000000 ---p 00000000 00:00 0 
7f2318000000-7f2318021000 rw-p 00000000 00:00 0 
7f2318021000-7f231c000000 ---p 00000000 00:00 0 
7f231c620000-7f2330000000 rw-p 00000000 00:00 0 
7f2330000000-7f2330021000 rw-p 00000000 00:00 0 
7f2330021000-7f2334000000 ---p 00000000 00:00 0 
7f2334000000-7f2334021000 rw-p 00000000 00:00 0 
7f2334021000-7f2338000000 ---p 00000000 00:00 0 
7f2338000000-7f2338021000 rw-p 00000000 00:00 0 
7f2338021000-7f233c000000 ---p 00000000 00:00 0 
7f233c000000-7f233c021000 rw-p 00000000 00:00 0 
7f233c021000-7f2340000000 ---p 00000000 00:00 0 
7f2340000000-7f2340021000 rw-p 00000000 00:00 0 
7f2340021000-7f2344000000 ---p 00000000 00:00 0 
7f2348000000-7f2348021000 rw-p 00000000 00:00 0 
7f2348021000-7f234c000000 ---p 00000000 00:00 0 
7f2350000000-7f2350021000 rw-p 00000000 00:00 0 
7f2350021000-7f2354000000 ---p 00000000 00:00 0 
7f2354678000-7f23548ff000 rw-p 00000000 00:00 0 
7f23548ff000-7f2354902000 ---p 00000000 00:00 0 
7f2354902000-7f2354a00000 rw-p 00000000 00:00 0 
7f2354a00000-7f2354a03000 ---p 00000000 00:00 0 
7f2354a03000-7f2355201000 rw-p 00000000 00:00 0 
7f2355201000-7f235521e000 r-xp 00000000 08:15 26349791                   /home/wolverindev/.CLion2016.2/system/cmake/generated/EasyJNI-edd72901/edd72901/Debug/libEasyJNITest.so
7f235521e000-7f235541e000 ---p 0001d000 08:15 26349791                   /home/wolverindev/.CLion2016.2/system/cmake/generated/EasyJNI-edd72901/edd72901/Debug/libEasyJNITest.so
7f235541e000-7f235541f000 r--p 0001d000 08:15 26349791                   /home/wolverindev/.CLion2016.2/system/cmake/generated/EasyJNI-edd72901/edd72901/Debug/libEasyJNITest.so
7f235541f000-7f2355420000 rw-p 0001e000 08:15 26349791                   /home/wolverindev/.CLion2016.2/system/cmake/generated/EasyJNI-edd72901/edd72901/Debug/libEasyJNITest.so
7f2355420000-7f2355436000 r-xp 00000000 08:22 1966176                    /lib/x86_64-linux-gnu/libgcc_s.so.1
7f2355436000-7f2355635000 ---p 00016000 08:22 1966176                    /lib/x86_64-linux-gnu/libgcc_s.so.1
7f2355635000-7f2355636000 r--p 00015000 08:22 1966176                    /lib/x86_64-linux-gnu/libgcc_s.so.1
7f2355636000-7f2355637000 rw-p 00016000 08:22 1966176                    /lib/x86_64-linux-gnu/libgcc_s.so.1
7f2355637000-7f235573d000 r-xp 00000000 08:22 3027382                    /usr/lib/x86_64-linux-gnu/libstdc++.so.6.0.22
7f235573d000-7f235593c000 ---p 00106000 08:22 3027382                    /usr/lib/x86_64-linux-gnu/libstdc++.so.6.0.22
7f235593c000-7f2355944000 r--p 00105000 08:22 3027382                    /usr/lib/x86_64-linux-gnu/libstdc++.so.6.0.22
7f2355944000-7f2355946000 rw-p 0010d000 08:22 3027382                    /usr/lib/x86_64-linux-gnu/libstdc++.so.6.0.22
7f2355946000-7f2355949000 rw-p 00000000 00:00 0 
7f2355975000-7f2355991000 r-xp 00000000 08:15 26349787                   /home/wolverindev/.CLion2016.2/system/cmake/generated/EasyJNI-edd72901/edd72901/Debug/libEasyJNI.so
7f2355991000-7f2355b90000 ---p 0001c000 08:15 26349787                   /home/wolverindev/.CLion2016.2/system/cmake/generated/EasyJNI-edd72901/edd72901/Debug/libEasyJNI.so
7f2355b90000-7f2355b91000 r--p 0001b000 08:15 26349787                   /home/wolverindev/.CLion2016.2/system/cmake/generated/EasyJNI-edd72901/edd72901/Debug/libEasyJNI.so
7f2355b91000-7f2355b92000 rw-p 0001c000 08:15 26349787                   /home/wolverindev/.CLion2016.2/system/cmake/generated/EasyJNI-edd72901/edd72901/Debug/libEasyJNI.so
7f2355b92000-7f2355b93000 ---p 00000000 00:00 0 
7f2355b93000-7f2355c93000 rw-p 00000000 00:00 0 
7f2355c93000-7f2355c96000 ---p 00000000 00:00 0 
7f2355c96000-7f2355d94000 rw-p 00000000 00:00 0 
7f2355d94000-7f2355d97000 ---p 00000000 00:00 0 
7f2355d97000-7f2355e95000 rw-p 00000000 00:00 0 
7f2355e95000-7f2355e98000 ---p 00000000 00:00 0 
7f2355e98000-7f2355f96000 rw-p 00000000 00:00 0 
7f2355f96000-7f2355f99000 ---p 00000000 00:00 0 
7f2355f99000-7f2356097000 rw-p 00000000 00:00 0 
7f2356097000-7f235609a000 ---p 00000000 00:00 0 
7f235609a000-7f2356198000 rw-p 00000000 00:00 0 
7f2356198000-7f235619b000 ---p 00000000 00:00 0 
7f235619b000-7f2356299000 rw-p 00000000 00:00 0 
7f2356299000-7f2356aeb000 r--p 00000000 08:22 3022318                    /usr/lib/locale/locale-archive
7f2356aeb000-7f2356aee000 ---p 00000000 00:00 0 
7f2356aee000-7f2356bec000 rw-p 00000000 00:00 0 
7f2356bec000-7f2356bef000 ---p 00000000 00:00 0 
7f2356bef000-7f2356ced000 rw-p 00000000 00:00 0 
7f2356ced000-7f2356cee000 ---p 00000000 00:00 0 
7f2356cee000-7f2358000000 rw-p 00000000 00:00 0 
7f2358000000-7f2358021000 rw-p 00000000 00:00 0 
7f2358021000-7f235c000000 ---p 00000000 00:00 0 
7f235c000000-7f235c021000 rw-p 00000000 00:00 0 
7f235c021000-7f2360000000 ---p 00000000 00:00 0 
7f2360000000-7f2360021000 rw-p 00000000 00:00 0 
7f2360021000-7f2364000000 ---p 00000000 00:00 0 
7f2364006000-7f236505f000 rw-p 00000000 00:00 0 
7f236505f000-7f2365238000 r--s 03d3e000 08:22 3027865                    /usr/lib/jvm/java-8-oracle/jre/lib/rt.jar
7f2365238000-7f23656ee000 rw-p 00000000 00:00 0 
7f23656ee000-7f2365aae000 ---p 00000000 00:00 0 
7f2365aae000-7f2366e4c000 rw-p 00000000 00:00 0 
7f2366e4c000-7f2366e4d000 ---p 00000000 00:00 0 
7f2366e4d000-7f236701f000 rw-p 00000000 00:00 0 
7f236701f000-7f2367c61000 ---p 00000000 00:00 0 
7f2367c61000-7f2367d33000 rw-p 00000000 00:00 0 
7f2367d33000-7f2368975000 ---p 00000000 00:00 0 
7f2368975000-7f23689de000 rw-p 00000000 00:00 0 
7f23689de000-7f2368fff000 ---p 00000000 00:00 0 
7f2368fff000-7f2369000000 rw-p 00000000 00:00 0 
7f2369000000-7f2369270000 rwxp 00000000 00:00 0 
7f2369270000-7f2378000000 ---p 00000000 00:00 0 
7f2378000000-7f2378118000 rw-p 00000000 00:00 0 
7f2378118000-7f237c000000 ---p 00000000 00:00 0 
7f237c01c000-7f237c0ee000 rw-p 00000000 00:00 0 
7f237c0ee000-7f237c0ef000 ---p 00000000 00:00 0 
7f237c0ef000-7f237c1ef000 rw-p 00000000 00:00 0 
7f237c1ef000-7f237c1f0000 ---p 00000000 00:00 0 
7f237c1f0000-7f237c2f0000 rw-p 00000000 00:00 0 
7f237c2f0000-7f237c2f1000 ---p 00000000 00:00 0 
7f237c2f1000-7f237c3f1000 rw-p 00000000 00:00 0 
7f237c3f1000-7f237c3f2000 ---p 00000000 00:00 0 
7f237c3f2000-7f237c4f2000 rw-p 00000000 00:00 0 
7f237c4f2000-7f237c4f3000 ---p 00000000 00:00 0 
7f237c4f3000-7f237c5f3000 rw-p 00000000 00:00 0 
7f237c5f3000-7f237c5f4000 ---p 00000000 00:00 0 
7f237c5f4000-7f237c6f4000 rw-p 00000000 00:00 0 
7f237c6f4000-7f237c6f5000 ---p 00000000 00:00 0 
7f237c6f5000-7f237c7f5000 rw-p 00000000 00:00 0 
7f237c7f5000-7f237c7f6000 ---p 00000000 00:00 0 
7f237c7f6000-7f237c8f6000 rw-p 00000000 00:00 0 
7f237c8f6000-7f237c8f7000 ---p 00000000 00:00 0 
7f237c8f7000-7f237ca01000 rw-p 00000000 00:00 0 
7f237ca01000-7f237cdb7000 ---p 00000000 00:00 0 
7f237cdb7000-7f237cdd1000 r-xp 00000000 08:22 3027599                    /usr/lib/jvm/java-8-oracle/jre/lib/amd64/libzip.so
7f237cdd1000-7f237cfd1000 ---p 0001a000 08:22 3027599                    /usr/lib/jvm/java-8-oracle/jre/lib/amd64/libzip.so
7f237cfd1000-7f237cfd2000 rw-p 0001a000 08:22 3027599                    /usr/lib/jvm/java-8-oracle/jre/lib/amd64/libzip.so
7f237cfd2000-7f237cfdc000 r-xp 00000000 08:22 1979625                    /lib/x86_64-linux-gnu/libnss_files-2.19.so
7f237cfdc000-7f237d1db000 ---p 0000a000 08:22 1979625                    /lib/x86_64-linux-gnu/libnss_files-2.19.so
7f237d1db000-7f237d1dc000 r--p 00009000 08:22 1979625                    /lib/x86_64-linux-gnu/libnss_files-2.19.so
7f237d1dc000-7f237d1dd000 rw-p 0000a000 08:22 1979625                    /lib/x86_64-linux-gnu/libnss_files-2.19.so
7f237d1dd000-7f237d1e8000 r-xp 00000000 08:22 1979602                    /lib/x86_64-linux-gnu/libnss_nis-2.19.so
7f237d1e8000-7f237d3e7000 ---p 0000b000 08:22 1979602                    /lib/x86_64-linux-gnu/libnss_nis-2.19.so
7f237d3e7000-7f237d3e8000 r--p 0000a000 08:22 1979602                    /lib/x86_64-linux-gnu/libnss_nis-2.19.so
7f237d3e8000-7f237d3e9000 rw-p 0000b000 08:22 1979602                    /lib/x86_64-linux-gnu/libnss_nis-2.19.so
7f237d3e9000-7f237d400000 r-xp 00000000 08:22 1979619                    /lib/x86_64-linux-gnu/libnsl-2.19.so
7f237d400000-7f237d5ff000 ---p 00017000 08:22 1979619                    /lib/x86_64-linux-gnu/libnsl-2.19.so
7f237d5ff000-7f237d600000 r--p 00016000 08:22 1979619                    /lib/x86_64-linux-gnu/libnsl-2.19.so
7f237d600000-7f237d601000 rw-p 00017000 08:22 1979619                    /lib/x86_64-linux-gnu/libnsl-2.19.so
7f237d601000-7f237d603000 rw-p 00000000 00:00 0 
7f237d603000-7f237d60c000 r-xp 00000000 08:22 1979617                    /lib/x86_64-linux-gnu/libnss_compat-2.19.so
7f237d60c000-7f237d80b000 ---p 00009000 08:22 1979617                    /lib/x86_64-linux-gnu/libnss_compat-2.19.so
7f237d80b000-7f237d80c000 r--p 00008000 08:22 1979617                    /lib/x86_64-linux-gnu/libnss_compat-2.19.so
7f237d80c000-7f237d80d000 rw-p 00009000 08:22 1979617                    /lib/x86_64-linux-gnu/libnss_compat-2.19.so
7f237d80d000-7f237d838000 r-xp 00000000 08:22 3027604                    /usr/lib/jvm/java-8-oracle/jre/lib/amd64/libjava.so
7f237d838000-7f237da37000 ---p 0002b000 08:22 3027604                    /usr/lib/jvm/java-8-oracle/jre/lib/amd64/libjava.so
7f237da37000-7f237da39000 rw-p 0002a000 08:22 3027604                    /usr/lib/jvm/java-8-oracle/jre/lib/amd64/libjava.so
7f237da39000-7f237da46000 r-xp 00000000 08:22 3027589                    /usr/lib/jvm/java-8-oracle/jre/lib/amd64/libverify.so
7f237da46000-7f237dc45000 ---p 0000d000 08:22 3027589                    /usr/lib/jvm/java-8-oracle/jre/lib/amd64/libverify.so
7f237dc45000-7f237dc47000 rw-p 0000c000 08:22 3027589                    /usr/lib/jvm/java-8-oracle/jre/lib/amd64/libverify.so
7f237dc47000-7f237dc4e000 r-xp 00000000 08:22 1966119                    /lib/x86_64-linux-gnu/librt-2.19.so
7f237dc4e000-7f237de4d000 ---p 00007000 08:22 1966119                    /lib/x86_64-linux-gnu/librt-2.19.so
7f237de4d000-7f237de4e000 r--p 00006000 08:22 1966119                    /lib/x86_64-linux-gnu/librt-2.19.so
7f237de4e000-7f237de4f000 rw-p 00007000 08:22 1966119                    /lib/x86_64-linux-gnu/librt-2.19.so
7f237de4f000-7f237df54000 r-xp 00000000 08:22 1979620                    /lib/x86_64-linux-gnu/libm-2.19.so
7f237df54000-7f237e153000 ---p 00105000 08:22 1979620                    /lib/x86_64-linux-gnu/libm-2.19.so
7f237e153000-7f237e154000 r--p 00104000 08:22 1979620                    /lib/x86_64-linux-gnu/libm-2.19.so
7f237e154000-7f237e155000 rw-p 00105000 08:22 1979620                    /lib/x86_64-linux-gnu/libm-2.19.so
7f237e155000-7f237ee23000 r-xp 00000000 08:22 3027548                    /usr/lib/jvm/java-8-oracle/jre/lib/amd64/server/libjvm.so
7f237ee23000-7f237f023000 ---p 00cce000 08:22 3027548                    /usr/lib/jvm/java-8-oracle/jre/lib/amd64/server/libjvm.so
7f237f023000-7f237f0fc000 rw-p 00cce000 08:22 3027548                    /usr/lib/jvm/java-8-oracle/jre/lib/amd64/server/libjvm.so
7f237f0fc000-7f237f147000 rw-p 00000000 00:00 0 
7f237f147000-7f237f305000 r-xp 00000000 08:22 1979616                    /lib/x86_64-linux-gnu/libc-2.19.so
7f237f305000-7f237f504000 ---p 001be000 08:22 1979616                    /lib/x86_64-linux-gnu/libc-2.19.so
7f237f504000-7f237f508000 r--p 001bd000 08:22 1979616                    /lib/x86_64-linux-gnu/libc-2.19.so
7f237f508000-7f237f50a000 rw-p 001c1000 08:22 1979616                    /lib/x86_64-linux-gnu/libc-2.19.so
7f237f50a000-7f237f50f000 rw-p 00000000 00:00 0 
7f237f50f000-7f237f512000 r-xp 00000000 08:22 1979626                    /lib/x86_64-linux-gnu/libdl-2.19.so
7f237f512000-7f237f711000 ---p 00003000 08:22 1979626                    /lib/x86_64-linux-gnu/libdl-2.19.so
7f237f711000-7f237f712000 r--p 00002000 08:22 1979626                    /lib/x86_64-linux-gnu/libdl-2.19.so
7f237f712000-7f237f713000 rw-p 00003000 08:22 1979626                    /lib/x86_64-linux-gnu/libdl-2.19.so
7f237f713000-7f237f728000 r-xp 00000000 08:22 3020629                    /usr/lib/jvm/java-8-oracle/lib/amd64/jli/libjli.so
7f237f728000-7f237f928000 ---p 00015000 08:22 3020629                    /usr/lib/jvm/java-8-oracle/lib/amd64/jli/libjli.so
7f237f928000-7f237f929000 rw-p 00015000 08:22 3020629                    /usr/lib/jvm/java-8-oracle/lib/amd64/jli/libjli.so
7f237f929000-7f237f942000 r-xp 00000000 08:22 1979627                    /lib/x86_64-linux-gnu/libpthread-2.19.so
7f237f942000-7f237fb41000 ---p 00019000 08:22 1979627                    /lib/x86_64-linux-gnu/libpthread-2.19.so
7f237fb41000-7f237fb42000 r--p 00018000 08:22 1979627                    /lib/x86_64-linux-gnu/libpthread-2.19.so
7f237fb42000-7f237fb43000 rw-p 00019000 08:22 1979627                    /lib/x86_64-linux-gnu/libpthread-2.19.so
7f237fb43000-7f237fb47000 rw-p 00000000 00:00 0 
7f237fb47000-7f237fb6a000 r-xp 00000000 08:22 1979624                    /lib/x86_64-linux-gnu/ld-2.19.so
7f237fb70000-7f237fc36000 rw-p 00000000 00:00 0 
7f237fc36000-7f237fc39000 ---p 00000000 00:00 0 
7f237fc39000-7f237fd3c000 rw-p 00000000 00:00 0 
7f237fd3c000-7f237fd5d000 rw-p 00000000 00:00 0 
7f237fd5d000-7f237fd65000 rw-s 00000000 08:22 405292                     /tmp/hsperfdata_wolverindev/25970 (deleted)
7f237fd65000-7f237fd66000 rw-p 00000000 00:00 0 
7f237fd66000-7f237fd67000 ---p 00000000 00:00 0 
7f237fd67000-7f237fd69000 rw-p 00000000 00:00 0 
7f237fd69000-7f237fd6a000 r--p 00022000 08:22 1979624                    /lib/x86_64-linux-gnu/ld-2.19.so
7f237fd6a000-7f237fd6b000 rw-p 00023000 08:22 1979624                    /lib/x86_64-linux-gnu/ld-2.19.so
7f237fd6b000-7f237fd6c000 rw-p 00000000 00:00 0 
7ffda6d21000-7ffda6d43000 rw-p 00000000 00:00 0                          [stack]
7ffda6d6e000-7ffda6d70000 r--p 00000000 00:00 0                          [vvar]
7ffda6d70000-7ffda6d72000 r-xp 00000000 00:00 0                          [vdso]
ffffffffff600000-ffffffffff601000 r-xp 00000000 00:00 0                  [vsyscall]

VM Arguments:
jvm_args: -Dfile.encoding=UTF-8 
java_command: dev.wolveringer.EasyJNI.Main
java_class_path (initial): /home/wolverindev/git/EasyJNI/EasyJNI-Java/target/classes
Launcher Type: SUN_STANDARD

Environment Variables:
JAVA_HOME=/usr/lib/jvm/java-8-oracle
PATH=/home/wolverindev/bin:/home/wolverindev/bin:/usr/local/sbin:/usr/local/bin:/usr/sbin:/usr/bin:/sbin:/bin:/usr/games:/usr/local/games:/usr/lib/jvm/java-8-oracle/bin:/usr/lib/jvm/java-8-oracle/db/bin:/usr/lib/jvm/java-8-oracle/jre/bin:/home/wolverindev/.rvm/bin:/home/wolverindev/.rvm/bin:/home/wolverindev/.rvm/bin
SHELL=/bin/bash
DISPLAY=:0

Signal Handlers:
SIGSEGV: [libjvm.so+0xac78c0], sa_mask[0]=11111111011111111101111111111110, sa_flags=SA_RESTART|SA_SIGINFO
SIGBUS: [libjvm.so+0xac78c0], sa_mask[0]=11111111011111111101111111111110, sa_flags=SA_RESTART|SA_SIGINFO
SIGFPE: [libjvm.so+0x920ac0], sa_mask[0]=11111111011111111101111111111110, sa_flags=SA_RESTART|SA_SIGINFO
SIGPIPE: [libjvm.so+0x920ac0], sa_mask[0]=11111111011111111101111111111110, sa_flags=SA_RESTART|SA_SIGINFO
SIGXFSZ: [libjvm.so+0x920ac0], sa_mask[0]=11111111011111111101111111111110, sa_flags=SA_RESTART|SA_SIGINFO
SIGILL: [libjvm.so+0x920ac0], sa_mask[0]=11111111011111111101111111111110, sa_flags=SA_RESTART|SA_SIGINFO
SIGUSR1: SIG_DFL, sa_mask[0]=00000000000000000000000000000000, sa_flags=none
SIGUSR2: [libjvm.so+0x922300], sa_mask[0]=00100000000000000000000000000000, sa_flags=SA_RESTART|SA_SIGINFO
SIGHUP: [libjvm.so+0x923700], sa_mask[0]=11111111011111111101111111111110, sa_flags=SA_RESTART|SA_SIGINFO
SIGINT: [libjvm.so+0x923700], sa_mask[0]=11111111011111111101111111111110, sa_flags=SA_RESTART|SA_SIGINFO
SIGTERM: [libjvm.so+0x923700], sa_mask[0]=11111111011111111101111111111110, sa_flags=SA_RESTART|SA_SIGINFO
SIGQUIT: [libjvm.so+0x923700], sa_mask[0]=11111111011111111101111111111110, sa_flags=SA_RESTART|SA_SIGINFO


---------------  S Y S T E M  ---------------

OS:DISTRIB_ID=Ubuntu
DISTRIB_RELEASE=14.04
DISTRIB_CODENAME=trusty
DISTRIB_DESCRIPTION="Ubuntu 14.04.5 LTS"

uname:Linux 4.4.0-66-generic #87~14.04.1-Ubuntu SMP Fri Mar 3 17:32:36 UTC 2017 x86_64
libc:glibc 2.19 NPTL 2.19 
rlimit: STACK 8192k, CORE 0k, NPROC 159720, NOFILE 4096, AS infinity
load average:3,00 2,33 1,76

/proc/meminfo:
MemTotal:       41138200 kB
MemFree:         5662612 kB
MemAvailable:   18962476 kB
Buffers:          939848 kB
Cached:         13602616 kB
SwapCached:            0 kB
Active:         26508108 kB
Inactive:        7289776 kB
Active(anon):   19274508 kB
Inactive(anon):  1594864 kB
Active(file):    7233600 kB
Inactive(file):  5694912 kB
Unevictable:         840 kB
Mlocked:             840 kB
SwapTotal:      41875452 kB
SwapFree:       41875452 kB
Dirty:              3688 kB
Writeback:             0 kB
AnonPages:      19256556 kB
Mapped:          2648712 kB
Shmem:           1613960 kB
Slab:             953884 kB
SReclaimable:     806504 kB
SUnreclaim:       147380 kB
KernelStack:       37216 kB
PageTables:       209028 kB
NFS_Unstable:          0 kB
Bounce:                0 kB
WritebackTmp:          0 kB
CommitLimit:    62444552 kB
Committed_AS:   48315324 kB
VmallocTotal:   34359738367 kB
VmallocUsed:           0 kB
VmallocChunk:          0 kB
HardwareCorrupted:     0 kB
AnonHugePages:   6596608 kB
CmaTotal:              0 kB
CmaFree:               0 kB
HugePages_Total:       0
HugePages_Free:        0
HugePages_Rsvd:        0
HugePages_Surp:        0
Hugepagesize:       2048 kB
DirectMap4k:     2358948 kB
DirectMap2M:    19595264 kB
DirectMap1G:    22020096 kB


CPU:total 12 (6 cores per cpu, 2 threads per core) family 6 model 62 stepping 4, cmov, cx8, fxsr, mmx, sse, sse2, sse3, ssse3, sse4.1, sse4.2, popcnt, avx, aes, clmul, erms, ht, tsc, tscinvbit

/proc/cpuinfo:
processor	: 0
vendor_id	: GenuineIntel
cpu family	: 6
model		: 62
model name	: Intel(R) Core(TM) i7-4960X CPU @ 3.60GHz
stepping	: 4
microcode	: 0x416
cpu MHz		: 3600.000
cache size	: 15360 KB
physical id	: 0
siblings	: 12
core id		: 0
cpu cores	: 6
apicid		: 0
initial apicid	: 0
fpu		: yes
fpu_exception	: yes
cpuid level	: 13
wp		: yes
flags		: fpu vme de pse tsc msr pae mce cx8 apic sep mtrr pge mca cmov pat pse36 clflush dts acpi mmx fxsr sse sse2 ss ht tm pbe syscall nx pdpe1gb rdtscp lm constant_tsc arch_perfmon pebs bts rep_good nopl xtopology nonstop_tsc aperfmperf eagerfpu pni pclmulqdq dtes64 monitor ds_cpl vmx est tm2 ssse3 cx16 xtpr pdcm pcid dca sse4_1 sse4_2 x2apic popcnt tsc_deadline_timer aes xsave avx f16c rdrand lahf_lm epb tpr_shadow vnmi flexpriority ept vpid fsgsbase smep erms xsaveopt dtherm ida arat pln pts
bugs		:
bogomips	: 7204.52
clflush size	: 64
cache_alignment	: 64
address sizes	: 46 bits physical, 48 bits virtual
power management:

processor	: 1
vendor_id	: GenuineIntel
cpu family	: 6
model		: 62
model name	: Intel(R) Core(TM) i7-4960X CPU @ 3.60GHz
stepping	: 4
microcode	: 0x416
cpu MHz		: 3600.000
cache size	: 15360 KB
physical id	: 0
siblings	: 12
core id		: 1
cpu cores	: 6
apicid		: 2
initial apicid	: 2
fpu		: yes
fpu_exception	: yes
cpuid level	: 13
wp		: yes
flags		: fpu vme de pse tsc msr pae mce cx8 apic sep mtrr pge mca cmov pat pse36 clflush dts acpi mmx fxsr sse sse2 ss ht tm pbe syscall nx pdpe1gb rdtscp lm constant_tsc arch_perfmon pebs bts rep_good nopl xtopology nonstop_tsc aperfmperf eagerfpu pni pclmulqdq dtes64 monitor ds_cpl vmx est tm2 ssse3 cx16 xtpr pdcm pcid dca sse4_1 sse4_2 x2apic popcnt tsc_deadline_timer aes xsave avx f16c rdrand lahf_lm epb tpr_shadow vnmi flexpriority ept vpid fsgsbase smep erms xsaveopt dtherm ida arat pln pts
bugs		:
bogomips	: 7204.52
clflush size	: 64
cache_alignment	: 64
address sizes	: 46 bits physical, 48 bits virtual
power management:

processor	: 2
vendor_id	: GenuineIntel
cpu family	: 6
model		: 62
model name	: Intel(R) Core(TM) i7-4960X CPU @ 3.60GHz
stepping	: 4
microcode	: 0x416
cpu MHz		: 3599.859
cache size	: 15360 KB
physical id	: 0
siblings	: 12
core id		: 2
cpu cores	: 6
apicid		: 4
initial apicid	: 4
fpu		: yes
fpu_exception	: yes
cpuid level	: 13
wp		: yes
flags		: fpu vme de pse tsc msr pae mce cx8 apic sep mtrr pge mca cmov pat pse36 clflush dts acpi mmx fxsr sse sse2 ss ht tm pbe syscall nx pdpe1gb rdtscp lm constant_tsc arch_perfmon pebs bts rep_good nopl xtopology nonstop_tsc aperfmperf eagerfpu pni pclmulqdq dtes64 monitor ds_cpl vmx est tm2 ssse3 cx16 xtpr pdcm pcid dca sse4_1 sse4_2 x2apic popcnt tsc_deadline_timer aes xsave avx f16c rdrand lahf_lm epb tpr_shadow vnmi flexpriority ept vpid fsgsbase smep erms xsaveopt dtherm ida arat pln pts
bugs		:
bogomips	: 7204.52
clflush size	: 64
cache_alignment	: 64
address sizes	: 46 bits physical, 48 bits virtual
power management:

processor	: 3
vendor_id	: GenuineIntel
cpu family	: 6
model		: 62
model name	: Intel(R) Core(TM) i7-4960X CPU @ 3.60GHz
stepping	: 4
microcode	: 0x416
cpu MHz		: 3599.859
cache size	: 15360 KB
physical id	: 0
siblings	: 12
core id		: 3
cpu cores	: 6
apicid		: 6
initial apicid	: 6
fpu		: yes
fpu_exception	: yes
cpuid level	: 13
wp		: yes
flags		: fpu vme de pse tsc msr pae mce cx8 apic sep mtrr pge mca cmov pat pse36 clflush dts acpi mmx fxsr sse sse2 ss ht tm pbe syscall nx pdpe1gb rdtscp lm constant_tsc arch_perfmon pebs bts rep_good nopl xtopology nonstop_tsc aperfmperf eagerfpu pni pclmulqdq dtes64 monitor ds_cpl vmx est tm2 ssse3 cx16 xtpr pdcm pcid dca sse4_1 sse4_2 x2apic popcnt tsc_deadline_timer aes xsave avx f16c rdrand lahf_lm epb tpr_shadow vnmi flexpriority ept vpid fsgsbase smep erms xsaveopt dtherm ida arat pln pts
bugs		:
bogomips	: 7204.52
clflush size	: 64
cache_alignment	: 64
address sizes	: 46 bits physical, 48 bits virtual
power management:

processor	: 4
vendor_id	: GenuineIntel
cpu family	: 6
model		: 62
model name	: Intel(R) Core(TM) i7-4960X CPU @ 3.60GHz
stepping	: 4
microcode	: 0x416
cpu MHz		: 3600.000
cache size	: 15360 KB
physical id	: 0
siblings	: 12
core id		: 4
cpu cores	: 6
apicid		: 8
initial apicid	: 8
fpu		: yes
fpu_exception	: yes
cpuid level	: 13
wp		: yes
flags		: fpu vme de pse tsc msr pae mce cx8 apic sep mtrr pge mca cmov pat pse36 clflush dts acpi mmx fxsr sse sse2 ss ht tm pbe syscall nx pdpe1gb rdtscp lm constant_tsc arch_perfmon pebs bts rep_good nopl xtopology nonstop_tsc aperfmperf eagerfpu pni pclmulqdq dtes64 monitor ds_cpl vmx est tm2 ssse3 cx16 xtpr pdcm pcid dca sse4_1 sse4_2 x2apic popcnt tsc_deadline_timer aes xsave avx f16c rdrand lahf_lm epb tpr_shadow vnmi flexpriority ept vpid fsgsbase smep erms xsaveopt dtherm ida arat pln pts
bugs		:
bogomips	: 7204.52
clflush size	: 64
cache_alignment	: 64
address sizes	: 46 bits physical, 48 bits virtual
power management:

processor	: 5
vendor_id	: GenuineIntel
cpu family	: 6
model		: 62
model name	: Intel(R) Core(TM) i7-4960X CPU @ 3.60GHz
stepping	: 4
microcode	: 0x416
cpu MHz		: 3599.859
cache size	: 15360 KB
physical id	: 0
siblings	: 12
core id		: 5
cpu cores	: 6
apicid		: 10
initial apicid	: 10
fpu		: yes
fpu_exception	: yes
cpuid level	: 13
wp		: yes
flags		: fpu vme de pse tsc msr pae mce cx8 apic sep mtrr pge mca cmov pat pse36 clflush dts acpi mmx fxsr sse sse2 ss ht tm pbe syscall nx pdpe1gb rdtscp lm constant_tsc arch_perfmon pebs bts rep_good nopl xtopology nonstop_tsc aperfmperf eagerfpu pni pclmulqdq dtes64 monitor ds_cpl vmx est tm2 ssse3 cx16 xtpr pdcm pcid dca sse4_1 sse4_2 x2apic popcnt tsc_deadline_timer aes xsave avx f16c rdrand lahf_lm epb tpr_shadow vnmi flexpriority ept vpid fsgsbase smep erms xsaveopt dtherm ida arat pln pts
bugs		:
bogomips	: 7204.52
clflush size	: 64
cache_alignment	: 64
address sizes	: 46 bits physical, 48 bits virtual
power management:

processor	: 6
vendor_id	: GenuineIntel
cpu family	: 6
model		: 62
model name	: Intel(R) Core(TM) i7-4960X CPU @ 3.60GHz
stepping	: 4
microcode	: 0x416
cpu MHz		: 3600.000
cache size	: 15360 KB
physical id	: 0
siblings	: 12
core id		: 0
cpu cores	: 6
apicid		: 1
initial apicid	: 1
fpu		: yes
fpu_exception	: yes
cpuid level	: 13
wp		: yes
flags		: fpu vme de pse tsc msr pae mce cx8 apic sep mtrr pge mca cmov pat pse36 clflush dts acpi mmx fxsr sse sse2 ss ht tm pbe syscall nx pdpe1gb rdtscp lm constant_tsc arch_perfmon pebs bts rep_good nopl xtopology nonstop_tsc aperfmperf eagerfpu pni pclmulqdq dtes64 monitor ds_cpl vmx est tm2 ssse3 cx16 xtpr pdcm pcid dca sse4_1 sse4_2 x2apic popcnt tsc_deadline_timer aes xsave avx f16c rdrand lahf_lm epb tpr_shadow vnmi flexpriority ept vpid fsgsbase smep erms xsaveopt dtherm ida arat pln pts
bugs		:
bogomips	: 7204.52
clflush size	: 64
cache_alignment	: 64
address sizes	: 46 bits physical, 48 bits virtual
power management:

processor	: 7
vendor_id	: GenuineIntel
cpu family	: 6
model		: 62
model name	: Intel(R) Core(TM) i7-4960X CPU @ 3.60GHz
stepping	: 4
microcode	: 0x416
cpu MHz		: 3600.000
cache size	: 15360 KB
physical id	: 0
siblings	: 12
core id		: 1
cpu cores	: 6
apicid		: 3
initial apicid	: 3
fpu		: yes
fpu_exception	: yes
cpuid level	: 13
wp		: yes
flags		: fpu vme de pse tsc msr pae mce cx8 apic sep mtrr pge mca cmov pat pse36 clflush dts acpi mmx fxsr sse sse2 ss ht tm pbe syscall nx pdpe1gb rdtscp lm constant_tsc arch_perfmon pebs bts rep_good nopl xtopology nonstop_tsc aperfmperf eagerfpu pni pclmulqdq dtes64 monitor ds_cpl vmx est tm2 ssse3 cx16 xtpr pdcm pcid dca sse4_1 sse4_2 x2apic popcnt tsc_deadline_timer aes xsave avx f16c rdrand lahf_lm epb tpr_shadow vnmi flexpriority ept vpid fsgsbase smep erms xsaveopt dtherm ida arat pln pts
bugs		:
bogomips	: 7204.52
clflush size	: 64
cache_alignment	: 64
address sizes	: 46 bits physical, 48 bits virtual
power management:

processor	: 8
vendor_id	: GenuineIntel
cpu family	: 6
model		: 62
model name	: Intel(R) Core(TM) i7-4960X CPU @ 3.60GHz
stepping	: 4
microcode	: 0x416
cpu MHz		: 3599.859
cache size	: 15360 KB
physical id	: 0
siblings	: 12
core id		: 2
cpu cores	: 6
apicid		: 5
initial apicid	: 5
fpu		: yes
fpu_exception	: yes
cpuid level	: 13
wp		: yes
flags		: fpu vme de pse tsc msr pae mce cx8 apic sep mtrr pge mca cmov pat pse36 clflush dts acpi mmx fxsr sse sse2 ss ht tm pbe syscall nx pdpe1gb rdtscp lm constant_tsc arch_perfmon pebs bts rep_good nopl xtopology nonstop_tsc aperfmperf eagerfpu pni pclmulqdq dtes64 monitor ds_cpl vmx est tm2 ssse3 cx16 xtpr pdcm pcid dca sse4_1 sse4_2 x2apic popcnt tsc_deadline_timer aes xsave avx f16c rdrand lahf_lm epb tpr_shadow vnmi flexpriority ept vpid fsgsbase smep erms xsaveopt dtherm ida arat pln pts
bugs		:
bogomips	: 7204.52
clflush size	: 64
cache_alignment	: 64
address sizes	: 46 bits physical, 48 bits virtual
power management:

processor	: 9
vendor_id	: GenuineIntel
cpu family	: 6
model		: 62
model name	: Intel(R) Core(TM) i7-4960X CPU @ 3.60GHz
stepping	: 4
microcode	: 0x416
cpu MHz		: 3599.859
cache size	: 15360 KB
physical id	: 0
siblings	: 12
core id		: 3
cpu cores	: 6
apicid		: 7
initial apicid	: 7
fpu		: yes
fpu_exception	: yes
cpuid level	: 13
wp		: yes
flags		: fpu vme de pse tsc msr pae mce cx8 apic sep mtrr pge mca cmov pat pse36 clflush dts acpi mmx fxsr sse sse2 ss ht tm pbe syscall nx pdpe1gb rdtscp lm constant_tsc arch_perfmon pebs bts rep_good nopl xtopology nonstop_tsc aperfmperf eagerfpu pni pclmulqdq dtes64 monitor ds_cpl vmx est tm2 ssse3 cx16 xtpr pdcm pcid dca sse4_1 sse4_2 x2apic popcnt tsc_deadline_timer aes xsave avx f16c rdrand lahf_lm epb tpr_shadow vnmi flexpriority ept vpid fsgsbase smep erms xsaveopt dtherm ida arat pln pts
bugs		:
bogomips	: 7204.52
clflush size	: 64
cache_alignment	: 64
address sizes	: 46 bits physical, 48 bits virtual
power management:

processor	: 10
vendor_id	: GenuineIntel
cpu family	: 6
model		: 62
model name	: Intel(R) Core(TM) i7-4960X CPU @ 3.60GHz
stepping	: 4
microcode	: 0x416
cpu MHz		: 3600.562
cache size	: 15360 KB
physical id	: 0
siblings	: 12
core id		: 4
cpu cores	: 6
apicid		: 9
initial apicid	: 9
fpu		: yes
fpu_exception	: yes
cpuid level	: 13
wp		: yes
flags		: fpu vme de pse tsc msr pae mce cx8 apic sep mtrr pge mca cmov pat pse36 clflush dts acpi mmx fxsr sse sse2 ss ht tm pbe syscall nx pdpe1gb rdtscp lm constant_tsc arch_perfmon pebs bts rep_good nopl xtopology nonstop_tsc aperfmperf eagerfpu pni pclmulqdq dtes64 monitor ds_cpl vmx est tm2 ssse3 cx16 xtpr pdcm pcid dca sse4_1 sse4_2 x2apic popcnt tsc_deadline_timer aes xsave avx f16c rdrand lahf_lm epb tpr_shadow vnmi flexpriority ept vpid fsgsbase smep erms xsaveopt dtherm ida arat pln pts
bugs		:
bogomips	: 7204.52
clflush size	: 64
cache_alignment	: 64
address sizes	: 46 bits physical, 48 bits virtual
power management:

processor	: 11
vendor_id	: GenuineIntel
cpu family	: 6
model		: 62
model name	: Intel(R) Core(TM) i7-4960X CPU @ 3.60GHz
stepping	: 4
microcode	: 0x416
cpu MHz		: 3599.859
cache size	: 15360 KB
physical id	: 0
siblings	: 12
core id		: 5
cpu cores	: 6
apicid		: 11
initial apicid	: 11
fpu		: yes
fpu_exception	: yes
cpuid level	: 13
wp		: yes
flags		: fpu vme de pse tsc msr pae mce cx8 apic sep mtrr pge mca cmov pat pse36 clflush dts acpi mmx fxsr sse sse2 ss ht tm pbe syscall nx pdpe1gb rdtscp lm constant_tsc arch_perfmon pebs bts rep_good nopl xtopology nonstop_tsc aperfmperf eagerfpu pni pclmulqdq dtes64 monitor ds_cpl vmx est tm2 ssse3 cx16 xtpr pdcm pcid dca sse4_1 sse4_2 x2apic popcnt tsc_deadline_timer aes xsave avx f16c rdrand lahf_lm epb tpr_shadow vnmi flexpriority ept vpid fsgsbase smep erms xsaveopt dtherm ida arat pln pts
bugs		:
bogomips	: 7204.52
clflush size	: 64
cache_alignment	: 64
address sizes	: 46 bits physical, 48 bits virtual
power management:



Memory: 4k page, physical 41138200k(5662612k free), swap 41875452k(41875452k free)

vm_info: Java HotSpot(TM) 64-Bit Server VM (25.121-b13) for linux-amd64 JRE (1.8.0_121-b13), built on Dec 12 2016 16:36:53 by "java_re" with gcc 4.3.0 20080428 (Red Hat 4.3.0-8)

time: Sat Apr 22 13:06:31 2017
elapsed time: 0 seconds (0d 0h 0m 0s)

