#
# A fatal error has been detected by the Java Runtime Environment:
#
#  SIGSEGV (0xb) at pc=0x00007fd035c82d77, pid=25559, tid=0x00007fd037350700
#
# JRE version: OpenJDK Runtime Environment (8.0_131-b11) (build 1.8.0_131-8u131-b11-0ubuntu1.16.04.2-b11)
# Java VM: OpenJDK 64-Bit Server VM (25.131-b11 mixed mode linux-amd64 compressed oops)
# Problematic frame:
# V  [libjvm.so+0x67bd77]
#
# Failed to write core dump. Core dumps have been disabled. To enable core dumping, try "ulimit -c unlimited" before starting Java again
#
# If you would like to submit a bug report, please visit:
#   http://bugreport.java.com/bugreport/crash.jsp
#

---------------  T H R E A D  ---------------

Current thread (0x00007fd03000a000):  JavaThread "main" [_thread_in_vm, id=25564, stack(0x00007fd037250000,0x00007fd037351000)]

siginfo: si_signo: 11 (SIGSEGV), si_code: 1 (SEGV_MAPERR), si_addr: 0x0000000000000008

Registers:
RAX=0x0000000000000000, RBX=0x00007fd03734f500, RCX=0x00007fd03734f548, RDX=0x00007fd0300076c8
RSP=0x00007fd03734f470, RBP=0x00007fd03734f5f0, RSI=0x00007fd03734f4b0, RDI=0x00007fd03734f500
R8 =0x0000000000000001, R9 =0x00007fd03000a000, R10=0x0000000000000003, R11=0x00007fd01c5cbb88
R12=0x00007fd03734f640, R13=0x00007fd03000a000, R14=0x00007fd03734f540, R15=0x00007fd03734f4c0
RIP=0x00007fd035c82d77, EFLAGS=0x0000000000010206, CSGSFS=0x002b000000000033, ERR=0x0000000000000004
  TRAPNO=0x000000000000000e

Top of Stack: (sp=0x00007fd03734f470)
0x00007fd03734f470:   0000000000000000 0000000000000000
0x00007fd03734f480:   00007fd03406a2a0 00000007c00605c8
0x00007fd03734f490:   00007fd035c916f0 00007fd03000a1e0
0x00007fd03734f4a0:   00007fd03734f4b0 00007fd03734f610
0x00007fd03734f4b0:   0000000000000000 00007fd03000a000
0x00007fd03734f4c0:   0000000000000000 0000000000000000
0x00007fd03734f4d0:   00007fd0300088f0 00007fd0300072e0
0x00007fd03734f4e0:   00007fd0300072f0 00007fd0300076c8
0x00007fd03734f4f0:   00000000000003d8 00007fd030121c28
0x00007fd03734f500:   00007fd01c5cbce8 00007fd03000a000
0x00007fd03734f510:   00007fd01c5cbce8 00007fd03000a000
0x00007fd03734f520:   0000000400000001 0210b4941ecd8600
0x00007fd03734f530:   00007fd00cc4af81 00007fd03000a000
0x00007fd03734f540:   00007fd03000a1e0 00007fd03000a4e0
0x00007fd03734f550:   00007fd03000a000 00007fd03000a000
0x00007fd03734f560:   00007fd03734f5d0 00007fd035c82792
0x00007fd03734f570:   00007fd03000a000 0000000000000000
0x00007fd03734f580:   00000000ffffffff 00007fd0373401a0
0x00007fd03734f590:   00007fd00ca036b0 00007fd03734f548
0x00007fd03734f5a0:   00007fd03734f589 0000000800000001
0x00007fd03734f5b0:   00007fd03734f700 0210b4941ecd8600
0x00007fd03734f5c0:   00007fd03734f9c0 00007fd03000a000
0x00007fd03734f5d0:   00007fd03000a1e0 00007fd030121c28
0x00007fd03734f5e0:   00007fd03734f640 00007fd03734f6f0
0x00007fd03734f5f0:   00007fd03734f6c0 00007fd035c867c2
0x00007fd03734f600:   00007fd03734f7c0 00007fd03007ac88
0x00007fd03734f610:   000000000000000e 00007fd03013fb40
0x00007fd03734f620:   00007fd03000a000 0000000000000000
0x00007fd03734f630:   00007fd03734f7c0 00007fd03716e753
0x00007fd03734f640:   00007fd036464750 00007fd03406a2a0
0x00007fd03734f650:   0000000000000000 0000000000000063
0x00007fd03734f660:   00007fd03734f540 0000003000000018 

Instructions: (pc=0x00007fd035c82d77)
0x00007fd035c82d57:   48 8d 85 c0 fe ff ff 48 89 c6 48 89 85 b0 fe ff
0x00007fd035c82d67:   ff e8 a3 f5 d2 ff 48 8b 85 d0 fe ff ff 48 89 df
0x00007fd035c82d77:   48 8b 40 08 0f b7 48 24 48 8b 40 08 48 8b 74 c8
0x00007fd035c82d87:   50 e8 33 22 30 00 48 8d 05 44 18 7e 00 48 8d 7b 

Register to memory mapping:

RAX=0x0000000000000000 is an unknown value
RBX=0x00007fd03734f500 is pointing into the stack for thread: 0x00007fd03000a000
RCX=0x00007fd03734f548 is pointing into the stack for thread: 0x00007fd03000a000
RDX=0x00007fd0300076c8 is an unknown value
RSP=0x00007fd03734f470 is pointing into the stack for thread: 0x00007fd03000a000
RBP=0x00007fd03734f5f0 is pointing into the stack for thread: 0x00007fd03000a000
RSI=0x00007fd03734f4b0 is pointing into the stack for thread: 0x00007fd03000a000
RDI=0x00007fd03734f500 is pointing into the stack for thread: 0x00007fd03000a000
R8 =0x0000000000000001 is an unknown value
R9 =0x00007fd03000a000 is a thread
R10=0x0000000000000003 is an unknown value
R11=0x00007fd01c5cbb88 is pointing into metadata
R12=0x00007fd03734f640 is pointing into the stack for thread: 0x00007fd03000a000
R13=0x00007fd03000a000 is a thread
R14=0x00007fd03734f540 is pointing into the stack for thread: 0x00007fd03000a000
R15=0x00007fd03734f4c0 is pointing into the stack for thread: 0x00007fd03000a000


Stack: [0x00007fd037250000,0x00007fd037351000],  sp=0x00007fd03734f470,  free space=1021k
Native frames: (J=compiled Java code, j=interpreted, Vv=VM code, C=native code)
V  [libjvm.so+0x67bd77]
V  [libjvm.so+0x67f7c2]
C  [libEasyJNITest.so+0x19bf5]  JNIEnv_::CallVoidMethod(_jobject*, _jmethodID*, ...)+0xc7
C  [libEasyJNITest.so+0x227aa]  JNIMethodeInvoker<void>::callInstance(JavaMethode*)+0x67
C  [libEasyJNITest.so+0x20f83]  JavaMethodeImpl<void>::call()+0x3f
C  [libEasyJNITest.so+0x19481]  testMethode(JNIEnv_*, _jclass*)+0x170
j  dev.wolveringer.EasyJNI.Main.runNativeTests()V+0
j  dev.wolveringer.EasyJNI.Main.main([Ljava/lang/String;)V+19
v  ~StubRoutines::call_stub
V  [libjvm.so+0x66211b]
V  [libjvm.so+0x683e5e]
V  [libjvm.so+0x68678f]
C  [libjli.so+0x3552]
C  [libjli.so+0x73dd]
C  [libpthread.so.0+0x76ba]  start_thread+0xca

Java frames: (J=compiled Java code, j=interpreted, Vv=VM code)
j  dev.wolveringer.EasyJNI.Main.runNativeTests()V+0
j  dev.wolveringer.EasyJNI.Main.main([Ljava/lang/String;)V+19
v  ~StubRoutines::call_stub

---------------  P R O C E S S  ---------------

Java Threads: ( => current thread )
  0x00007fd0300c8000 JavaThread "Service Thread" daemon [_thread_blocked, id=25583, stack(0x00007fd00cf89000,0x00007fd00d08a000)]
  0x00007fd0300c3000 JavaThread "C1 CompilerThread3" daemon [_thread_blocked, id=25582, stack(0x00007fd00d08a000,0x00007fd00d18b000)]
  0x00007fd0300bf000 JavaThread "C2 CompilerThread2" daemon [_thread_blocked, id=25581, stack(0x00007fd00d18b000,0x00007fd00d28c000)]
  0x00007fd0300bd000 JavaThread "C2 CompilerThread1" daemon [_thread_blocked, id=25580, stack(0x00007fd00d28c000,0x00007fd00d38d000)]
  0x00007fd0300ba000 JavaThread "C2 CompilerThread0" daemon [_thread_blocked, id=25579, stack(0x00007fd00d38d000,0x00007fd00d48e000)]
  0x00007fd0300b8000 JavaThread "Signal Dispatcher" daemon [_thread_blocked, id=25578, stack(0x00007fd00d48e000,0x00007fd00d58f000)]
  0x00007fd03008f800 JavaThread "Finalizer" daemon [_thread_blocked, id=25577, stack(0x00007fd00d9e5000,0x00007fd00dae6000)]
  0x00007fd03008b000 JavaThread "Reference Handler" daemon [_thread_blocked, id=25576, stack(0x00007fd00dae6000,0x00007fd00dbe7000)]
=>0x00007fd03000a000 JavaThread "main" [_thread_in_vm, id=25564, stack(0x00007fd037250000,0x00007fd037351000)]

Other Threads:
  0x00007fd030083800 VMThread [stack: 0x00007fd00dbe7000,0x00007fd00dce8000] [id=25575]
  0x00007fd0300ca800 WatcherThread [stack: 0x00007fd00ce88000,0x00007fd00cf89000] [id=25584]

VM state:not at safepoint (normal execution)

VM Mutex/Monitor currently owned by a thread: None

Heap:
 PSYoungGen      total 187392K, used 6430K [0x00000006eec00000, 0x00000006fbd00000, 0x00000007c0000000)
  eden space 160768K, 4% used [0x00000006eec00000,0x00000006ef247b08,0x00000006f8900000)
  from space 26624K, 0% used [0x00000006fa300000,0x00000006fa300000,0x00000006fbd00000)
  to   space 26624K, 0% used [0x00000006f8900000,0x00000006f8900000,0x00000006fa300000)
 ParOldGen       total 429056K, used 0K [0x000000054c400000, 0x0000000566700000, 0x00000006eec00000)
  object space 429056K, 0% used [0x000000054c400000,0x000000054c400000,0x0000000566700000)
 Metaspace       used 2568K, capacity 4496K, committed 4864K, reserved 1056768K
  class space    used 271K, capacity 388K, committed 512K, reserved 1048576K

Card table byte_map: [0x00007fd01f486000,0x00007fd020825000] byte_map_base: 0x00007fd01ca24000

Marking Bits: (ParMarkBitMap*) 0x00007fd036527260
 Begin Bits: [0x00007fcfd4620000, 0x00007fcfde310000)
 End Bits:   [0x00007fcfde310000, 0x00007fcfe8000000)

Polling page: 0x00007fd037379000

CodeCache: size=245760Kb used=1089Kb max_used=1089Kb free=244670Kb
 bounds [0x00007fd020be5000, 0x00007fd020e55000, 0x00007fd02fbe5000]
 total_blobs=246 nmethods=17 adapters=145
 compilation: enabled

Compilation events (10 events):
Event: 0,044 Thread 0x00007fd0300c3000   13       3       java.lang.AbstractStringBuilder::append (50 bytes)
Event: 0,045 Thread 0x00007fd0300c3000 nmethod 13 0x00007fd020cf17d0 code [0x00007fd020cf19a0, 0x00007fd020cf20f8]
Event: 0,045 Thread 0x00007fd0300c3000   14       3       java.lang.String::getChars (62 bytes)
Event: 0,045 Thread 0x00007fd0300c3000 nmethod 14 0x00007fd020cf2410 code [0x00007fd020cf25c0, 0x00007fd020cf29f8]
Event: 0,046 Thread 0x00007fd0300c3000   15       3       java.lang.System::getSecurityManager (4 bytes)
Event: 0,046 Thread 0x00007fd0300c3000 nmethod 15 0x00007fd020cf2c10 code [0x00007fd020cf2d60, 0x00007fd020cf2eb0]
Event: 0,046 Thread 0x00007fd0300c3000   16       3       sun.nio.cs.UTF_8$Encoder::encode (359 bytes)
Event: 0,047 Thread 0x00007fd0300c3000 nmethod 16 0x00007fd020cf2f10 code [0x00007fd020cf3100, 0x00007fd020cf3c38]
Event: 0,048 Thread 0x00007fd0300c3000   17       3       java.util.Arrays::copyOfRange (63 bytes)
Event: 0,048 Thread 0x00007fd0300c3000 nmethod 17 0x00007fd020cf4290 code [0x00007fd020cf44a0, 0x00007fd020cf4fd8]

GC Heap History (0 events):
No events

Deoptimization events (0 events):
No events

Internal exceptions (2 events):
Event: 0,015 Thread 0x00007fd03000a000 Exception <a 'java/lang/NoSuchMethodError': Method sun.misc.Unsafe.defineClass(Ljava/lang/String;[BII)Ljava/lang/Class; name or signature does not match> (0x00000006eec07ca8) thrown at [/build/openjdk-8-VTMhfL/openjdk-8-8u131-b11/src/hotspot/src/share/vm/
Event: 0,015 Thread 0x00007fd03000a000 Exception <a 'java/lang/NoSuchMethodError': Method sun.misc.Unsafe.prefetchRead(Ljava/lang/Object;J)V name or signature does not match> (0x00000006eec07f90) thrown at [/build/openjdk-8-VTMhfL/openjdk-8-8u131-b11/src/hotspot/src/share/vm/prims/jni.cpp, lin

Events (10 events):
Event: 0,047 loading class java/nio/charset/CoderResult$2
Event: 0,047 loading class java/nio/charset/CoderResult$2 done
Event: 0,047 loading class dev/wolveringer/EasyJNI/test/TestStaticFields
Event: 0,047 loading class dev/wolveringer/EasyJNI/test/TestStaticFields done
Event: 0,048 loading class dev/wolveringer/EasyJNI/test/instance/InformationHolder
Event: 0,048 loading class dev/wolveringer/EasyJNI/test/instance/InformationHolder done
Event: 0,048 loading class java/util/concurrent/ConcurrentHashMap$ForwardingNode
Event: 0,048 loading class java/util/concurrent/ConcurrentHashMap$ForwardingNode done
Event: 0,048 loading class dev/wolveringer/EasyJNI/test/instance/BasicClass
Event: 0,048 loading class dev/wolveringer/EasyJNI/test/instance/BasicClass done


Dynamic libraries:
00400000-00401000 r-xp 00000000 08:21 1319275                            /usr/lib/jvm/java-8-openjdk-amd64/jre/bin/java
00600000-00601000 r--p 00000000 08:21 1319275                            /usr/lib/jvm/java-8-openjdk-amd64/jre/bin/java
00601000-00602000 rw-p 00001000 08:21 1319275                            /usr/lib/jvm/java-8-openjdk-amd64/jre/bin/java
00b2f000-00b50000 rw-p 00000000 00:00 0                                  [heap]
54c400000-566700000 rw-p 00000000 00:00 0 
566700000-6eec00000 ---p 00000000 00:00 0 
6eec00000-6fbd00000 rw-p 00000000 00:00 0 
6fbd00000-7c0000000 ---p 00000000 00:00 0 
7c0000000-7c0080000 rw-p 00000000 00:00 0 
7c0080000-800000000 ---p 00000000 00:00 0 
7fcfb0000000-7fcfb0021000 rw-p 00000000 00:00 0 
7fcfb0021000-7fcfb4000000 ---p 00000000 00:00 0 
7fcfb4000000-7fcfb4021000 rw-p 00000000 00:00 0 
7fcfb4021000-7fcfb8000000 ---p 00000000 00:00 0 
7fcfb8000000-7fcfb8021000 rw-p 00000000 00:00 0 
7fcfb8021000-7fcfbc000000 ---p 00000000 00:00 0 
7fcfbc000000-7fcfbc02d000 rw-p 00000000 00:00 0 
7fcfbc02d000-7fcfc0000000 ---p 00000000 00:00 0 
7fcfc0000000-7fcfc0056000 rw-p 00000000 00:00 0 
7fcfc0056000-7fcfc4000000 ---p 00000000 00:00 0 
7fcfc4000000-7fcfc4021000 rw-p 00000000 00:00 0 
7fcfc4021000-7fcfc8000000 ---p 00000000 00:00 0 
7fcfc8000000-7fcfc8021000 rw-p 00000000 00:00 0 
7fcfc8021000-7fcfcc000000 ---p 00000000 00:00 0 
7fcfcc000000-7fcfcc021000 rw-p 00000000 00:00 0 
7fcfcc021000-7fcfd0000000 ---p 00000000 00:00 0 
7fcfd0000000-7fcfd0021000 rw-p 00000000 00:00 0 
7fcfd0021000-7fcfd4000000 ---p 00000000 00:00 0 
7fcfd4620000-7fcfe8000000 rw-p 00000000 00:00 0 
7fcfe8000000-7fcfe8021000 rw-p 00000000 00:00 0 
7fcfe8021000-7fcfec000000 ---p 00000000 00:00 0 
7fcfec000000-7fcfec021000 rw-p 00000000 00:00 0 
7fcfec021000-7fcff0000000 ---p 00000000 00:00 0 
7fcff0000000-7fcff0021000 rw-p 00000000 00:00 0 
7fcff0021000-7fcff4000000 ---p 00000000 00:00 0 
7fcff4000000-7fcff4021000 rw-p 00000000 00:00 0 
7fcff4021000-7fcff8000000 ---p 00000000 00:00 0 
7fcff8000000-7fcff8021000 rw-p 00000000 00:00 0 
7fcff8021000-7fcffc000000 ---p 00000000 00:00 0 
7fd000000000-7fd000021000 rw-p 00000000 00:00 0 
7fd000021000-7fd004000000 ---p 00000000 00:00 0 
7fd004000000-7fd004021000 rw-p 00000000 00:00 0 
7fd004021000-7fd008000000 ---p 00000000 00:00 0 
7fd008000000-7fd008021000 rw-p 00000000 00:00 0 
7fd008021000-7fd00c000000 ---p 00000000 00:00 0 
7fd00ca01000-7fd00ca2d000 r-xp 00000000 08:15 26349791                   /home/wolverindev/.CLion2016.2/system/cmake/generated/EasyJNI-edd72901/edd72901/Debug/libEasyJNITest.so
7fd00ca2d000-7fd00cc2c000 ---p 0002c000 08:15 26349791                   /home/wolverindev/.CLion2016.2/system/cmake/generated/EasyJNI-edd72901/edd72901/Debug/libEasyJNITest.so
7fd00cc2c000-7fd00cc2d000 r--p 0002b000 08:15 26349791                   /home/wolverindev/.CLion2016.2/system/cmake/generated/EasyJNI-edd72901/edd72901/Debug/libEasyJNITest.so
7fd00cc2d000-7fd00cc2e000 rw-p 0002c000 08:15 26349791                   /home/wolverindev/.CLion2016.2/system/cmake/generated/EasyJNI-edd72901/edd72901/Debug/libEasyJNITest.so
7fd00cc2e000-7fd00cc51000 r-xp 00000000 08:15 26349787                   /home/wolverindev/.CLion2016.2/system/cmake/generated/EasyJNI-edd72901/edd72901/Debug/libEasyJNI.so
7fd00cc51000-7fd00ce50000 ---p 00023000 08:15 26349787                   /home/wolverindev/.CLion2016.2/system/cmake/generated/EasyJNI-edd72901/edd72901/Debug/libEasyJNI.so
7fd00ce50000-7fd00ce51000 r--p 00022000 08:15 26349787                   /home/wolverindev/.CLion2016.2/system/cmake/generated/EasyJNI-edd72901/edd72901/Debug/libEasyJNI.so
7fd00ce51000-7fd00ce52000 rw-p 00023000 08:15 26349787                   /home/wolverindev/.CLion2016.2/system/cmake/generated/EasyJNI-edd72901/edd72901/Debug/libEasyJNI.so
7fd00ce52000-7fd00ce6d000 r--s 001d6000 08:21 1319197                    /usr/lib/jvm/java-8-openjdk-amd64/jre/lib/ext/nashorn.jar
7fd00ce6d000-7fd00ce88000 r--s 00394000 08:21 1319195                    /usr/lib/jvm/java-8-openjdk-amd64/jre/lib/ext/cldrdata.jar
7fd00ce88000-7fd00ce89000 ---p 00000000 00:00 0 
7fd00ce89000-7fd00cf89000 rw-p 00000000 00:00 0 
7fd00cf89000-7fd00cf8c000 ---p 00000000 00:00 0 
7fd00cf8c000-7fd00d08a000 rw-p 00000000 00:00 0 
7fd00d08a000-7fd00d08d000 ---p 00000000 00:00 0 
7fd00d08d000-7fd00d18b000 rw-p 00000000 00:00 0 
7fd00d18b000-7fd00d18e000 ---p 00000000 00:00 0 
7fd00d18e000-7fd00d28c000 rw-p 00000000 00:00 0 
7fd00d28c000-7fd00d28f000 ---p 00000000 00:00 0 
7fd00d28f000-7fd00d38d000 rw-p 00000000 00:00 0 
7fd00d38d000-7fd00d390000 ---p 00000000 00:00 0 
7fd00d390000-7fd00d48e000 rw-p 00000000 00:00 0 
7fd00d48e000-7fd00d491000 ---p 00000000 00:00 0 
7fd00d491000-7fd00d58f000 rw-p 00000000 00:00 0 
7fd00d58f000-7fd00d9e5000 r--p 00000000 08:21 1180688                    /usr/lib/locale/locale-archive
7fd00d9e5000-7fd00d9e8000 ---p 00000000 00:00 0 
7fd00d9e8000-7fd00dae6000 rw-p 00000000 00:00 0 
7fd00dae6000-7fd00dae9000 ---p 00000000 00:00 0 
7fd00dae9000-7fd00dbe7000 rw-p 00000000 00:00 0 
7fd00dbe7000-7fd00dbe8000 ---p 00000000 00:00 0 
7fd00dbe8000-7fd00fe31000 rw-p 00000000 00:00 0 
7fd00fe31000-7fd010000000 r--s 03c07000 08:21 1319238                    /usr/lib/jvm/java-8-openjdk-amd64/jre/lib/rt.jar
7fd010000000-7fd010021000 rw-p 00000000 00:00 0 
7fd010021000-7fd014000000 ---p 00000000 00:00 0 
7fd014000000-7fd014021000 rw-p 00000000 00:00 0 
7fd014021000-7fd018000000 ---p 00000000 00:00 0 
7fd018000000-7fd018021000 rw-p 00000000 00:00 0 
7fd018021000-7fd01c000000 ---p 00000000 00:00 0 
7fd01c011000-7fd01c60a000 rw-p 00000000 00:00 0 
7fd01c60a000-7fd01c9ca000 ---p 00000000 00:00 0 
7fd01c9ca000-7fd01dd68000 rw-p 00000000 00:00 0 
7fd01dd68000-7fd01dd69000 ---p 00000000 00:00 0 
7fd01dd69000-7fd01de69000 rw-p 00000000 00:00 0 
7fd01de69000-7fd01de6a000 ---p 00000000 00:00 0 
7fd01de6a000-7fd01df6a000 rw-p 00000000 00:00 0 
7fd01df6a000-7fd01df6b000 ---p 00000000 00:00 0 
7fd01df6b000-7fd01e06b000 rw-p 00000000 00:00 0 
7fd01e06b000-7fd01e06c000 ---p 00000000 00:00 0 
7fd01e06c000-7fd01e16c000 rw-p 00000000 00:00 0 
7fd01e16c000-7fd01e16d000 ---p 00000000 00:00 0 
7fd01e16d000-7fd01e26d000 rw-p 00000000 00:00 0 
7fd01e26d000-7fd01e26e000 ---p 00000000 00:00 0 
7fd01e26e000-7fd01e36e000 rw-p 00000000 00:00 0 
7fd01e36e000-7fd01e36f000 ---p 00000000 00:00 0 
7fd01e36f000-7fd01e46f000 rw-p 00000000 00:00 0 
7fd01e46f000-7fd01e470000 ---p 00000000 00:00 0 
7fd01e470000-7fd01e570000 rw-p 00000000 00:00 0 
7fd01e570000-7fd01e571000 ---p 00000000 00:00 0 
7fd01e571000-7fd01e671000 rw-p 00000000 00:00 0 
7fd01e671000-7fd01e672000 ---p 00000000 00:00 0 
7fd01e672000-7fd01e844000 rw-p 00000000 00:00 0 
7fd01e844000-7fd01f486000 ---p 00000000 00:00 0 
7fd01f486000-7fd01f558000 rw-p 00000000 00:00 0 
7fd01f558000-7fd02019a000 ---p 00000000 00:00 0 
7fd02019a000-7fd020203000 rw-p 00000000 00:00 0 
7fd020203000-7fd020824000 ---p 00000000 00:00 0 
7fd020824000-7fd02082f000 rw-p 00000000 00:00 0 
7fd02082f000-7fd020be5000 ---p 00000000 00:00 0 
7fd020be5000-7fd020e55000 rwxp 00000000 00:00 0 
7fd020e55000-7fd02fbe5000 ---p 00000000 00:00 0 
7fd02fbe5000-7fd02fbed000 r-xp 00000000 08:21 1319216                    /usr/lib/jvm/java-8-openjdk-amd64/jre/lib/amd64/libzip.so
7fd02fbed000-7fd02fdec000 ---p 00008000 08:21 1319216                    /usr/lib/jvm/java-8-openjdk-amd64/jre/lib/amd64/libzip.so
7fd02fdec000-7fd02fded000 r--p 00007000 08:21 1319216                    /usr/lib/jvm/java-8-openjdk-amd64/jre/lib/amd64/libzip.so
7fd02fded000-7fd02fdee000 rw-p 00008000 08:21 1319216                    /usr/lib/jvm/java-8-openjdk-amd64/jre/lib/amd64/libzip.so
7fd02fdee000-7fd02fdf9000 r-xp 00000000 08:21 3539034                    /lib/x86_64-linux-gnu/libnss_files-2.23.so
7fd02fdf9000-7fd02fff8000 ---p 0000b000 08:21 3539034                    /lib/x86_64-linux-gnu/libnss_files-2.23.so
7fd02fff8000-7fd02fff9000 r--p 0000a000 08:21 3539034                    /lib/x86_64-linux-gnu/libnss_files-2.23.so
7fd02fff9000-7fd02fffa000 rw-p 0000b000 08:21 3539034                    /lib/x86_64-linux-gnu/libnss_files-2.23.so
7fd02fffa000-7fd030000000 rw-p 00000000 00:00 0 
7fd030000000-7fd030166000 rw-p 00000000 00:00 0 
7fd030166000-7fd034000000 ---p 00000000 00:00 0 
7fd034019000-7fd0340e9000 rw-p 00000000 00:00 0 
7fd0340e9000-7fd0340f4000 r-xp 00000000 08:21 3539027                    /lib/x86_64-linux-gnu/libnss_nis-2.23.so
7fd0340f4000-7fd0342f3000 ---p 0000b000 08:21 3539027                    /lib/x86_64-linux-gnu/libnss_nis-2.23.so
7fd0342f3000-7fd0342f4000 r--p 0000a000 08:21 3539027                    /lib/x86_64-linux-gnu/libnss_nis-2.23.so
7fd0342f4000-7fd0342f5000 rw-p 0000b000 08:21 3539027                    /lib/x86_64-linux-gnu/libnss_nis-2.23.so
7fd0342f5000-7fd03430b000 r-xp 00000000 08:21 3539029                    /lib/x86_64-linux-gnu/libnsl-2.23.so
7fd03430b000-7fd03450a000 ---p 00016000 08:21 3539029                    /lib/x86_64-linux-gnu/libnsl-2.23.so
7fd03450a000-7fd03450b000 r--p 00015000 08:21 3539029                    /lib/x86_64-linux-gnu/libnsl-2.23.so
7fd03450b000-7fd03450c000 rw-p 00016000 08:21 3539029                    /lib/x86_64-linux-gnu/libnsl-2.23.so
7fd03450c000-7fd03450e000 rw-p 00000000 00:00 0 
7fd03450e000-7fd034516000 r-xp 00000000 08:21 3539036                    /lib/x86_64-linux-gnu/libnss_compat-2.23.so
7fd034516000-7fd034715000 ---p 00008000 08:21 3539036                    /lib/x86_64-linux-gnu/libnss_compat-2.23.so
7fd034715000-7fd034716000 r--p 00007000 08:21 3539036                    /lib/x86_64-linux-gnu/libnss_compat-2.23.so
7fd034716000-7fd034717000 rw-p 00008000 08:21 3539036                    /lib/x86_64-linux-gnu/libnss_compat-2.23.so
7fd034717000-7fd034744000 r-xp 00000000 08:21 1319211                    /usr/lib/jvm/java-8-openjdk-amd64/jre/lib/amd64/libjava.so
7fd034744000-7fd034943000 ---p 0002d000 08:21 1319211                    /usr/lib/jvm/java-8-openjdk-amd64/jre/lib/amd64/libjava.so
7fd034943000-7fd034944000 r--p 0002c000 08:21 1319211                    /usr/lib/jvm/java-8-openjdk-amd64/jre/lib/amd64/libjava.so
7fd034944000-7fd034946000 rw-p 0002d000 08:21 1319211                    /usr/lib/jvm/java-8-openjdk-amd64/jre/lib/amd64/libjava.so
7fd034946000-7fd034955000 r-xp 00000000 08:21 1319208                    /usr/lib/jvm/java-8-openjdk-amd64/jre/lib/amd64/libverify.so
7fd034955000-7fd034b54000 ---p 0000f000 08:21 1319208                    /usr/lib/jvm/java-8-openjdk-amd64/jre/lib/amd64/libverify.so
7fd034b54000-7fd034b56000 r--p 0000e000 08:21 1319208                    /usr/lib/jvm/java-8-openjdk-amd64/jre/lib/amd64/libverify.so
7fd034b56000-7fd034b57000 rw-p 00010000 08:21 1319208                    /usr/lib/jvm/java-8-openjdk-amd64/jre/lib/amd64/libverify.so
7fd034b57000-7fd034b5e000 r-xp 00000000 08:21 3539037                    /lib/x86_64-linux-gnu/librt-2.23.so
7fd034b5e000-7fd034d5d000 ---p 00007000 08:21 3539037                    /lib/x86_64-linux-gnu/librt-2.23.so
7fd034d5d000-7fd034d5e000 r--p 00006000 08:21 3539037                    /lib/x86_64-linux-gnu/librt-2.23.so
7fd034d5e000-7fd034d5f000 rw-p 00007000 08:21 3539037                    /lib/x86_64-linux-gnu/librt-2.23.so
7fd034d5f000-7fd034d75000 r-xp 00000000 08:21 3543476                    /lib/x86_64-linux-gnu/libgcc_s.so.1
7fd034d75000-7fd034f74000 ---p 00016000 08:21 3543476                    /lib/x86_64-linux-gnu/libgcc_s.so.1
7fd034f74000-7fd034f75000 r--p 00015000 08:21 3543476                    /lib/x86_64-linux-gnu/libgcc_s.so.1
7fd034f75000-7fd034f76000 rw-p 00016000 08:21 3543476                    /lib/x86_64-linux-gnu/libgcc_s.so.1
7fd034f76000-7fd03507e000 r-xp 00000000 08:21 3539028                    /lib/x86_64-linux-gnu/libm-2.23.so
7fd03507e000-7fd03527d000 ---p 00108000 08:21 3539028                    /lib/x86_64-linux-gnu/libm-2.23.so
7fd03527d000-7fd03527e000 r--p 00107000 08:21 3539028                    /lib/x86_64-linux-gnu/libm-2.23.so
7fd03527e000-7fd03527f000 rw-p 00108000 08:21 3539028                    /lib/x86_64-linux-gnu/libm-2.23.so
7fd03527f000-7fd0353f7000 r-xp 00000000 08:21 1181117                    /usr/lib/x86_64-linux-gnu/libstdc++.so.6.0.22
7fd0353f7000-7fd0355f7000 ---p 00178000 08:21 1181117                    /usr/lib/x86_64-linux-gnu/libstdc++.so.6.0.22
7fd0355f7000-7fd035601000 r--p 00178000 08:21 1181117                    /usr/lib/x86_64-linux-gnu/libstdc++.so.6.0.22
7fd035601000-7fd035603000 rw-p 00182000 08:21 1181117                    /usr/lib/x86_64-linux-gnu/libstdc++.so.6.0.22
7fd035603000-7fd035607000 rw-p 00000000 00:00 0 
7fd035607000-7fd036258000 r-xp 00000000 08:21 1319207                    /usr/lib/jvm/java-8-openjdk-amd64/jre/lib/amd64/server/libjvm.so
7fd036258000-7fd036458000 ---p 00c51000 08:21 1319207                    /usr/lib/jvm/java-8-openjdk-amd64/jre/lib/amd64/server/libjvm.so
7fd036458000-7fd0364eb000 r--p 00c51000 08:21 1319207                    /usr/lib/jvm/java-8-openjdk-amd64/jre/lib/amd64/server/libjvm.so
7fd0364eb000-7fd036514000 rw-p 00ce4000 08:21 1319207                    /usr/lib/jvm/java-8-openjdk-amd64/jre/lib/amd64/server/libjvm.so
7fd036514000-7fd036544000 rw-p 00000000 00:00 0 
7fd036544000-7fd03655c000 r-xp 00000000 08:21 3539041                    /lib/x86_64-linux-gnu/libpthread-2.23.so
7fd03655c000-7fd03675b000 ---p 00018000 08:21 3539041                    /lib/x86_64-linux-gnu/libpthread-2.23.so
7fd03675b000-7fd03675c000 r--p 00017000 08:21 3539041                    /lib/x86_64-linux-gnu/libpthread-2.23.so
7fd03675c000-7fd03675d000 rw-p 00018000 08:21 3539041                    /lib/x86_64-linux-gnu/libpthread-2.23.so
7fd03675d000-7fd036761000 rw-p 00000000 00:00 0 
7fd036761000-7fd036764000 r-xp 00000000 08:21 3538969                    /lib/x86_64-linux-gnu/libdl-2.23.so
7fd036764000-7fd036963000 ---p 00003000 08:21 3538969                    /lib/x86_64-linux-gnu/libdl-2.23.so
7fd036963000-7fd036964000 r--p 00002000 08:21 3538969                    /lib/x86_64-linux-gnu/libdl-2.23.so
7fd036964000-7fd036965000 rw-p 00003000 08:21 3538969                    /lib/x86_64-linux-gnu/libdl-2.23.so
7fd036965000-7fd03697e000 r-xp 00000000 08:21 3543782                    /lib/x86_64-linux-gnu/libz.so.1.2.8
7fd03697e000-7fd036b7d000 ---p 00019000 08:21 3543782                    /lib/x86_64-linux-gnu/libz.so.1.2.8
7fd036b7d000-7fd036b7e000 r--p 00018000 08:21 3543782                    /lib/x86_64-linux-gnu/libz.so.1.2.8
7fd036b7e000-7fd036b7f000 rw-p 00019000 08:21 3543782                    /lib/x86_64-linux-gnu/libz.so.1.2.8
7fd036b7f000-7fd036d3e000 r-xp 00000000 08:21 3539030                    /lib/x86_64-linux-gnu/libc-2.23.so
7fd036d3e000-7fd036f3e000 ---p 001bf000 08:21 3539030                    /lib/x86_64-linux-gnu/libc-2.23.so
7fd036f3e000-7fd036f42000 r--p 001bf000 08:21 3539030                    /lib/x86_64-linux-gnu/libc-2.23.so
7fd036f42000-7fd036f44000 rw-p 001c3000 08:21 3539030                    /lib/x86_64-linux-gnu/libc-2.23.so
7fd036f44000-7fd036f48000 rw-p 00000000 00:00 0 
7fd036f48000-7fd036f55000 r-xp 00000000 08:21 1319223                    /usr/lib/jvm/java-8-openjdk-amd64/jre/lib/amd64/jli/libjli.so
7fd036f55000-7fd037155000 ---p 0000d000 08:21 1319223                    /usr/lib/jvm/java-8-openjdk-amd64/jre/lib/amd64/jli/libjli.so
7fd037155000-7fd037156000 r--p 0000d000 08:21 1319223                    /usr/lib/jvm/java-8-openjdk-amd64/jre/lib/amd64/jli/libjli.so
7fd037156000-7fd037157000 rw-p 0000e000 08:21 1319223                    /usr/lib/jvm/java-8-openjdk-amd64/jre/lib/amd64/jli/libjli.so
7fd037157000-7fd03717d000 r-xp 00000000 08:21 3539031                    /lib/x86_64-linux-gnu/ld-2.23.so
7fd037189000-7fd03718b000 r--s 00008000 08:21 1319192                    /usr/lib/jvm/java-8-openjdk-amd64/jre/lib/ext/sunec.jar
7fd03718b000-7fd037250000 rw-p 00000000 00:00 0 
7fd037250000-7fd037253000 ---p 00000000 00:00 0 
7fd037253000-7fd037356000 rw-p 00000000 00:00 0 
7fd037356000-7fd037359000 r--s 0000f000 08:21 1319194                    /usr/lib/jvm/java-8-openjdk-amd64/jre/lib/ext/icedtea-sound.jar
7fd037359000-7fd037363000 r--s 00116000 08:21 1319196                    /usr/lib/jvm/java-8-openjdk-amd64/jre/lib/ext/localedata.jar
7fd037363000-7fd037364000 r--s 0000a000 08:21 1319189                    /usr/lib/jvm/java-8-openjdk-amd64/jre/lib/ext/jaccess.jar
7fd037364000-7fd037368000 r--s 00037000 08:21 1319190                    /usr/lib/jvm/java-8-openjdk-amd64/jre/lib/ext/sunpkcs11.jar
7fd037368000-7fd03736a000 r--s 00001000 08:21 1319188                    /usr/lib/jvm/java-8-openjdk-amd64/jre/lib/ext/dnsns.jar
7fd03736a000-7fd03736b000 r--s 00010000 08:21 1319191                    /usr/lib/jvm/java-8-openjdk-amd64/jre/lib/ext/zipfs.jar
7fd03736b000-7fd037370000 r--s 0003b000 08:21 1319193                    /usr/lib/jvm/java-8-openjdk-amd64/jre/lib/ext/sunjce_provider.jar
7fd037370000-7fd037378000 rw-s 00000000 08:21 655425                     /tmp/hsperfdata_wolverindev/25559
7fd037378000-7fd037379000 rw-p 00000000 00:00 0 
7fd037379000-7fd03737a000 r--p 00000000 00:00 0 
7fd03737a000-7fd03737c000 rw-p 00000000 00:00 0 
7fd03737c000-7fd03737d000 r--p 00025000 08:21 3539031                    /lib/x86_64-linux-gnu/ld-2.23.so
7fd03737d000-7fd03737e000 rw-p 00026000 08:21 3539031                    /lib/x86_64-linux-gnu/ld-2.23.so
7fd03737e000-7fd03737f000 rw-p 00000000 00:00 0 
7ffed00cd000-7ffed00ee000 rw-p 00000000 00:00 0                          [stack]
7ffed0121000-7ffed0123000 r--p 00000000 00:00 0                          [vvar]
7ffed0123000-7ffed0125000 r-xp 00000000 00:00 0                          [vdso]
ffffffffff600000-ffffffffff601000 r-xp 00000000 00:00 0                  [vsyscall]

VM Arguments:
jvm_args: -Dfile.encoding=UTF-8 
java_command: dev.wolveringer.EasyJNI.Main
java_class_path (initial): /home/wolverindev/git/EasyJNI/EasyJNI-Java/target/classes
Launcher Type: SUN_STANDARD

Environment Variables:
PATH=/home/wolverindev/bin:/home/wolverindev/bin:/usr/local/sbin:/usr/local/bin:/usr/sbin:/usr/bin:/sbin:/bin:/usr/games:/usr/local/games:/snap/bin:/home/wolverindev/.rvm/bin:/home/wolverindev/.rvm/bin
SHELL=/bin/bash
DISPLAY=:0

Signal Handlers:
SIGSEGV: [libjvm.so+0xa67f40], sa_mask[0]=11111111011111111101111111111110, sa_flags=SA_RESTART|SA_SIGINFO
SIGBUS: [libjvm.so+0xa67f40], sa_mask[0]=11111111011111111101111111111110, sa_flags=SA_RESTART|SA_SIGINFO
SIGFPE: [libjvm.so+0x8b0ec0], sa_mask[0]=11111111011111111101111111111110, sa_flags=SA_RESTART|SA_SIGINFO
SIGPIPE: [libjvm.so+0x8b0ec0], sa_mask[0]=11111111011111111101111111111110, sa_flags=SA_RESTART|SA_SIGINFO
SIGXFSZ: [libjvm.so+0x8b0ec0], sa_mask[0]=11111111011111111101111111111110, sa_flags=SA_RESTART|SA_SIGINFO
SIGILL: [libjvm.so+0x8b0ec0], sa_mask[0]=11111111011111111101111111111110, sa_flags=SA_RESTART|SA_SIGINFO
SIGUSR1: SIG_DFL, sa_mask[0]=00000000000000000000000000000000, sa_flags=none
SIGUSR2: [libjvm.so+0x8b0d70], sa_mask[0]=00100000000000000000000000000000, sa_flags=SA_RESTART|SA_SIGINFO
SIGHUP: [libjvm.so+0x8b1240], sa_mask[0]=11111111011111111101111111111110, sa_flags=SA_RESTART|SA_SIGINFO
SIGINT: [libjvm.so+0x8b1240], sa_mask[0]=11111111011111111101111111111110, sa_flags=SA_RESTART|SA_SIGINFO
SIGTERM: [libjvm.so+0x8b1240], sa_mask[0]=11111111011111111101111111111110, sa_flags=SA_RESTART|SA_SIGINFO
SIGQUIT: [libjvm.so+0x8b1240], sa_mask[0]=11111111011111111101111111111110, sa_flags=SA_RESTART|SA_SIGINFO


---------------  S Y S T E M  ---------------

OS:DISTRIB_ID=Ubuntu
DISTRIB_RELEASE=16.04
DISTRIB_CODENAME=xenial
DISTRIB_DESCRIPTION="Ubuntu 16.04.2 LTS"

uname:Linux 4.8.0-52-generic #55~16.04.1-Ubuntu SMP Fri Apr 28 14:36:29 UTC 2017 x86_64
libc:glibc 2.23 NPTL 2.23 
rlimit: STACK 8192k, CORE 0k, NPROC 160488, NOFILE 65536, AS infinity
load average:3,19 2,02 1,93

/proc/meminfo:
MemTotal:       41133816 kB
MemFree:        15527500 kB
MemAvailable:   20125048 kB
Buffers:          807572 kB
Cached:          4736472 kB
SwapCached:            0 kB
Active:         21330344 kB
Inactive:        2972912 kB
Active(anon):   18764332 kB
Inactive(anon):  1066740 kB
Active(file):    2566012 kB
Inactive(file):  1906172 kB
Unevictable:         384 kB
Mlocked:             384 kB
SwapTotal:      41870332 kB
SwapFree:       41870332 kB
Dirty:             19520 kB
Writeback:             0 kB
AnonPages:      17827128 kB
Mapped:          1656100 kB
Shmem:           1071868 kB
Slab:             794636 kB
SReclaimable:     657172 kB
SUnreclaim:       137464 kB
KernelStack:       33344 kB
PageTables:       158252 kB
NFS_Unstable:          0 kB
Bounce:                0 kB
WritebackTmp:          0 kB
CommitLimit:    62437240 kB
Committed_AS:   38358536 kB
VmallocTotal:   34359738367 kB
VmallocUsed:           0 kB
VmallocChunk:          0 kB
HardwareCorrupted:     0 kB
AnonHugePages:   8511488 kB
ShmemHugePages:        0 kB
ShmemPmdMapped:        0 kB
CmaTotal:              0 kB
CmaFree:               0 kB
HugePages_Total:       0
HugePages_Free:        0
HugePages_Rsvd:        0
HugePages_Surp:        0
Hugepagesize:       2048 kB
DirectMap4k:      556852 kB
DirectMap2M:    20344832 kB
DirectMap1G:    23068672 kB


CPU:total 12 (initial active 12) (6 cores per cpu, 2 threads per core) family 6 model 62 stepping 4, cmov, cx8, fxsr, mmx, sse, sse2, sse3, ssse3, sse4.1, sse4.2, popcnt, avx, aes, clmul, erms, ht, tsc, tscinvbit

/proc/cpuinfo:
processor	: 0
vendor_id	: GenuineIntel
cpu family	: 6
model		: 62
model name	: Intel(R) Core(TM) i7-4960X CPU @ 3.60GHz
stepping	: 4
microcode	: 0x416
cpu MHz		: 3707.885
cache size	: 15360 KB
physical id	: 0
siblings	: 12
core id		: 0
cpu cores	: 6
apicid		: 0
initial apicid	: 0
fpu		: yes
fpu_exception	: yes
cpuid level	: 13
wp		: yes
flags		: fpu vme de pse tsc msr pae mce cx8 apic sep mtrr pge mca cmov pat pse36 clflush dts acpi mmx fxsr sse sse2 ss ht tm pbe syscall nx pdpe1gb rdtscp lm constant_tsc arch_perfmon pebs bts rep_good nopl xtopology nonstop_tsc aperfmperf eagerfpu pni pclmulqdq dtes64 monitor ds_cpl vmx est tm2 ssse3 cx16 xtpr pdcm pcid dca sse4_1 sse4_2 x2apic popcnt tsc_deadline_timer aes xsave avx f16c rdrand lahf_lm epb tpr_shadow vnmi flexpriority ept vpid fsgsbase smep erms xsaveopt dtherm ida arat pln pts
bugs		:
bogomips	: 7204.23
clflush size	: 64
cache_alignment	: 64
address sizes	: 46 bits physical, 48 bits virtual
power management:

processor	: 1
vendor_id	: GenuineIntel
cpu family	: 6
model		: 62
model name	: Intel(R) Core(TM) i7-4960X CPU @ 3.60GHz
stepping	: 4
microcode	: 0x416
cpu MHz		: 3713.159
cache size	: 15360 KB
physical id	: 0
siblings	: 12
core id		: 1
cpu cores	: 6
apicid		: 2
initial apicid	: 2
fpu		: yes
fpu_exception	: yes
cpuid level	: 13
wp		: yes
flags		: fpu vme de pse tsc msr pae mce cx8 apic sep mtrr pge mca cmov pat pse36 clflush dts acpi mmx fxsr sse sse2 ss ht tm pbe syscall nx pdpe1gb rdtscp lm constant_tsc arch_perfmon pebs bts rep_good nopl xtopology nonstop_tsc aperfmperf eagerfpu pni pclmulqdq dtes64 monitor ds_cpl vmx est tm2 ssse3 cx16 xtpr pdcm pcid dca sse4_1 sse4_2 x2apic popcnt tsc_deadline_timer aes xsave avx f16c rdrand lahf_lm epb tpr_shadow vnmi flexpriority ept vpid fsgsbase smep erms xsaveopt dtherm ida arat pln pts
bugs		:
bogomips	: 7204.23
clflush size	: 64
cache_alignment	: 64
address sizes	: 46 bits physical, 48 bits virtual
power management:

processor	: 2
vendor_id	: GenuineIntel
cpu family	: 6
model		: 62
model name	: Intel(R) Core(TM) i7-4960X CPU @ 3.60GHz
stepping	: 4
microcode	: 0x416
cpu MHz		: 3736.230
cache size	: 15360 KB
physical id	: 0
siblings	: 12
core id		: 2
cpu cores	: 6
apicid		: 4
initial apicid	: 4
fpu		: yes
fpu_exception	: yes
cpuid level	: 13
wp		: yes
flags		: fpu vme de pse tsc msr pae mce cx8 apic sep mtrr pge mca cmov pat pse36 clflush dts acpi mmx fxsr sse sse2 ss ht tm pbe syscall nx pdpe1gb rdtscp lm constant_tsc arch_perfmon pebs bts rep_good nopl xtopology nonstop_tsc aperfmperf eagerfpu pni pclmulqdq dtes64 monitor ds_cpl vmx est tm2 ssse3 cx16 xtpr pdcm pcid dca sse4_1 sse4_2 x2apic popcnt tsc_deadline_timer aes xsave avx f16c rdrand lahf_lm epb tpr_shadow vnmi flexpriority ept vpid fsgsbase smep erms xsaveopt dtherm ida arat pln pts
bugs		:
bogomips	: 7204.23
clflush size	: 64
cache_alignment	: 64
address sizes	: 46 bits physical, 48 bits virtual
power management:

processor	: 3
vendor_id	: GenuineIntel
cpu family	: 6
model		: 62
model name	: Intel(R) Core(TM) i7-4960X CPU @ 3.60GHz
stepping	: 4
microcode	: 0x416
cpu MHz		: 3699.975
cache size	: 15360 KB
physical id	: 0
siblings	: 12
core id		: 3
cpu cores	: 6
apicid		: 6
initial apicid	: 6
fpu		: yes
fpu_exception	: yes
cpuid level	: 13
wp		: yes
flags		: fpu vme de pse tsc msr pae mce cx8 apic sep mtrr pge mca cmov pat pse36 clflush dts acpi mmx fxsr sse sse2 ss ht tm pbe syscall nx pdpe1gb rdtscp lm constant_tsc arch_perfmon pebs bts rep_good nopl xtopology nonstop_tsc aperfmperf eagerfpu pni pclmulqdq dtes64 monitor ds_cpl vmx est tm2 ssse3 cx16 xtpr pdcm pcid dca sse4_1 sse4_2 x2apic popcnt tsc_deadline_timer aes xsave avx f16c rdrand lahf_lm epb tpr_shadow vnmi flexpriority ept vpid fsgsbase smep erms xsaveopt dtherm ida arat pln pts
bugs		:
bogomips	: 7204.23
clflush size	: 64
cache_alignment	: 64
address sizes	: 46 bits physical, 48 bits virtual
power management:

processor	: 4
vendor_id	: GenuineIntel
cpu family	: 6
model		: 62
model name	: Intel(R) Core(TM) i7-4960X CPU @ 3.60GHz
stepping	: 4
microcode	: 0x416
cpu MHz		: 3702.392
cache size	: 15360 KB
physical id	: 0
siblings	: 12
core id		: 4
cpu cores	: 6
apicid		: 8
initial apicid	: 8
fpu		: yes
fpu_exception	: yes
cpuid level	: 13
wp		: yes
flags		: fpu vme de pse tsc msr pae mce cx8 apic sep mtrr pge mca cmov pat pse36 clflush dts acpi mmx fxsr sse sse2 ss ht tm pbe syscall nx pdpe1gb rdtscp lm constant_tsc arch_perfmon pebs bts rep_good nopl xtopology nonstop_tsc aperfmperf eagerfpu pni pclmulqdq dtes64 monitor ds_cpl vmx est tm2 ssse3 cx16 xtpr pdcm pcid dca sse4_1 sse4_2 x2apic popcnt tsc_deadline_timer aes xsave avx f16c rdrand lahf_lm epb tpr_shadow vnmi flexpriority ept vpid fsgsbase smep erms xsaveopt dtherm ida arat pln pts
bugs		:
bogomips	: 7204.23
clflush size	: 64
cache_alignment	: 64
address sizes	: 46 bits physical, 48 bits virtual
power management:

processor	: 5
vendor_id	: GenuineIntel
cpu family	: 6
model		: 62
model name	: Intel(R) Core(TM) i7-4960X CPU @ 3.60GHz
stepping	: 4
microcode	: 0x416
cpu MHz		: 3699.975
cache size	: 15360 KB
physical id	: 0
siblings	: 12
core id		: 5
cpu cores	: 6
apicid		: 10
initial apicid	: 10
fpu		: yes
fpu_exception	: yes
cpuid level	: 13
wp		: yes
flags		: fpu vme de pse tsc msr pae mce cx8 apic sep mtrr pge mca cmov pat pse36 clflush dts acpi mmx fxsr sse sse2 ss ht tm pbe syscall nx pdpe1gb rdtscp lm constant_tsc arch_perfmon pebs bts rep_good nopl xtopology nonstop_tsc aperfmperf eagerfpu pni pclmulqdq dtes64 monitor ds_cpl vmx est tm2 ssse3 cx16 xtpr pdcm pcid dca sse4_1 sse4_2 x2apic popcnt tsc_deadline_timer aes xsave avx f16c rdrand lahf_lm epb tpr_shadow vnmi flexpriority ept vpid fsgsbase smep erms xsaveopt dtherm ida arat pln pts
bugs		:
bogomips	: 7204.23
clflush size	: 64
cache_alignment	: 64
address sizes	: 46 bits physical, 48 bits virtual
power management:

processor	: 6
vendor_id	: GenuineIntel
cpu family	: 6
model		: 62
model name	: Intel(R) Core(TM) i7-4960X CPU @ 3.60GHz
stepping	: 4
microcode	: 0x416
cpu MHz		: 3719.311
cache size	: 15360 KB
physical id	: 0
siblings	: 12
core id		: 0
cpu cores	: 6
apicid		: 1
initial apicid	: 1
fpu		: yes
fpu_exception	: yes
cpuid level	: 13
wp		: yes
flags		: fpu vme de pse tsc msr pae mce cx8 apic sep mtrr pge mca cmov pat pse36 clflush dts acpi mmx fxsr sse sse2 ss ht tm pbe syscall nx pdpe1gb rdtscp lm constant_tsc arch_perfmon pebs bts rep_good nopl xtopology nonstop_tsc aperfmperf eagerfpu pni pclmulqdq dtes64 monitor ds_cpl vmx est tm2 ssse3 cx16 xtpr pdcm pcid dca sse4_1 sse4_2 x2apic popcnt tsc_deadline_timer aes xsave avx f16c rdrand lahf_lm epb tpr_shadow vnmi flexpriority ept vpid fsgsbase smep erms xsaveopt dtherm ida arat pln pts
bugs		:
bogomips	: 7204.23
clflush size	: 64
cache_alignment	: 64
address sizes	: 46 bits physical, 48 bits virtual
power management:

processor	: 7
vendor_id	: GenuineIntel
cpu family	: 6
model		: 62
model name	: Intel(R) Core(TM) i7-4960X CPU @ 3.60GHz
stepping	: 4
microcode	: 0x416
cpu MHz		: 3711.840
cache size	: 15360 KB
physical id	: 0
siblings	: 12
core id		: 1
cpu cores	: 6
apicid		: 3
initial apicid	: 3
fpu		: yes
fpu_exception	: yes
cpuid level	: 13
wp		: yes
flags		: fpu vme de pse tsc msr pae mce cx8 apic sep mtrr pge mca cmov pat pse36 clflush dts acpi mmx fxsr sse sse2 ss ht tm pbe syscall nx pdpe1gb rdtscp lm constant_tsc arch_perfmon pebs bts rep_good nopl xtopology nonstop_tsc aperfmperf eagerfpu pni pclmulqdq dtes64 monitor ds_cpl vmx est tm2 ssse3 cx16 xtpr pdcm pcid dca sse4_1 sse4_2 x2apic popcnt tsc_deadline_timer aes xsave avx f16c rdrand lahf_lm epb tpr_shadow vnmi flexpriority ept vpid fsgsbase smep erms xsaveopt dtherm ida arat pln pts
bugs		:
bogomips	: 7204.23
clflush size	: 64
cache_alignment	: 64
address sizes	: 46 bits physical, 48 bits virtual
power management:

processor	: 8
vendor_id	: GenuineIntel
cpu family	: 6
model		: 62
model name	: Intel(R) Core(TM) i7-4960X CPU @ 3.60GHz
stepping	: 4
microcode	: 0x416
cpu MHz		: 3708.544
cache size	: 15360 KB
physical id	: 0
siblings	: 12
core id		: 2
cpu cores	: 6
apicid		: 5
initial apicid	: 5
fpu		: yes
fpu_exception	: yes
cpuid level	: 13
wp		: yes
flags		: fpu vme de pse tsc msr pae mce cx8 apic sep mtrr pge mca cmov pat pse36 clflush dts acpi mmx fxsr sse sse2 ss ht tm pbe syscall nx pdpe1gb rdtscp lm constant_tsc arch_perfmon pebs bts rep_good nopl xtopology nonstop_tsc aperfmperf eagerfpu pni pclmulqdq dtes64 monitor ds_cpl vmx est tm2 ssse3 cx16 xtpr pdcm pcid dca sse4_1 sse4_2 x2apic popcnt tsc_deadline_timer aes xsave avx f16c rdrand lahf_lm epb tpr_shadow vnmi flexpriority ept vpid fsgsbase smep erms xsaveopt dtherm ida arat pln pts
bugs		:
bogomips	: 7204.23
clflush size	: 64
cache_alignment	: 64
address sizes	: 46 bits physical, 48 bits virtual
power management:

processor	: 9
vendor_id	: GenuineIntel
cpu family	: 6
model		: 62
model name	: Intel(R) Core(TM) i7-4960X CPU @ 3.60GHz
stepping	: 4
microcode	: 0x416
cpu MHz		: 3699.975
cache size	: 15360 KB
physical id	: 0
siblings	: 12
core id		: 3
cpu cores	: 6
apicid		: 7
initial apicid	: 7
fpu		: yes
fpu_exception	: yes
cpuid level	: 13
wp		: yes
flags		: fpu vme de pse tsc msr pae mce cx8 apic sep mtrr pge mca cmov pat pse36 clflush dts acpi mmx fxsr sse sse2 ss ht tm pbe syscall nx pdpe1gb rdtscp lm constant_tsc arch_perfmon pebs bts rep_good nopl xtopology nonstop_tsc aperfmperf eagerfpu pni pclmulqdq dtes64 monitor ds_cpl vmx est tm2 ssse3 cx16 xtpr pdcm pcid dca sse4_1 sse4_2 x2apic popcnt tsc_deadline_timer aes xsave avx f16c rdrand lahf_lm epb tpr_shadow vnmi flexpriority ept vpid fsgsbase smep erms xsaveopt dtherm ida arat pln pts
bugs		:
bogomips	: 7204.23
clflush size	: 64
cache_alignment	: 64
address sizes	: 46 bits physical, 48 bits virtual
power management:

processor	: 10
vendor_id	: GenuineIntel
cpu family	: 6
model		: 62
model name	: Intel(R) Core(TM) i7-4960X CPU @ 3.60GHz
stepping	: 4
microcode	: 0x416
cpu MHz		: 3710.742
cache size	: 15360 KB
physical id	: 0
siblings	: 12
core id		: 4
cpu cores	: 6
apicid		: 9
initial apicid	: 9
fpu		: yes
fpu_exception	: yes
cpuid level	: 13
wp		: yes
flags		: fpu vme de pse tsc msr pae mce cx8 apic sep mtrr pge mca cmov pat pse36 clflush dts acpi mmx fxsr sse sse2 ss ht tm pbe syscall nx pdpe1gb rdtscp lm constant_tsc arch_perfmon pebs bts rep_good nopl xtopology nonstop_tsc aperfmperf eagerfpu pni pclmulqdq dtes64 monitor ds_cpl vmx est tm2 ssse3 cx16 xtpr pdcm pcid dca sse4_1 sse4_2 x2apic popcnt tsc_deadline_timer aes xsave avx f16c rdrand lahf_lm epb tpr_shadow vnmi flexpriority ept vpid fsgsbase smep erms xsaveopt dtherm ida arat pln pts
bugs		:
bogomips	: 7204.23
clflush size	: 64
cache_alignment	: 64
address sizes	: 46 bits physical, 48 bits virtual
power management:

processor	: 11
vendor_id	: GenuineIntel
cpu family	: 6
model		: 62
model name	: Intel(R) Core(TM) i7-4960X CPU @ 3.60GHz
stepping	: 4
microcode	: 0x416
cpu MHz		: 3703.491
cache size	: 15360 KB
physical id	: 0
siblings	: 12
core id		: 5
cpu cores	: 6
apicid		: 11
initial apicid	: 11
fpu		: yes
fpu_exception	: yes
cpuid level	: 13
wp		: yes
flags		: fpu vme de pse tsc msr pae mce cx8 apic sep mtrr pge mca cmov pat pse36 clflush dts acpi mmx fxsr sse sse2 ss ht tm pbe syscall nx pdpe1gb rdtscp lm constant_tsc arch_perfmon pebs bts rep_good nopl xtopology nonstop_tsc aperfmperf eagerfpu pni pclmulqdq dtes64 monitor ds_cpl vmx est tm2 ssse3 cx16 xtpr pdcm pcid dca sse4_1 sse4_2 x2apic popcnt tsc_deadline_timer aes xsave avx f16c rdrand lahf_lm epb tpr_shadow vnmi flexpriority ept vpid fsgsbase smep erms xsaveopt dtherm ida arat pln pts
bugs		:
bogomips	: 7204.23
clflush size	: 64
cache_alignment	: 64
address sizes	: 46 bits physical, 48 bits virtual
power management:



Memory: 4k page, physical 41133816k(15527500k free), swap 41870332k(41870332k free)

vm_info: OpenJDK 64-Bit Server VM (25.131-b11) for linux-amd64 JRE (1.8.0_131-8u131-b11-0ubuntu1.16.04.2-b11), built on May  6 2017 02:45:27 by "buildd" with gcc 5.4.0 20160609

time: Sat May 20 17:57:10 2017
elapsed time: 0 seconds (0d 0h 0m 0s)

